<?xml version="1.0" encoding="utf-8"?><testsuites name="pytest tests"><testsuite name="pytest" errors="0" failures="1" skipped="0" tests="15" time="1.144" timestamp="2026-06-16T23:13:11.170472+00:00" hostname="agent-env-93a69330-f56d-4f3b-acb6-13d1c1667ce0"><testcase classname="backend.tests.test_elite_goalscorers.TestAuthBasic" name="test_demo_login_returns_jwt" time="0.476" /><testcase classname="backend.tests.test_elite_goalscorers.TestSoccerFeed" name="test_soccer_returns_at_least_80_picks" time="0.344" /><testcase classname="backend.tests.test_elite_goalscorers.TestSoccerFeed" name="test_picks_have_required_fields" time="0.000" /><testcase classname="backend.tests.test_elite_goalscorers.TestEliteStrikers" name="test_harry_kane_has_three_markets" time="0.000" /><testcase classname="backend.tests.test_elite_goalscorers.TestEliteStrikers" name="test_haaland_has_three_markets" time="0.000" /><testcase classname="backend.tests.test_elite_goalscorers.TestEliteStrikers" name="test_mbappe_has_three_markets" time="0.000" /><testcase classname="backend.tests.test_elite_goalscorers.TestEliteStrikers" name="test_messi_has_three_markets" time="0.000" /><testcase classname="backend.tests.test_elite_goalscorers.TestEliteStrikers" name="test_ronaldo_has_three_markets" time="0.000" /><testcase classname="backend.tests.test_elite_goalscorers.TestNoRegression" name="test_other_elite_anchors_present[tokens0-Vinicius Junior]" time="0.000" /><testcase classname="backend.tests.test_elite_goalscorers.TestNoRegression" name="test_other_elite_anchors_present[tokens1-Lamine Yamal]" time="0.000" /><testcase classname="backend.tests.test_elite_goalscorers.TestNoRegression" name="test_other_elite_anchors_present[tokens2-Jamal Musiala]" time="0.000" /><testcase classname="backend.tests.test_elite_goalscorers.TestGoalscorerMarket" name="test_goalscorer_filter_returns_non_empty" time="0.063" /><testcase classname="backend.tests.test_elite_goalscorers.TestStatsElite" name="test_elite_count_at_least_30" time="0.051"><failure message="AssertionError: elite_count=12 &lt; 30&#10;assert 12 &gt;= 30">backend/tests/test_elite_goalscorers.py:236: in test_elite_count_at_least_30
    assert body["elite_count"] &gt;= 30, (
E   AssertionError: elite_count=12 &lt; 30
E   assert 12 &gt;= 30</failure></testcase><testcase classname="backend.tests.test_elite_goalscorers.TestOtherEndpointsAlive" name="test_rollover_no_500" time="0.049" /><testcase classname="backend.tests.test_elite_goalscorers.TestOtherEndpointsAlive" name="test_killer_no_500" time="0.057" /></testsuite></testsuites>