<?xml version="1.0" encoding="utf-8"?><testsuites name="pytest tests"><testsuite name="pytest" errors="0" failures="0" skipped="2" tests="18" time="4.674" timestamp="2026-07-27T02:22:31.599397+00:00" hostname="agent-env-2bd2a12d-e333-4faf-bcf8-e2fdf8442d14"><testcase classname="tests.test_iter97_sharpening.TestEndpointBasics" name="test_picks_today_no_5xx" time="3.054" /><testcase classname="tests.test_iter97_sharpening.TestEndpointBasics" name="test_picks_today_non_empty" time="1.358" /><testcase classname="tests.test_iter97_sharpening.TestEndpointBasics" name="test_cap_diagnostic_admin" time="0.063" /><testcase classname="tests.test_iter97_sharpening.TestMlbKConflictResolver" name="test_no_self_contradict_per_pitcher_per_event" time="0.000" /><testcase classname="tests.test_iter97_sharpening.TestHrrbiMarket" name="test_hrrbi_can_surface_or_no_crash" time="0.000" /><testcase classname="tests.test_iter97_sharpening.TestHrrbiMarket" name="test_hits_market_still_appears" time="0.000" /><testcase classname="tests.test_iter97_sharpening.TestTennisUpsetDetection" name="test_upset_picks_have_positive_odds" time="0.000"><skipped type="pytest.skip" message="No is_upset_pick tennis picks on slate">/app/backend/tests/test_iter97_sharpening.py:152: No is_upset_pick tennis picks on slate</skipped></testcase><testcase classname="tests.test_iter97_sharpening.TestTennisUpsetDetection" name="test_most_tennis_picks_still_favorites" time="0.000" /><testcase classname="tests.test_iter97_sharpening.TestMlbKProbabilityUnit" name="test_import_module" time="0.001" /><testcase classname="tests.test_iter97_sharpening.TestMlbKProbabilityUnit" name="test_insufficient_signals_rejected" time="0.059" /><testcase classname="tests.test_iter97_sharpening.TestMlbKProbabilityUnit" name="test_full_data_over_side_high_prob_emits" time="0.000" /><testcase classname="tests.test_iter97_sharpening.TestMlbKProbabilityUnit" name="test_odds_too_chalky_rejected" time="0.000" /><testcase classname="tests.test_iter97_sharpening.TestTennisMathEngineUnit" name="test_import_module" time="0.000" /><testcase classname="tests.test_iter97_sharpening.TestTennisMathEngineUnit" name="test_no_data_returns_low_signal" time="0.000" /><testcase classname="tests.test_iter97_sharpening.TestTennisMathEngineUnit" name="test_elo_gap_produces_baseline" time="0.000" /><testcase classname="tests.test_iter97_sharpening.TestTennisMathEngineUnit" name="test_elo_plus_form_upset_flip" time="0.000" /><testcase classname="tests.test_iter97_sharpening.TestTennisSettler" name="test_settle_tennis_extra_runs" time="0.009"><skipped type="pytest.skip" message="MONGO_URL/DB_NAME not set in env">/app/backend/tests/test_iter97_sharpening.py:271: MONGO_URL/DB_NAME not set in env</skipped></testcase><testcase classname="tests.test_iter97_sharpening.TestBackendLogs" name="test_no_recent_500s" time="0.004" /></testsuite></testsuites>