<?xml version="1.0" encoding="utf-8"?><testsuites name="pytest tests"><testsuite name="pytest" errors="0" failures="0" skipped="0" tests="6" time="7.683" timestamp="2026-07-24T19:56:07.715679+00:00" hostname="agent-env-2bd2a12d-e333-4faf-bcf8-e2fdf8442d14"><testcase classname="backend.tests.test_iter82_line_specific_contradiction.TestDifferentLinesNotContradiction" name="test_over_7_5_vs_under_8_5_both_survive" time="1.997" /><testcase classname="backend.tests.test_iter82_line_specific_contradiction.TestSameLineIsContradiction" name="test_over_6_5_vs_under_6_5_lower_edge_tagged" time="0.015" /><testcase classname="backend.tests.test_iter82_line_specific_contradiction.TestMultiLineOnlySamePairTagged" name="test_multi_line_only_matching_pair" time="0.014" /><testcase classname="backend.tests.test_iter82_line_specific_contradiction.TestLineLessMarketsSafe" name="test_no_raise_and_no_tag_on_lineless" time="0.014" /><testcase classname="backend.tests.test_iter82_line_specific_contradiction.TestMLBEndpointRegression" name="test_mlb_endpoint_200" time="3.056" /><testcase classname="backend.tests.test_iter82_line_specific_contradiction.TestMLBEndpointRegression" name="test_no_same_line_over_under_contradictions_live" time="2.491" /></testsuite></testsuites>