<?xml version="1.0" encoding="utf-8"?><testsuites name="pytest tests"><testsuite name="pytest" errors="0" failures="0" skipped="0" tests="23" time="151.928" timestamp="2026-06-27T02:45:14.127481+00:00" hostname="agent-env-93a69330-f56d-4f3b-acb6-13d1c1667ce0"><testcase classname="tests.test_refactor_phase2_picks_iter62.TestPhase1StaticSmoke" name="test_picks_all" time="0.800" /><testcase classname="tests.test_refactor_phase2_picks_iter62.TestPhase1StaticSmoke" name="test_picks_nrfi_yrfi" time="0.054" /><testcase classname="tests.test_refactor_phase2_picks_iter62.TestPhase1StaticSmoke" name="test_picks_markets_nfl" time="0.049" /><testcase classname="tests.test_refactor_phase2_picks_iter62.TestPhase1StaticSmoke" name="test_refresh_status_pre" time="0.047" /><testcase classname="tests.test_refactor_phase2_picks_iter62.TestUnderOfTheDay" name="test_default" time="0.057" /><testcase classname="tests.test_refactor_phase2_picks_iter62.TestUnderOfTheDay" name="test_sort_param_honored[lock]" time="0.056" /><testcase classname="tests.test_refactor_phase2_picks_iter62.TestUnderOfTheDay" name="test_sort_param_honored[time]" time="0.058" /><testcase classname="tests.test_refactor_phase2_picks_iter62.TestUnderOfTheDay" name="test_sort_param_honored[edge]" time="0.058" /><testcase classname="tests.test_refactor_phase2_picks_iter62.TestRollover" name="test_default_shape" time="0.120" /><testcase classname="tests.test_refactor_phase2_picks_iter62.TestSettle" name="test_post_settle_returns_counters" time="148.501" /><testcase classname="tests.test_refactor_phase2_picks_iter62.TestHistory" name="test_history_30d" time="0.440" /><testcase classname="tests.test_refactor_phase2_picks_iter62.TestHistory" name="test_history_rollover_only" time="0.226" /><testcase classname="tests.test_refactor_phase2_picks_iter62.TestPickDetail" name="test_pick_detail" time="0.351" /><testcase classname="tests.test_refactor_phase2_picks_iter62.TestPickDetail" name="test_pick_detail_404" time="0.051" /><testcase classname="tests.test_refactor_phase2_picks_iter62.TestAiExplain" name="test_ai_explain_returns_source" time="0.056" /><testcase classname="tests.test_refactor_phase2_picks_iter62.TestLossAnalysis" name="test_skip_on_pending" time="0.047" /><testcase classname="tests.test_refactor_phase2_picks_iter62.TestProbability" name="test_returns_breakdown" time="0.045" /><testcase classname="tests.test_refactor_phase2_picks_iter62.TestPlayerForm" name="test_404_for_non_goalscorer" time="0.056" /><testcase classname="tests.test_refactor_phase2_picks_iter62.TestPitcherH2H" name="test_404_for_non_mlb_strikeout" time="0.043" /><testcase classname="tests.test_refactor_phase2_picks_iter62.TestSimulation" name="test_supported_sport_or_404" time="0.123" /><testcase classname="tests.test_refactor_phase2_picks_iter62.TestMonolithStillExists" name="test_picks_today_not_captured_by_pick_id" time="0.316" /><testcase classname="tests.test_refactor_phase2_picks_iter62.TestMonolithStillExists" name="test_picks_parlay" time="0.218" /><testcase classname="tests.test_refactor_phase2_picks_iter62.TestMonolithStillExists" name="test_picks_refresh" time="0.051" /></testsuite></testsuites>