<?xml version="1.0" encoding="utf-8"?><testsuites name="pytest tests"><testsuite name="pytest" errors="0" failures="0" skipped="0" tests="10" time="25.229" timestamp="2026-09-08T17:21:19.678294+00:00" hostname="agent-env-94a57b11-1651-4cbd-8cc5-d049697d5eae"><testcase classname="tests.test_iter118_sport_filter_and_seenids_shield.TestAAtdLeaderboardRegression" name="test_atd_leaderboard_200_canonical" time="1.626" /><testcase classname="tests.test_iter118_sport_filter_and_seenids_shield.TestBPicksTodayNFL" name="test_picks_today_authorized" time="22.387" /><testcase classname="tests.test_iter118_sport_filter_and_seenids_shield.TestCSportFilterEndpoint" name="test_force_refresh_unauth_401" time="0.094" /><testcase classname="tests.test_iter118_sport_filter_and_seenids_shield.TestCSportFilterEndpoint" name="test_force_refresh_invalid_sport_400" time="0.089" /><testcase classname="tests.test_iter118_sport_filter_and_seenids_shield.TestCSportFilterEndpoint" name="test_force_refresh_nfl_response_shape" time="0.095" /><testcase classname="tests.test_iter118_sport_filter_and_seenids_shield.TestCSportFilterEndpoint" name="test_endpoint_source_declares_sport_filter" time="0.231" /><testcase classname="tests.test_iter118_sport_filter_and_seenids_shield.TestDAtomicDeleteShieldExemption" name="test_shield_source_includes_seen_ids_exemption" time="0.037" /><testcase classname="tests.test_iter118_sport_filter_and_seenids_shield.TestDAtomicDeleteShieldExemption" name="test_shield_permits_reemitted_row_delete" time="0.006" /><testcase classname="tests.test_iter118_sport_filter_and_seenids_shield.TestEFreshNflEdge" name="test_recent_nfl_picks_have_non_zero_edge" time="0.252" /><testcase classname="tests.test_iter118_sport_filter_and_seenids_shield.TestFSportFilterIsolation" name="test_recent_volume_dominated_by_nfl" time="0.236" /></testsuite></testsuites>