<?xml version="1.0" encoding="utf-8"?><testsuites name="pytest tests"><testsuite name="pytest" errors="0" failures="0" skipped="0" tests="43" time="163.414" timestamp="2026-06-27T03:00:56.126212+00:00" hostname="agent-env-93a69330-f56d-4f3b-acb6-13d1c1667ce0"><testcase classname="backend.tests.test_refactor_phase3_picks_iter63.TestPicksToday" name="test_today_basic_shape" time="1.071" /><testcase classname="backend.tests.test_refactor_phase3_picks_iter63.TestPicksToday" name="test_today_NOT_shadowed_by_pick_id_route" time="0.400" /><testcase classname="backend.tests.test_refactor_phase3_picks_iter63.TestPicksToday" name="test_today_filters[params0]" time="0.402" /><testcase classname="backend.tests.test_refactor_phase3_picks_iter63.TestPicksToday" name="test_today_filters[params1]" time="0.143" /><testcase classname="backend.tests.test_refactor_phase3_picks_iter63.TestPicksToday" name="test_today_filters[params2]" time="0.470" /><testcase classname="backend.tests.test_refactor_phase3_picks_iter63.TestPicksToday" name="test_today_filters[params3]" time="0.164" /><testcase classname="backend.tests.test_refactor_phase3_picks_iter63.TestPicksToday" name="test_today_filters[params4]" time="0.133" /><testcase classname="backend.tests.test_refactor_phase3_picks_iter63.TestPicksToday" name="test_today_filters[params5]" time="0.465" /><testcase classname="backend.tests.test_refactor_phase3_picks_iter63.TestPicksToday" name="test_today_filters[params6]" time="0.402" /><testcase classname="backend.tests.test_refactor_phase3_picks_iter63.TestPicksToday" name="test_today_filters[params7]" time="0.420" /><testcase classname="backend.tests.test_refactor_phase3_picks_iter63.TestPicksToday" name="test_today_filters[params8]" time="0.456" /><testcase classname="backend.tests.test_refactor_phase3_picks_iter63.TestPicksToday" name="test_today_filters[params9]" time="0.470" /><testcase classname="backend.tests.test_refactor_phase3_picks_iter63.TestPicksToday" name="test_today_filters[params10]" time="0.285" /><testcase classname="backend.tests.test_refactor_phase3_picks_iter63.TestPicksToday" name="test_today_filters[params11]" time="0.275" /><testcase classname="backend.tests.test_refactor_phase3_picks_iter63.TestPicksToday" name="test_today_filters[params12]" time="0.412" /><testcase classname="backend.tests.test_refactor_phase3_picks_iter63.TestPicksToday" name="test_today_filters[params13]" time="0.231" /><testcase classname="backend.tests.test_refactor_phase3_picks_iter63.TestPicksToday" name="test_today_events_filter" time="0.116" /><testcase classname="backend.tests.test_refactor_phase3_picks_iter63.TestPicksToday" name="test_today_game_ids_filter" time="0.126" /><testcase classname="backend.tests.test_refactor_phase3_picks_iter63.TestPicksParlay" name="test_parlay_not_shadowed" time="0.335" /><testcase classname="backend.tests.test_refactor_phase3_picks_iter63.TestPicksParlay" name="test_parlay_standard_3legs" time="0.267" /><testcase classname="backend.tests.test_refactor_phase3_picks_iter63.TestPicksParlay" name="test_parlay_high_risk_10legs" time="0.804" /><testcase classname="backend.tests.test_refactor_phase3_picks_iter63.TestPicksParlay" name="test_parlay_advanced_safer" time="0.258" /><testcase classname="backend.tests.test_refactor_phase3_picks_iter63.TestPicksParlay" name="test_parlay_advanced_ev" time="0.306" /><testcase classname="backend.tests.test_refactor_phase3_picks_iter63.TestPicksParlay" name="test_parlay_single_sport_nfl" time="0.101" /><testcase classname="backend.tests.test_refactor_phase3_picks_iter63.TestPicksParlay" name="test_parlay_custom_multi_sport" time="0.254" /><testcase classname="backend.tests.test_refactor_phase3_picks_iter63.TestPicksParlay" name="test_parlay_short_window" time="0.126" /><testcase classname="backend.tests.test_refactor_phase3_picks_iter63.TestPicksParlay" name="test_parlay_locked_ids" time="0.602" /><testcase classname="backend.tests.test_refactor_phase3_picks_iter63.TestPicksParlay" name="test_parlay_rank_cycle" time="0.658" /><testcase classname="backend.tests.test_refactor_phase3_picks_iter63.TestPicksBetKiller" name="test_bet_killer_returns_empty" time="0.117" /><testcase classname="backend.tests.test_refactor_phase3_picks_iter63.TestPicksRefresh" name="test_refresh_soft_rate_limit_flow" time="0.107" /><testcase classname="backend.tests.test_refactor_phase3_picks_iter63.TestPhase12Regression" name="test_get_200[/api/picks/all]" time="0.333" /><testcase classname="backend.tests.test_refactor_phase3_picks_iter63.TestPhase12Regression" name="test_get_200[/api/picks/nrfi-yrfi]" time="0.108" /><testcase classname="backend.tests.test_refactor_phase3_picks_iter63.TestPhase12Regression" name="test_get_200[/api/picks/markets/NFL]" time="0.123" /><testcase classname="backend.tests.test_refactor_phase3_picks_iter63.TestPhase12Regression" name="test_get_200[/api/picks/refresh-status]" time="0.105" /><testcase classname="backend.tests.test_refactor_phase3_picks_iter63.TestPhase12Regression" name="test_get_200[/api/picks/under-of-the-day]" time="0.110" /><testcase classname="backend.tests.test_refactor_phase3_picks_iter63.TestPhase12Regression" name="test_get_200[/api/picks/rollover]" time="0.115" /><testcase classname="backend.tests.test_refactor_phase3_picks_iter63.TestPhase12Regression" name="test_get_200[/api/picks/history?days=7]" time="0.310" /><testcase classname="backend.tests.test_refactor_phase3_picks_iter63.TestPhase12Regression" name="test_post_settle" time="150.961" /><testcase classname="backend.tests.test_refactor_phase3_picks_iter63.TestPickIdRoutes" name="test_pick_detail" time="0.265" /><testcase classname="backend.tests.test_refactor_phase3_picks_iter63.TestPickIdRoutes" name="test_pick_probability" time="0.117" /><testcase classname="backend.tests.test_refactor_phase3_picks_iter63.TestPickIdRoutes" name="test_pick_simulation" time="0.144" /><testcase classname="backend.tests.test_refactor_phase3_picks_iter63.TestPickIdRoutes" name="test_pick_ai_explain" time="0.112" /><testcase classname="backend.tests.test_refactor_phase3_picks_iter63.TestPickIdRoutes" name="test_pick_loss_analysis" time="0.108" /></testsuite></testsuites>