<?xml version="1.0" encoding="utf-8"?><testsuites name="pytest tests"><testsuite name="pytest" errors="0" failures="0" skipped="0" tests="62" time="0.543" timestamp="2026-08-15T07:59:49.862897+00:00" hostname="agent-env-94a57b11-1651-4cbd-8cc5-d049697d5eae"><testcase classname="tests.test_phase2a_calibration_devig.TestSparseEvidenceCalibration" name="test_platinum_scores_use_v3_composite_not_probability_map" time="0.041" /><testcase classname="tests.test_phase2a_calibration_devig.TestSparseEvidenceCalibration" name="test_sparse_evidence_cannot_earn_95_plus_from_probability_alone" time="0.037" /><testcase classname="tests.test_phase2a_calibration_devig.TestSparseEvidenceCalibration" name="test_no_artificial_floor_or_ladder" time="0.005" /><testcase classname="tests.test_phase2a_calibration_devig.TestPreseasonUncertainty" name="test_preseason_prob_shrinks_toward_half_bounded_deterministic" time="0.023" /><testcase classname="tests.test_phase2a_calibration_devig.TestPreseasonUncertainty" name="test_preseason_not_automatically_suppressed" time="0.037" /><testcase classname="tests.test_phase2a_calibration_devig.TestPreseasonUncertainty" name="test_regular_season_does_not_inherit_uncertainty" time="0.037" /><testcase classname="tests.test_phase2a_calibration_devig.TestSimulationDistribution" name="test_quantile_ordering_and_input_sensitivity" time="0.022" /><testcase classname="tests.test_phase2a_calibration_devig.TestDevigCanonicalEdge" name="test_two_way_ml_devig_edge" time="0.000" /><testcase classname="tests.test_phase2a_calibration_devig.TestDevigCanonicalEdge" name="test_three_way_soccer" time="0.001" /><testcase classname="tests.test_phase2a_calibration_devig.TestDevigCanonicalEdge" name="test_missing_opposing_side_raw_fallback" time="0.001" /><testcase classname="tests.test_phase2a_calibration_devig.TestDevigCanonicalEdge" name="test_edge_gate_uses_canonical_devig_edge" time="0.000" /><testcase classname="tests.test_phase2a_calibration_devig.TestDevigCanonicalEdge" name="test_units_are_percent_not_fraction" time="0.001" /><testcase classname="tests.test_phase2a_calibration_devig.TestDevigCanonicalEdge" name="test_mismatched_lines_cannot_devig" time="0.011" /><testcase classname="tests.test_phase2a_calibration_devig.TestNeutralityAfterDevig" name="test_underdog_with_stronger_edge_outranks_favorite" time="0.000" /><testcase classname="tests.test_phase2a_calibration_devig.TestNeutralityAfterDevig" name="test_short_odds_alone_no_high_score" time="0.000" /><testcase classname="tests.test_phase2a_calibration_devig.TestNeutralityAfterDevig" name="test_85_boundary_preserved" time="0.000" /><testcase classname="tests.test_phase1d_gates.TestG1ImpliedFloors" name="test_plus_money_underdog_with_strong_edge_passes" time="0.000" /><testcase classname="tests.test_phase1d_gates.TestG1ImpliedFloors" name="test_short_favorite_with_weak_edge_fails" time="0.000" /><testcase classname="tests.test_phase1d_gates.TestG1ImpliedFloors" name="test_no_automatic_favorite_floor_no_chalk_cap" time="0.000" /><testcase classname="tests.test_phase1d_gates.TestG1ImpliedFloors" name="test_implied_floor_code_retired" time="0.002" /><testcase classname="tests.test_phase1d_gates.TestG2ModelFloors" name="test_sub_58_model_prob_with_positive_edge_passes" time="0.000" /><testcase classname="tests.test_phase1d_gates.TestG2ModelFloors" name="test_mlb_62_floor_retired" time="0.000" /><testcase classname="tests.test_phase1d_gates.TestG2ModelFloors" name="test_truly_negative_edge_still_rejected" time="0.000" /><testcase classname="tests.test_phase1d_gates.TestG3Inflation" name="test_generation_booster_retired" time="0.000" /><testcase classname="tests.test_phase1d_gates.TestG3Inflation" name="test_compute_lock_score_ladder_retired" time="0.002" /><testcase classname="tests.test_phase1d_gates.TestG3Inflation" name="test_no_hardcoded_85_floor_in_build_pick" time="0.002" /><testcase classname="tests.test_phase1d_gates.TestG4BoardRule" name="test_8499_not_eligible" time="0.000" /><testcase classname="tests.test_phase1d_gates.TestG4BoardRule" name="test_8500_eligible" time="0.000" /><testcase classname="tests.test_phase1d_gates.TestG4BoardRule" name="test_8501_eligible" time="0.000" /><testcase classname="tests.test_phase1d_gates.TestG4BoardRule" name="test_query_uses_gte" time="0.000" /><testcase classname="tests.test_phase1d_gates.TestG4BoardRule" name="test_no_sport_specific_publication_floor_remains" time="0.002" /><testcase classname="tests.test_phase1d_gates.TestG5Devig" name="test_two_way_moneyline" time="0.000" /><testcase classname="tests.test_phase1d_gates.TestG5Devig" name="test_three_way_soccer_normalization" time="0.000" /><testcase classname="tests.test_phase1d_gates.TestG5Devig" name="test_missing_opposing_side_telemetried" time="0.000" /><testcase classname="tests.test_phase1d_gates.TestG5Devig" name="test_wired_into_nfl_production_path" time="0.037" /><testcase classname="tests.test_phase1d_gates.TestG6Neutrality" name="test_model_not_odds_sign_chooses_ml_side" time="0.037" /><testcase classname="tests.test_phase1d_gates.TestG6Neutrality" name="test_favorite_wins_when_model_warrants" time="0.037" /><testcase classname="tests.test_phase1d_gates.TestG6Neutrality" name="test_equivalent_edge_symmetry_in_build_pick" time="0.000" /><testcase classname="tests.test_phase1d_gates.TestNFLEvidenceGate" name="test_platinum_candidate_passes_evidence_gate" time="0.001" /><testcase classname="tests.test_phase1d_gates.TestNFLEvidenceGate" name="test_platinum_counts_at_most_two_categories" time="0.000" /><testcase classname="tests.test_phase1d_gates.TestNFLEvidenceGate" name="test_book_price_only_candidate_still_fails" time="0.000" /><testcase classname="tests.test_phase1d_gates.TestNFLEvidenceGate" name="test_nfl_platinum_reaches_scoring_and_gate_end_to_end" time="0.037" /><testcase classname="tests.test_lock_score_chalk_neutral" name="test_plus150_dog_with_strong_evidence_can_reach_strong_lock" time="0.000" /><testcase classname="tests.test_lock_score_chalk_neutral" name="test_minus300_chalk_with_low_edge_capped_below_strong_lock" time="0.000" /><testcase classname="tests.test_lock_score_chalk_neutral" name="test_dog_beats_chalk_when_evidence_is_better" time="0.000" /><testcase classname="tests.test_lock_score_chalk_neutral" name="test_split_factors_hurt_alignment_component" time="0.000" /><testcase classname="tests.test_lock_score_chalk_neutral" name="test_ev_negative_never_reaches_playable_floor" time="0.000" /><testcase classname="tests.test_lock_score_chalk_neutral" name="test_evidence_signals_exposed_in_components" time="0.000" /><testcase classname="tests.test_evidence_phase3_shrinkage" name="test_weight_floor_at_zero_evidence" time="0.000" /><testcase classname="tests.test_evidence_phase3_shrinkage" name="test_weight_full_trust_at_hundred_evidence" time="0.000" /><testcase classname="tests.test_evidence_phase3_shrinkage" name="test_weight_linear_interpolation" time="0.000" /><testcase classname="tests.test_evidence_phase3_shrinkage" name="test_weight_clamps_out_of_range" time="0.000" /><testcase classname="tests.test_evidence_phase3_shrinkage" name="test_apply_shrinkage_pulls_toward_implied_when_low_evidence" time="0.000" /><testcase classname="tests.test_evidence_phase3_shrinkage" name="test_apply_shrinkage_no_pull_when_high_evidence" time="0.000" /><testcase classname="tests.test_evidence_phase3_shrinkage" name="test_apply_shrinkage_balanced_at_medium_evidence" time="0.000" /><testcase classname="tests.test_evidence_phase3_shrinkage" name="test_apply_shrinkage_handles_none_inputs" time="0.000" /><testcase classname="tests.test_evidence_phase3_shrinkage" name="test_apply_shrinkage_clamps_degenerate_implied" time="0.000" /><testcase classname="tests.test_evidence_phase3_shrinkage" name="test_govern_pick_low_evidence_shrinks_hard" time="0.003" /><testcase classname="tests.test_evidence_phase3_shrinkage" name="test_govern_pick_high_evidence_preserves_probability" time="0.000" /><testcase classname="tests.test_evidence_phase3_shrinkage" name="test_govern_pick_idempotent_across_repeated_runs" time="0.000" /><testcase classname="tests.test_evidence_phase3_shrinkage" name="test_govern_pick_audit_trail_populated" time="0.000" /><testcase classname="tests.test_evidence_phase3_shrinkage" name="test_govern_pick_no_implied_falls_back_to_book_odds" time="0.000" /></testsuite></testsuites>