<?xml version="1.0" encoding="utf-8"?><testsuites name="pytest tests"><testsuite name="pytest" errors="0" failures="0" skipped="0" tests="8" time="30.627" timestamp="2026-07-24T21:26:21.606757+00:00" hostname="agent-env-2bd2a12d-e333-4faf-bcf8-e2fdf8442d14"><testcase classname="backend.tests.test_iter86_h2h_enrichment.TestPicksTodayH2HAttach" name="test_mlb_response_perf_and_h2h_summary" time="5.399" /><testcase classname="backend.tests.test_iter86_h2h_enrichment.TestPicksTodayH2HAttach" name="test_soccer_response_perf_and_h2h_summary" time="8.403" /><testcase classname="backend.tests.test_iter86_h2h_enrichment.TestPickH2HEndpoint" name="test_invalid_pick_id_returns_404" time="0.078" /><testcase classname="backend.tests.test_iter86_h2h_enrichment.TestPickH2HEndpoint" name="test_h2h_bundle_shape_per_sport[MLB]" time="4.593" /><testcase classname="backend.tests.test_iter86_h2h_enrichment.TestPickH2HEndpoint" name="test_h2h_bundle_shape_per_sport[Soccer]" time="1.621" /><testcase classname="backend.tests.test_iter86_h2h_enrichment.TestPickH2HEndpoint" name="test_h2h_bundle_shape_per_sport[Tennis]" time="0.258" /><testcase classname="backend.tests.test_iter86_h2h_enrichment.TestPickH2HEndpoint" name="test_h2h_summary_filter_no_zero_zero" time="4.490" /><testcase classname="backend.tests.test_iter86_h2h_enrichment.TestFastModeSkipsMLBExternal" name="test_second_call_is_fast_no_external_recompute" time="5.705" /></testsuite></testsuites>