<?xml version="1.0" encoding="utf-8"?><testsuites name="pytest tests"><testsuite name="pytest" errors="0" failures="1" skipped="0" tests="8" time="8.514" timestamp="2026-08-15T22:23:00.514405+00:00" hostname="agent-env-94a57b11-1651-4cbd-8cc5-d049697d5eae"><testcase classname="tests.test_soccer_regression_runtime" name="test_login_returns_token" time="6.256" /><testcase classname="tests.test_soccer_regression_runtime" name="test_soccer_picks_min_count" time="0.578"><failure message="AssertionError: Soccer regression: got 6 picks, expected &gt;=20&#10;assert 6 &gt;= 20&#10; +  where 6 = len([{'_model_version': None, '_prediction_source': 'snapshot', '_published_at': None, '_snapshot_version': None, ...}, {'_model_version': None, '_prediction_source': 'snapshot', '_published_at': None, '_snapshot_version': None, ...}, {'_model_version': None, '_prediction_source': 'snapshot', '_published_at': None, '_snapshot_version': None, ...}, {'_model_version': None, '_prediction_source': 'snapshot', '_published_at': None, '_snapshot_version': None, ...}, {'_model_version': None, '_prediction_source': 'snapshot', '_published_at': None, '_snapshot_version': None, ...}, {'_model_version': None, '_prediction_source': 'snapshot', '_published_at': None, '_snapshot_version': None, ...}])">tests/test_soccer_regression_runtime.py:63: in test_soccer_picks_min_count
    assert len(soccer_picks) &gt;= 20, (
E   AssertionError: Soccer regression: got 6 picks, expected &gt;=20
E   assert 6 &gt;= 20
E    +  where 6 = len([{'_model_version': None, '_prediction_source': 'snapshot', '_published_at': None, '_snapshot_version': None, ...}, {'_model_version': None, '_prediction_source': 'snapshot', '_published_at': None, '_snapshot_version': None, ...}, {'_model_version': None, '_prediction_source': 'snapshot', '_published_at': None, '_snapshot_version': None, ...}, {'_model_version': None, '_prediction_source': 'snapshot', '_published_at': None, '_snapshot_version': None, ...}, {'_model_version': None, '_prediction_source': 'snapshot', '_published_at': None, '_snapshot_version': None, ...}, {'_model_version': None, '_prediction_source': 'snapshot', '_published_at': None, '_snapshot_version': None, ...}])</failure></testcase><testcase classname="tests.test_soccer_regression_runtime" name="test_soccer_picks_have_required_fields" time="0.000" /><testcase classname="tests.test_soccer_regression_runtime" name="test_cross_book_dedupe_no_duplicates" time="0.000" /><testcase classname="tests.test_soccer_regression_runtime" name="test_bookmaker_quotes_array_present_when_multiple_books" time="0.000" /><testcase classname="tests.test_soccer_regression_runtime" name="test_all_picks_have_commence_time" time="0.000" /><testcase classname="tests.test_soccer_regression_runtime" name="test_h2h_endpoint_returns_valid_status" time="0.955" /><testcase classname="tests.test_soccer_regression_runtime" name="test_market_rank_excludes_self" time="0.619" /></testsuite></testsuites>