<?xml version="1.0" encoding="utf-8"?><testsuites name="pytest tests"><testsuite name="pytest" errors="0" failures="0" skipped="1" tests="9" time="1.289" timestamp="2026-06-24T04:51:04.975671+00:00" hostname="agent-env-93a69330-f56d-4f3b-acb6-13d1c1667ce0"><testcase classname="backend.tests.test_risk_meter_iter48.TestRegressionEndpoints" name="test_picks_today_multi_sport" time="0.682" /><testcase classname="backend.tests.test_risk_meter_iter48.TestRegressionEndpoints" name="test_tennis_markets_tabs" time="0.055" /><testcase classname="backend.tests.test_risk_meter_iter48.TestRegressionEndpoints" name="test_mlb_carveout_hrrbi" time="0.100" /><testcase classname="backend.tests.test_risk_meter_iter48.TestRiskMeterMLBStrikeouts" name="test_simulation_returns_pctl_fields" time="0.072" /><testcase classname="backend.tests.test_risk_meter_iter48.TestRiskMeterMLBDiscovered" name="test_mlb_prop_returns_pctl" time="0.069" /><testcase classname="backend.tests.test_risk_meter_iter48.TestRiskMeterMLBHits" name="test_mlb_hits_pctl" time="0.064" /><testcase classname="backend.tests.test_risk_meter_iter48.TestRiskMeterNBA" name="test_nba_player_prop_pctl" time="0.000"><skipped type="pytest.skip" message="no NBA player-prop on board today">/app/backend/tests/test_risk_meter_iter48.py:207: no NBA player-prop on board today</skipped></testcase><testcase classname="backend.tests.test_risk_meter_iter48.TestRiskMeterNonProp" name="test_soccer_no_pctl" time="0.058" /><testcase classname="backend.tests.test_risk_meter_iter48.TestRiskMeterNonProp" name="test_tennis_no_pctl" time="0.119" /></testsuite></testsuites>