<?xml version="1.0" encoding="utf-8"?><testsuites name="pytest tests"><testsuite name="pytest" errors="0" failures="0" skipped="0" tests="38" time="5.086" timestamp="2026-09-05T02:50:04.027296+00:00" hostname="agent-env-94a57b11-1651-4cbd-8cc5-d049697d5eae"><testcase classname="tests.test_perklocks_main39_slice" name="test_t1_lite_path_skips_build_h2h_bundle" time="0.280" /><testcase classname="tests.test_perklocks_main39_slice" name="test_t2_concurrent_calls_schedule_at_most_one_healer" time="2.815" /><testcase classname="tests.test_perklocks_main39_slice" name="test_t4_fresh_cache_skips_full_health_sweep" time="0.001" /><testcase classname="tests.test_perklocks_main39_slice" name="test_t5_stale_cache_triggers_health_sweep" time="1.843" /><testcase classname="tests.test_perklocks_main_36_rollover_closure" name="test_candidate_only_not_live_frozen_selection" time="0.001" /><testcase classname="tests.test_perklocks_main_36_rollover_closure" name="test_live_frozen_selection_is_membership" time="0.000" /><testcase classname="tests.test_perklocks_main_36_rollover_closure" name="test_reconstructed_history_tag_is_not_live_membership" time="0.000" /><testcase classname="tests.test_perklocks_main_36_rollover_closure" name="test_live_route_imports_shared_selector" time="0.005" /><testcase classname="tests.test_perklocks_main_36_rollover_closure" name="test_selector_is_pure_and_deterministic" time="0.000" /><testcase classname="tests.test_perklocks_main_36_rollover_closure" name="test_canonical_event_id_dedupe_over_display_string" time="0.000" /><testcase classname="tests.test_perklocks_main_36_rollover_closure" name="test_missing_canonical_event_id_falls_back_gracefully" time="0.000" /><testcase classname="tests.test_perklocks_main_36_rollover_closure" name="test_stale_hrr_blacklist_removed" time="0.000" /><testcase classname="tests.test_perklocks_main_36_rollover_closure" name="test_stale_odds_dead_zone_removed" time="0.000" /><testcase classname="tests.test_perklocks_main_36_rollover_closure" name="test_non_settleable_markets_still_banned" time="0.000" /><testcase classname="tests.test_perklocks_main_36_rollover_closure" name="test_no_bare_except_pass_on_canonical_eligibility" time="0.004" /><testcase classname="tests.test_perklocks_main_36_rollover_closure" name="test_selector_returns_zero_when_no_candidate_qualifies" time="0.000" /><testcase classname="tests.test_perklocks_main_36_rollover_closure" name="test_selector_can_return_1_2_or_3" time="0.000" /><testcase classname="tests.test_perklocks_main_36_rollover_closure" name="test_freeze_metadata_includes_selector_version_and_canonical_event" time="0.000" /><testcase classname="tests.test_perklocks_main_36_rollover_closure" name="test_live_route_stamps_canonical_event_id_and_selector_version" time="0.004" /><testcase classname="tests.test_perklocks_main_36_rollover_closure" name="test_only_live_frozen_selections_count_toward_prospective_record" time="0.000" /><testcase classname="tests.test_rollover_history_tagger.TestPassesV4" name="test_baseline_pick_passes" time="0.000" /><testcase classname="tests.test_rollover_history_tagger.TestPassesV4" name="test_lock_below_floor_fails" time="0.000" /><testcase classname="tests.test_rollover_history_tagger.TestPassesV4" name="test_lock_dead_zone_fails" time="0.000" /><testcase classname="tests.test_rollover_history_tagger.TestPassesV4" name="test_wp_below_floor_fails" time="0.000" /><testcase classname="tests.test_rollover_history_tagger.TestPassesV4" name="test_edge_negative_fails" time="0.000" /><testcase classname="tests.test_rollover_history_tagger.TestPassesV4" name="test_edge_over_12_pct_fails_inverted_signal" time="0.000" /><testcase classname="tests.test_rollover_history_tagger.TestPassesV4" name="test_odds_dead_zone_fails" time="0.000" /><testcase classname="tests.test_rollover_history_tagger.TestPassesV4" name="test_super_chalk_fails" time="0.000" /><testcase classname="tests.test_rollover_history_tagger.TestPassesV4" name="test_soccer_goal_scorer_market_blacklisted" time="0.000" /><testcase classname="tests.test_rollover_history_tagger.TestPassesV4" name="test_nrfi_blacklisted" time="0.000" /><testcase classname="tests.test_rollover_history_tagger.TestCompositeScore" name="test_higher_win_prob_ranks_higher" time="0.000" /><testcase classname="tests.test_rollover_history_tagger.TestCompositeScore" name="test_win_or_draw_gets_market_boost" time="0.000" /><testcase classname="tests.test_rollover_history_tagger.TestCompositeScore" name="test_strikeouts_gets_boost" time="0.000" /><testcase classname="tests.test_rollover_history_tagger.TestTopThreeSelection" name="test_returns_exactly_top_three" time="0.000" /><testcase classname="tests.test_rollover_history_tagger.TestTopThreeSelection" name="test_one_pick_per_event" time="0.000" /><testcase classname="tests.test_rollover_history_tagger.TestTopThreeSelection" name="test_blacklisted_markets_excluded" time="0.000" /><testcase classname="tests.test_rollover_history_tagger.TestTopThreeSelection" name="test_empty_slate_returns_empty" time="0.000" /><testcase classname="tests.test_rollover_history_tagger.TestTopThreeSelection" name="test_all_failing_v4_returns_empty" time="0.000" /></testsuite></testsuites>