<?xml version="1.0" encoding="utf-8"?><testsuites name="pytest tests"><testsuite name="pytest" errors="0" failures="1" skipped="0" tests="7" time="4.700" timestamp="2026-07-12T08:48:50.111916+00:00" hostname="agent-env-93a69330-f56d-4f3b-acb6-13d1c1667ce0"><testcase classname="backend.tests.test_telemetry_and_regression" name="test_telemetry_error_valid_no_auth" time="3.396" /><testcase classname="backend.tests.test_telemetry_and_regression" name="test_telemetry_error_persists_and_shows_in_recent" time="0.389" /><testcase classname="backend.tests.test_telemetry_and_regression" name="test_telemetry_recent_limit" time="0.042" /><testcase classname="backend.tests.test_telemetry_and_regression" name="test_telemetry_error_with_auth" time="0.657" /><testcase classname="backend.tests.test_telemetry_and_regression" name="test_regression_auth_login" time="0.000" /><testcase classname="backend.tests.test_telemetry_and_regression" name="test_regression_picks_today" time="0.045"><failure message="AssertionError: picks/today 401: {&quot;detail&quot;:&quot;Could not validate credentials&quot;}&#10;assert 401 == 200&#10; +  where 401 = &lt;Response [401]&gt;.status_code">backend/tests/test_telemetry_and_regression.py:128: in test_regression_picks_today
    assert r.status_code == 200, f"picks/today {r.status_code}: {r.text[:200]}"
E   AssertionError: picks/today 401: {"detail":"Could not validate credentials"}
E   assert 401 == 200
E    +  where 401 = &lt;Response [401]&gt;.status_code</failure></testcase><testcase classname="backend.tests.test_telemetry_and_regression" name="test_regression_version_endpoint" time="0.042" /></testsuite></testsuites>