<?xml version="1.0" encoding="utf-8"?><testsuites name="pytest tests"><testsuite name="pytest" errors="0" failures="0" skipped="0" tests="8" time="24.556" timestamp="2026-07-24T21:14:24.325670+00:00" hostname="agent-env-2bd2a12d-e333-4faf-bcf8-e2fdf8442d14"><testcase classname="backend.tests.test_iter86_h2h_enrichment.TestPicksTodayH2HAttach" name="test_mlb_response_perf_and_h2h_summary" time="3.762" /><testcase classname="backend.tests.test_iter86_h2h_enrichment.TestPicksTodayH2HAttach" name="test_soccer_response_perf_and_h2h_summary" time="6.079" /><testcase classname="backend.tests.test_iter86_h2h_enrichment.TestPickH2HEndpoint" name="test_invalid_pick_id_returns_404" time="0.056" /><testcase classname="backend.tests.test_iter86_h2h_enrichment.TestPickH2HEndpoint" name="test_h2h_bundle_shape_per_sport[MLB]" time="2.562" /><testcase classname="backend.tests.test_iter86_h2h_enrichment.TestPickH2HEndpoint" name="test_h2h_bundle_shape_per_sport[Soccer]" time="2.344" /><testcase classname="backend.tests.test_iter86_h2h_enrichment.TestPickH2HEndpoint" name="test_h2h_bundle_shape_per_sport[Tennis]" time="0.487" /><testcase classname="backend.tests.test_iter86_h2h_enrichment.TestPickH2HEndpoint" name="test_h2h_summary_filter_no_zero_zero" time="4.317" /><testcase classname="backend.tests.test_iter86_h2h_enrichment.TestFastModeSkipsMLBExternal" name="test_second_call_is_fast_no_external_recompute" time="4.854" /></testsuite></testsuites>