<?xml version="1.0" encoding="utf-8"?><testsuites name="pytest tests"><testsuite name="pytest" errors="0" failures="0" skipped="0" tests="14" time="2.289" timestamp="2026-06-24T01:20:42.308654+00:00" hostname="agent-env-93a69330-f56d-4f3b-acb6-13d1c1667ce0"><testcase classname="backend.tests.test_mlb_hitter_carveout_iter45.TestAuth" name="test_login_returns_token" time="0.488" /><testcase classname="backend.tests.test_mlb_hitter_carveout_iter45.TestPicksToday" name="test_default_floor_returns_picks" time="0.213" /><testcase classname="backend.tests.test_mlb_hitter_carveout_iter45.TestPicksToday" name="test_sort_desc_by_lock_score" time="0.189" /><testcase classname="backend.tests.test_mlb_hitter_carveout_iter45.TestPicksToday" name="test_hrrbi_carveout_surfaces" time="0.063" /><testcase classname="backend.tests.test_mlb_hitter_carveout_iter45.TestPicksToday" name="test_mlb_hitter_alt_props_surface" time="0.062" /><testcase classname="backend.tests.test_mlb_hitter_carveout_iter45.TestPicksToday" name="test_mlb_k_carveout_still_works" time="0.067" /><testcase classname="backend.tests.test_mlb_hitter_carveout_iter45.TestMinLockEnforcement" name="test_min_lock_95_hides_below_95" time="0.071" /><testcase classname="backend.tests.test_mlb_hitter_carveout_iter45.TestMinLockEnforcement" name="test_min_lock_95_excludes_hrrbi_at_94" time="0.052" /><testcase classname="backend.tests.test_mlb_hitter_carveout_iter45.TestMinLockEnforcement" name="test_min_lock_default_picks_count_ge_min_lock_95" time="0.282" /><testcase classname="backend.tests.test_mlb_hitter_carveout_iter45.TestSportFilters" name="test_tennis_carveouts" time="0.085" /><testcase classname="backend.tests.test_mlb_hitter_carveout_iter45.TestSportFilters" name="test_soccer_scorer_carveout" time="0.125" /><testcase classname="backend.tests.test_mlb_hitter_carveout_iter45.TestPickDetail" name="test_pick_detail_no_500" time="0.317" /><testcase classname="backend.tests.test_mlb_hitter_carveout_iter45.TestAnalytics" name="test_xg_form_shadow_200" time="0.054" /><testcase classname="backend.tests.test_mlb_hitter_carveout_iter45.TestParlay" name="test_parlay_endpoint_no_5xx" time="0.137" /></testsuite></testsuites>