<?xml version="1.0" encoding="utf-8"?><testsuites name="pytest tests"><testsuite name="pytest" errors="0" failures="0" skipped="0" tests="10" time="16.018" timestamp="2026-09-18T16:17:37.673175+00:00" hostname="agent-env-94a57b11-1651-4cbd-8cc5-d049697d5eae"><testcase classname="tests.test_iter143_probability_authority_http" name="test_shadow_report_unauth_returns_401" time="3.528" /><testcase classname="tests.test_iter143_probability_authority_http" name="test_shadow_report_shape_and_shadow_mode" time="2.579" /><testcase classname="tests.test_iter143_probability_authority_http" name="test_shadow_report_soccer_closure_applied" time="1.832" /><testcase classname="tests.test_iter143_probability_authority_http" name="test_shadow_report_cfb_total_closure" time="1.715" /><testcase classname="tests.test_iter143_probability_authority_http" name="test_refit_returns_families_and_cfb_sigma" time="2.662" /><testcase classname="tests.test_iter143_probability_authority_http" name="test_picks_today_lite_all_lock_ge_85" time="1.854" /><testcase classname="tests.test_iter143_probability_authority_http" name="test_record_pick_unchanged" time="0.988" /><testcase classname="tests.test_iter143_probability_authority_http" name="test_record_pick_hi_available_with_data" time="0.136" /><testcase classname="tests.test_iter143_probability_authority_http" name="test_cfb_over_probability_student_t_range" time="0.615" /><testcase classname="tests.test_iter143_probability_authority_http" name="test_soccer_lineup_out_and_confirmed_evaluate" time="0.002" /></testsuite></testsuites>