<?xml version="1.0" encoding="utf-8"?><testsuites name="pytest tests"><testsuite name="pytest" errors="0" failures="1" skipped="0" tests="178" time="1.986" timestamp="2026-08-16T09:48:29.248828+00:00" hostname="agent-env-94a57b11-1651-4cbd-8cc5-d049697d5eae"><testcase classname="tests.test_phase2_intelligence.TestPitcherKModelRuntime" name="test_model_loads_and_executes_both_sides" time="0.002" /><testcase classname="tests.test_phase2_intelligence.TestPitcherKModelRuntime" name="test_rejections_carry_machine_reason" time="0.000" /><testcase classname="tests.test_phase2_intelligence.TestPitcherKModelRuntime" name="test_ctx_key_mismatch_regression_guard" time="0.006" /><testcase classname="tests.test_phase2_intelligence.TestPitcherKModelRuntime" name="test_model_wired_into_production_side_selector" time="0.054" /><testcase classname="tests.test_phase2_intelligence.TestFusionRuntimeClosure" name="test_fusion_invoked_by_orchestrator" time="0.190" /><testcase classname="tests.test_phase2_intelligence.TestFusionRuntimeClosure" name="test_fusion_output_consumed_downstream" time="0.001" /><testcase classname="tests.test_phase2_intelligence.TestAdaptiveLearningClosure" name="test_learning_reads_settled_outcomes_only" time="0.004" /><testcase classname="tests.test_phase2_intelligence.TestAdaptiveLearningClosure" name="test_learned_state_applied_to_pregame_inference" time="0.000" /><testcase classname="tests.test_phase2_intelligence.TestAdaptiveLearningClosure" name="test_no_result_leakage_into_apply_path" time="0.001" /><testcase classname="tests.test_phase2_intelligence.TestPhase1DProtections" name="test_no_inflation_reintroduced" time="0.004" /><testcase classname="tests.test_phase2_intelligence.TestPhase1DProtections" name="test_devig_fields_preserved" time="0.000" /><testcase classname="tests.test_phase2_universal_simulator_provenance" name="test_prior_only_never_counts_as_agreement" time="0.000" /><testcase classname="tests.test_phase2_universal_simulator_provenance" name="test_model_conditioned_never_counts_as_agreement" time="0.000" /><testcase classname="tests.test_phase2_universal_simulator_provenance" name="test_invalid_never_counts" time="0.000" /><testcase classname="tests.test_phase2_universal_simulator_provenance" name="test_causal_full_counts_as_agreement" time="0.000" /><testcase classname="tests.test_phase2_universal_simulator_provenance" name="test_prior_only_cannot_flag_severe_disagreement" time="0.000" /><testcase classname="tests.test_phase2_universal_simulator_provenance" name="test_model_conditioned_cannot_flag_severe_disagreement" time="0.000" /><testcase classname="tests.test_phase2_universal_simulator_provenance" name="test_causal_strong_flags_severe_disagreement_above_threshold" time="0.000" /><testcase classname="tests.test_phase2_universal_simulator_provenance" name="test_input_quality_ladder" time="0.000" /><testcase classname="tests.test_phase2_universal_simulator_provenance" name="test_soccer_scorer_calibrated_to_model_is_model_conditioned" time="0.019" /><testcase classname="tests.test_phase2_universal_simulator_provenance" name="test_soccer_scorer_with_real_priors_is_empirical_independent" time="0.016" /><testcase classname="tests.test_phase2_universal_simulator_provenance" name="test_tennis_sim_is_model_conditioned" time="0.258" /><testcase classname="tests.test_phase2_universal_simulator_provenance" name="test_nba_sim_is_model_conditioned" time="0.045" /><testcase classname="tests.test_phase2_universal_simulator_provenance" name="test_mlb_k_prob_with_real_signals_is_causal_or_empirical" time="0.000" /><testcase classname="tests.test_phase2_universal_simulator_provenance" name="test_mlb_k_prob_league_avg_only_is_prior_only" time="0.000" /><testcase classname="tests.test_phase2_universal_simulator_provenance" name="test_capability_registry_documents_nhl_cfb_ufc" time="0.000" /><testcase classname="tests.test_phase2_elite_gate_and_h2h" name="test_elite_gate_demotes_famous_pick_with_no_evidence" time="0.000" /><testcase classname="tests.test_phase2_elite_gate_and_h2h" name="test_elite_gate_restores_pre_boost_lock_exactly" time="0.000" /><testcase classname="tests.test_phase2_elite_gate_and_h2h" name="test_elite_gate_demoted_pick_above_85_remains_on_board" time="0.000" /><testcase classname="tests.test_phase2_elite_gate_and_h2h" name="test_elite_gate_demoted_pick_below_85_falls_off" time="0.000" /><testcase classname="tests.test_phase2_elite_gate_and_h2h" name="test_elite_gate_keeps_elite_with_strong_multi_source_evidence" time="0.000" /><testcase classname="tests.test_phase2_elite_gate_and_h2h" name="test_non_elite_pick_untouched_by_gate" time="0.000" /><testcase classname="tests.test_phase2_elite_gate_and_h2h" name="test_elite_gate_single_positive_signal_is_not_enough" time="0.000" /><testcase classname="tests.test_phase2_elite_gate_and_h2h" name="test_h2h_missing_data_does_not_render_zero_for_n" time="0.001" /><testcase classname="tests.test_phase2_elite_gate_and_h2h" name="test_h2h_market_specific_display_for_hr_market" time="0.001" /><testcase classname="tests.test_phase2_elite_gate_and_h2h" name="test_h2h_market_specific_display_for_hits_market" time="0.000" /><testcase classname="tests.test_phase2_elite_gate_and_h2h" name="test_h2h_total_bases_not_market_specific_no_avg_reuse" time="0.000" /><testcase classname="tests.test_phase2_elite_gate_and_h2h" name="test_h2h_pitcher_ks_not_reused_as_outs" time="0.000" /><testcase classname="tests.test_phase2_elite_gate_and_h2h" name="test_h2h_pitcher_ks_still_works_for_strikeout_markets" time="0.000" /><testcase classname="tests.test_phase2_elite_gate_and_h2h" name="test_fusion_agreement_metadata_is_written" time="0.000" /><testcase classname="tests.test_phase2_elite_gate_and_h2h" name="test_fusion_does_not_rewrite_canonical_probability_or_lock" time="0.000" /><testcase classname="tests.test_phase2_elite_gate_and_h2h" name="test_elite_gate_consumes_fusion_agreement" time="0.000" /><testcase classname="tests.test_phase2_elite_gate_and_h2h" name="test_locks_contract_is_inclusive_gte_85" time="0.000" /><testcase classname="tests.test_phase2_elite_gate_and_h2h" name="test_canonical_wins_over_stale_legacy" time="0.000" /><testcase classname="tests.test_phase2_elite_gate_and_h2h" name="test_orchestrator_wires_elite_gate_after_fusion_before_visibility_retag" time="0.000" /><testcase classname="tests.test_phase3_settlement_history_truth" name="test_push_maps_to_push_not_void" time="0.000" /><testcase classname="tests.test_phase3_settlement_history_truth" name="test_settlement_fingerprint_is_deterministic" time="0.000" /><testcase classname="tests.test_phase3_settlement_history_truth" name="test_machado_over_0p5_hits_two_hits_is_won" time="0.000" /><testcase classname="tests.test_phase3_settlement_history_truth" name="test_machado_over_line_zero_hits_is_lost" time="0.000" /><testcase classname="tests.test_phase3_settlement_history_truth" name="test_missing_actual_returns_unresolved_not_lost" time="0.000" /><testcase classname="tests.test_phase3_settlement_history_truth" name="test_missing_line_returns_unresolved" time="0.000" /><testcase classname="tests.test_phase3_settlement_history_truth" name="test_exact_line_hit_is_push" time="0.000" /><testcase classname="tests.test_phase3_settlement_history_truth" name="test_rollover_tagger_refuses_to_clear_live_frozen_tag[asyncio]" time="0.002" /><testcase classname="tests.test_phase4_analytics_calibration" name="test_hit_rate_excludes_push_and_void" time="0.000" /><testcase classname="tests.test_phase4_analytics_calibration" name="test_hit_rate_empty_returns_none_not_zero" time="0.000" /><testcase classname="tests.test_phase4_analytics_calibration" name="test_pending_and_unresolved_are_never_losses" time="0.000" /><testcase classname="tests.test_phase4_analytics_calibration" name="test_brier_zero_for_perfect_prediction" time="0.000" /><testcase classname="tests.test_phase4_analytics_calibration" name="test_brier_none_for_empty_sample" time="0.000" /><testcase classname="tests.test_phase4_analytics_calibration" name="test_brier_max_for_maximally_wrong" time="0.000" /><testcase classname="tests.test_phase4_analytics_calibration" name="test_sample_classifier_boundaries" time="0.000" /><testcase classname="tests.test_phase4_analytics_calibration" name="test_calibration_well_calibrated_sample_reports_near_zero" time="0.000" /><testcase classname="tests.test_phase4_analytics_calibration" name="test_calibration_miscalibrated_sample_reports_actual_gap" time="0.000" /><testcase classname="tests.test_phase4_analytics_calibration" name="test_roi_favorite_win_returns_less_than_one_unit" time="0.000" /><testcase classname="tests.test_phase4_analytics_calibration" name="test_roi_dog_win_returns_more_than_one_unit" time="0.000" /><testcase classname="tests.test_phase4_analytics_calibration" name="test_roi_loss_returns_minus_one_unit" time="0.000" /><testcase classname="tests.test_phase4_analytics_calibration" name="test_roi_push_and_void_return_zero" time="0.000" /><testcase classname="tests.test_phase4_analytics_calibration" name="test_rollover_baseline_excludes_unfrozen_picks" time="0.000" /><testcase classname="tests.test_phase5_universal_identity" name="test_universal_module_exports_enabled_sports" time="0.005" /><testcase classname="tests.test_phase5_universal_identity" name="test_same_player_across_providers_resolves_to_one_id[NFL-NFL]" time="0.007" /><testcase classname="tests.test_phase5_universal_identity" name="test_same_player_across_providers_resolves_to_one_id[NBA-NBA]" time="0.005" /><testcase classname="tests.test_phase5_universal_identity" name="test_same_player_across_providers_resolves_to_one_id[MLB-MLB]" time="0.003" /><testcase classname="tests.test_phase5_universal_identity" name="test_same_player_across_providers_resolves_to_one_id[NHL-NHL]" time="0.004" /><testcase classname="tests.test_phase5_universal_identity" name="test_same_player_across_providers_resolves_to_one_id[CFB-CFB]" time="0.004" /><testcase classname="tests.test_phase5_universal_identity" name="test_same_name_different_provider_ids_do_not_merge" time="0.000" /><testcase classname="tests.test_phase5_universal_identity" name="test_transfer_preserves_history_and_canonical_id" time="0.000" /><testcase classname="tests.test_phase5_universal_identity" name="test_stale_observation_cannot_overwrite_fresher" time="0.000" /><testcase classname="tests.test_phase5_universal_identity" name="test_confirmed_wrong_team_blocks_nfl_prop" time="0.002" /><testcase classname="tests.test_phase5_universal_identity" name="test_missing_roster_data_is_roster_unverified_not_mismatch" time="0.000" /><testcase classname="tests.test_phase5_universal_identity" name="test_team_level_markets_pass_through" time="0.000" /><testcase classname="tests.test_phase5_universal_identity" name="test_tennis_wrong_participant_blocked" time="0.000" /><testcase classname="tests.test_phase5_universal_identity" name="test_tennis_correct_participant_verified" time="0.000" /><testcase classname="tests.test_phase5_universal_identity" name="test_ufc_wrong_fighter_blocked" time="0.000" /><testcase classname="tests.test_phase5_universal_identity" name="test_soccer_universal_barrier_delegates_to_p0_stack" time="0.000" /><testcase classname="tests.test_phase5_universal_identity" name="test_canonical_id_survives_restart" time="0.847" /><testcase classname="tests.test_phase5_universal_identity" name="test_history_rows_linked_to_canonical_player_id" time="0.049" /><testcase classname="tests.test_phase5_universal_identity" name="test_history_survives_transfer" time="0.005" /><testcase classname="tests.test_phase5_universal_identity" name="test_strict_gt_85_unchanged_after_phase5" time="0.000"><failure message="AssertionError: assert False is True&#10; +  where False = &lt;function is_main_board_eligible at 0xf95b949a9620&gt;({'lock_score': 85.001})">tests/test_phase5_universal_identity.py:351: in test_strict_gt_85_unchanged_after_phase5
    assert is_main_board_eligible({"lock_score": 85.001}) is True
E   AssertionError: assert False is True
E    +  where False = &lt;function is_main_board_eligible at 0xf95b949a9620&gt;({'lock_score': 85.001})</failure></testcase><testcase classname="tests.test_phase5_universal_identity" name="test_soccer_endrick_regression_still_verified_after_phase5" time="0.000" /><testcase classname="tests.test_phase6_magic_apex_why_this_pick" name="test_lock_score_and_win_prob_are_distinct_fields" time="0.000" /><testcase classname="tests.test_phase6_magic_apex_why_this_pick" name="test_model_only_pick_has_edge_percent_none_not_zero" time="0.003" /><testcase classname="tests.test_phase6_magic_apex_why_this_pick" name="test_shorter_odds_alone_do_not_boost_lock_score" time="0.000" /><testcase classname="tests.test_phase6_magic_apex_why_this_pick" name="test_tier_contract_99_is_never_apex" time="0.003" /><testcase classname="tests.test_phase6_magic_apex_why_this_pick" name="test_apex_100_is_preserved_through_evidence_governor" time="0.002" /><testcase classname="tests.test_phase6_magic_apex_why_this_pick" name="test_non_apex_pick_cannot_reach_lock_score_100" time="0.001" /><testcase classname="tests.test_phase6_magic_apex_why_this_pick" name="test_apex_gate_rejects_when_base_score_below_minimum" time="0.000" /><testcase classname="tests.test_phase6_magic_apex_why_this_pick" name="test_why_this_pick_only_cites_frozen_evidence" time="0.000" /><testcase classname="tests.test_phase6_magic_apex_why_this_pick" name="test_why_this_pick_flags_edge_unavailable_when_none" time="0.000" /><testcase classname="tests.test_phase7_rollover_closure" name="test_rollover_tagger_will_not_clear_live_frozen_membership_query" time="0.001" /><testcase classname="tests.test_phase7_rollover_closure" name="test_top_three_enforces_one_leg_per_event" time="0.000" /><testcase classname="tests.test_phase7_rollover_closure" name="test_rollover_returns_fewer_than_three_when_pool_is_short" time="0.000" /><testcase classname="tests.test_phase7_rollover_closure" name="test_picks_route_stamps_selection_rank_and_selector_version" time="0.017" /><testcase classname="tests.test_phase7_rollover_closure" name="test_composite_score_uses_multiple_fields_not_just_lock_score" time="0.001" /><testcase classname="tests.test_phase7_rollover_closure" name="test_rollover_analytics_uses_on_rollover_at_field" time="0.001" /><testcase classname="tests.test_phase8_parlay2_closure" name="test_8E_parlay_to_payload_never_synthesises_missing_book_odds" time="0.001" /><testcase classname="tests.test_phase8_parlay2_closure" name="test_8E_parlay_to_payload_computes_combined_when_all_legs_priced" time="0.000" /><testcase classname="tests.test_phase8_parlay2_closure" name="test_8E_save_parlay_rejects_leg_missing_book_odds" time="0.002" /><testcase classname="tests.test_phase8_parlay2_closure" name="test_8AE_save_parlay_freezes_all_required_fields" time="0.005" /><testcase classname="tests.test_phase8_parlay2_closure" name="test_8AG_void_leg_is_not_treated_as_loss" time="0.002" /><testcase classname="tests.test_phase8_parlay2_closure" name="test_8AG_actual_loss_still_marks_parlay_lost" time="0.002" /><testcase classname="tests.test_phase8_parlay2_closure" name="test_8L_positive_correlation_qb_wr_same_team" time="0.001" /><testcase classname="tests.test_phase8_parlay2_closure" name="test_8N_conflicting_same_player_blocked" time="0.000" /><testcase classname="tests.test_phase8_parlay2_closure" name="test_8G_ladder_supersession_blocks_duplicate_wager" time="0.000" /><testcase classname="tests.test_phase8_parlay2_closure" name="test_8K_extreme_chalk_gated_by_standard_edge_floor" time="0.001" /><testcase classname="tests.test_phase8_parlay2_closure" name="test_8U_survival_haircut_applied_on_same_event_legs" time="0.001" /><testcase classname="tests.test_phase8_parlay2_closure" name="test_8Q_model_conditioned_does_not_pass_as_independent_confirmation" time="0.000" /><testcase classname="tests.test_phase8_parlay2_closure" name="test_8S_edge_unavailable_leg_still_rankable_but_not_zeroed" time="0.001" /><testcase classname="tests.test_phase8_parlay2_closure" name="test_8X_below_85_leg_rejected_by_standard_eligibility" time="0.000" /><testcase classname="tests.test_phase8_parlay2_closure" name="test_8AM_proof_A_strong_independent_2leg_parlay" time="0.002" /><testcase classname="tests.test_phase8_parlay2_closure" name="test_8AM_proof_E_conflicting_pair_never_appears_together" time="0.001" /><testcase classname="tests.test_phase8_parlay2_closure" name="test_8AM_proof_F_duplicate_ladder_never_stacked" time="0.001" /><testcase classname="tests.test_phase8_parlay2_closure" name="test_8AM_proof_G_extreme_chalk_does_not_dominate_every_parlay" time="0.001" /><testcase classname="tests.test_phase8_parlay2_closure" name="test_8AM_proof_J_apex_leg_not_forced_into_every_parlay" time="0.000" /><testcase classname="tests.test_phase8_parlay2_closure" name="test_8AK_eligibility_returns_explicit_terminal_reason" time="0.000" /><testcase classname="tests.test_phase8_parlay2_closure" name="test_optimizer_version_stamped_on_payload" time="0.000" /><testcase classname="tests.test_phase9_consumer_surface_closure" name="test_9Q_negative_identity_fixture_rejected[soccer_player_wrong_team]" time="0.000" /><testcase classname="tests.test_phase9_consumer_surface_closure" name="test_9Q_negative_identity_fixture_rejected[mlb_pitcher_wrong_game]" time="0.000" /><testcase classname="tests.test_phase9_consumer_surface_closure" name="test_9Q_negative_identity_fixture_rejected[mlb_hitter_wrong_game]" time="0.000" /><testcase classname="tests.test_phase9_consumer_surface_closure" name="test_9Q_negative_identity_fixture_rejected[nfl_player_wrong_game]" time="0.000" /><testcase classname="tests.test_phase9_consumer_surface_closure" name="test_9Q_negative_identity_fixture_rejected[nba_player_wrong_game]" time="0.000" /><testcase classname="tests.test_phase9_consumer_surface_closure" name="test_9Q_negative_identity_fixture_rejected[tennis_player_wrong_match]" time="0.000" /><testcase classname="tests.test_phase9_consumer_surface_closure" name="test_9Q_negative_identity_fixture_rejected[soccer_stale_market_from_different_event]" time="0.000" /><testcase classname="tests.test_phase9_consumer_surface_closure" name="test_9Q_negative_identity_fixture_rejected[nfl_qb_wrong_team_stale_row]" time="0.000" /><testcase classname="tests.test_phase9_consumer_surface_closure" name="test_9F_negative_identity_blocked_at_publication_boundary[soccer_player_wrong_team]" time="0.000" /><testcase classname="tests.test_phase9_consumer_surface_closure" name="test_9F_negative_identity_blocked_at_publication_boundary[mlb_pitcher_wrong_game]" time="0.000" /><testcase classname="tests.test_phase9_consumer_surface_closure" name="test_9F_negative_identity_blocked_at_publication_boundary[mlb_hitter_wrong_game]" time="0.000" /><testcase classname="tests.test_phase9_consumer_surface_closure" name="test_9F_negative_identity_blocked_at_publication_boundary[nfl_player_wrong_game]" time="0.000" /><testcase classname="tests.test_phase9_consumer_surface_closure" name="test_9F_negative_identity_blocked_at_publication_boundary[nba_player_wrong_game]" time="0.000" /><testcase classname="tests.test_phase9_consumer_surface_closure" name="test_9F_negative_identity_blocked_at_publication_boundary[tennis_player_wrong_match]" time="0.000" /><testcase classname="tests.test_phase9_consumer_surface_closure" name="test_9F_negative_identity_blocked_at_publication_boundary[soccer_stale_market_from_different_event]" time="0.000" /><testcase classname="tests.test_phase9_consumer_surface_closure" name="test_9F_negative_identity_blocked_at_publication_boundary[nfl_qb_wrong_team_stale_row]" time="0.000" /><testcase classname="tests.test_phase9_consumer_surface_closure" name="test_9L_negative_identity_blocked_by_canonical_eligibility[soccer_player_wrong_team]" time="0.000" /><testcase classname="tests.test_phase9_consumer_surface_closure" name="test_9L_negative_identity_blocked_by_canonical_eligibility[mlb_pitcher_wrong_game]" time="0.000" /><testcase classname="tests.test_phase9_consumer_surface_closure" name="test_9L_negative_identity_blocked_by_canonical_eligibility[mlb_hitter_wrong_game]" time="0.000" /><testcase classname="tests.test_phase9_consumer_surface_closure" name="test_9L_negative_identity_blocked_by_canonical_eligibility[nfl_player_wrong_game]" time="0.000" /><testcase classname="tests.test_phase9_consumer_surface_closure" name="test_9L_negative_identity_blocked_by_canonical_eligibility[nba_player_wrong_game]" time="0.000" /><testcase classname="tests.test_phase9_consumer_surface_closure" name="test_9L_negative_identity_blocked_by_canonical_eligibility[tennis_player_wrong_match]" time="0.000" /><testcase classname="tests.test_phase9_consumer_surface_closure" name="test_9L_negative_identity_blocked_by_canonical_eligibility[soccer_stale_market_from_different_event]" time="0.000" /><testcase classname="tests.test_phase9_consumer_surface_closure" name="test_9L_negative_identity_blocked_by_canonical_eligibility[nfl_qb_wrong_team_stale_row]" time="0.000" /><testcase classname="tests.test_phase9_consumer_surface_closure" name="test_9R_positive_identity_fixture_valid_or_not_applicable[soccer_valid_scorer]" time="0.000" /><testcase classname="tests.test_phase9_consumer_surface_closure" name="test_9R_positive_identity_fixture_valid_or_not_applicable[mlb_valid_pitcher]" time="0.000" /><testcase classname="tests.test_phase9_consumer_surface_closure" name="test_9R_positive_identity_fixture_valid_or_not_applicable[mlb_valid_hitter]" time="0.000" /><testcase classname="tests.test_phase9_consumer_surface_closure" name="test_9R_positive_identity_fixture_valid_or_not_applicable[nfl_valid_qb]" time="0.000" /><testcase classname="tests.test_phase9_consumer_surface_closure" name="test_9R_positive_identity_fixture_valid_or_not_applicable[nba_valid_player]" time="0.000" /><testcase classname="tests.test_phase9_consumer_surface_closure" name="test_9R_positive_identity_fixture_valid_or_not_applicable[tennis_valid_selection]" time="0.000" /><testcase classname="tests.test_phase9_consumer_surface_closure" name="test_9R_positive_identity_fixture_valid_or_not_applicable[team_moneyline_not_applicable]" time="0.000" /><testcase classname="tests.test_phase9_consumer_surface_closure" name="test_9R_positive_identity_passes_publication_boundary[soccer_valid_scorer]" time="0.000" /><testcase classname="tests.test_phase9_consumer_surface_closure" name="test_9R_positive_identity_passes_publication_boundary[mlb_valid_pitcher]" time="0.000" /><testcase classname="tests.test_phase9_consumer_surface_closure" name="test_9R_positive_identity_passes_publication_boundary[mlb_valid_hitter]" time="0.000" /><testcase classname="tests.test_phase9_consumer_surface_closure" name="test_9R_positive_identity_passes_publication_boundary[nfl_valid_qb]" time="0.000" /><testcase classname="tests.test_phase9_consumer_surface_closure" name="test_9R_positive_identity_passes_publication_boundary[nba_valid_player]" time="0.000" /><testcase classname="tests.test_phase9_consumer_surface_closure" name="test_9R_positive_identity_passes_publication_boundary[tennis_valid_selection]" time="0.000" /><testcase classname="tests.test_phase9_consumer_surface_closure" name="test_9R_positive_identity_passes_publication_boundary[team_moneyline_not_applicable]" time="0.000" /><testcase classname="tests.test_phase9_consumer_surface_closure" name="test_9D_unresolved_player_team_returns_unresolved_not_mismatch" time="0.000" /><testcase classname="tests.test_phase9_consumer_surface_closure" name="test_9D_unresolved_event_participants_returns_unresolved" time="0.000" /><testcase classname="tests.test_phase9_consumer_surface_closure" name="test_9S_apex_identity_mismatch_still_rejected" time="0.000" /><testcase classname="tests.test_phase9_consumer_surface_closure" name="test_9H_edge_none_never_coerced_to_zero_by_boundary" time="0.000" /><testcase classname="tests.test_phase9_consumer_surface_closure" name="test_9H_no_real_line_with_nonzero_edge_rejected_as_synthetic" time="0.001" /><testcase classname="tests.test_phase9_consumer_surface_closure" name="test_9G_9J_canonical_fields_survive_projection" time="0.000" /><testcase classname="tests.test_phase9_consumer_surface_closure" name="test_9O_filter_sport_never_returns_identity_mismatch" time="0.000" /><testcase classname="tests.test_phase9_consumer_surface_closure" name="test_9M_9N_void_pending_are_not_losses" time="0.000" /><testcase classname="tests.test_phase9_consumer_surface_closure" name="test_9W_e2e_production_trace_per_sport[mlb]" time="0.000" /><testcase classname="tests.test_phase9_consumer_surface_closure" name="test_9W_e2e_production_trace_per_sport[nfl]" time="0.000" /><testcase classname="tests.test_phase9_consumer_surface_closure" name="test_9W_e2e_production_trace_per_sport[nba]" time="0.000" /><testcase classname="tests.test_phase9_consumer_surface_closure" name="test_9W_e2e_production_trace_per_sport[soccer]" time="0.000" /><testcase classname="tests.test_phase9_consumer_surface_closure" name="test_9W_e2e_production_trace_per_sport[tennis]" time="0.000" /><testcase classname="tests.test_phase9_consumer_surface_closure" name="test_9W_rejected_identity_mismatch_e2e_trace" time="0.000" /><testcase classname="tests.test_phase9_consumer_surface_closure" name="test_convenience_wrapper_returns_true_for_valid_and_not_applicable" time="0.000" /><testcase classname="tests.test_phase9_consumer_surface_closure" name="test_convenience_wrapper_returns_false_for_mismatch" time="0.000" /></testsuite></testsuites>