<?xml version="1.0" encoding="utf-8"?><testsuites name="pytest tests"><testsuite name="pytest" errors="0" failures="0" skipped="0" tests="11" time="15.951" timestamp="2026-09-18T11:06:34.689449+00:00" hostname="agent-env-94a57b11-1651-4cbd-8cc5-d049697d5eae"><testcase classname="tests.test_iter139_final_universal_root_closure.TestTruthManifest" name="test_manifest_present" time="2.218" /><testcase classname="tests.test_iter139_final_universal_root_closure.TestTruthManifest" name="test_board_version_top_level" time="0.000" /><testcase classname="tests.test_iter139_final_universal_root_closure.TestTruthManifest" name="test_pick_truth_fingerprint" time="0.000" /><testcase classname="tests.test_iter139_final_universal_root_closure.TestBoardDetailParity" name="test_parity_first_5_picks" time="2.395" /><testcase classname="tests.test_iter139_final_universal_root_closure.TestBoardDetailParity" name="test_dortmund_btts_yes" time="0.147" /><testcase classname="tests.test_iter139_final_universal_root_closure.TestNflAtdSlate" name="test_slate_shape" time="8.093" /><testcase classname="tests.test_iter139_final_universal_root_closure.TestNflAtdSlate" name="test_top5_consistency_with_leaderboard" time="0.317" /><testcase classname="tests.test_iter139_final_universal_root_closure.TestNflAtdSlate" name="test_games_no_duplicate_players" time="0.127" /><testcase classname="tests.test_iter139_final_universal_root_closure.TestNflAtdSlate" name="test_games_shape" time="0.129" /><testcase classname="tests.test_iter139_final_universal_root_closure.TestRolloverImmutable" name="test_rollover_shape" time="0.134" /><testcase classname="tests.test_iter139_final_universal_root_closure.TestRolloverImmutable" name="test_rollover_stable_across_calls" time="2.290" /></testsuite></testsuites>