<?xml version="1.0" encoding="utf-8"?><testsuites name="pytest tests"><testsuite name="pytest" errors="0" failures="0" skipped="0" tests="6" time="0.311" timestamp="2026-08-16T09:17:03.535414+00:00" hostname="agent-env-94a57b11-1651-4cbd-8cc5-d049697d5eae"><testcase classname="tests.test_phase7_rollover_closure" name="test_rollover_tagger_will_not_clear_live_frozen_membership_query" time="0.004" /><testcase classname="tests.test_phase7_rollover_closure" name="test_top_three_enforces_one_leg_per_event" time="0.000" /><testcase classname="tests.test_phase7_rollover_closure" name="test_rollover_returns_fewer_than_three_when_pool_is_short" time="0.000" /><testcase classname="tests.test_phase7_rollover_closure" name="test_picks_route_stamps_selection_rank_and_selector_version" time="0.273" /><testcase classname="tests.test_phase7_rollover_closure" name="test_composite_score_uses_multiple_fields_not_just_lock_score" time="0.000" /><testcase classname="tests.test_phase7_rollover_closure" name="test_rollover_analytics_uses_on_rollover_at_field" time="0.001" /></testsuite></testsuites>