<?xml version="1.0" encoding="utf-8"?><testsuites name="pytest tests"><testsuite name="pytest" errors="0" failures="1" skipped="0" tests="10" time="0.617" timestamp="2026-06-24T07:28:31.432467+00:00" hostname="agent-env-93a69330-f56d-4f3b-acb6-13d1c1667ce0"><testcase classname="tests.test_sport_adapters_iter51.TestAdapterFramework" name="test_all_adapter_modules_import" time="0.002" /><testcase classname="tests.test_sport_adapters_iter51.TestAdapterFramework" name="test_registry_contains_expected_sports" time="0.000" /><testcase classname="tests.test_sport_adapters_iter51.TestAdapterFramework" name="test_get_adapter_returns_fallback_for_unknown" time="0.000" /><testcase classname="tests.test_sport_adapters_iter51.TestAdapterFramework" name="test_dispatch_falls_back_when_adapter_raises" time="0.000" /><testcase classname="tests.test_sport_adapters_iter51.TestDispatchRouting" name="test_mlb_dispatches_to_mlb_adapter" time="0.529" /><testcase classname="tests.test_sport_adapters_iter51.TestDispatchRouting" name="test_soccer_dispatches_to_soccer_adapter" time="0.000" /><testcase classname="tests.test_sport_adapters_iter51.TestDispatchRouting" name="test_tennis_dispatches_to_tennis_adapter" time="0.000" /><testcase classname="tests.test_sport_adapters_iter51.TestLockScoreCoherence" name="test_no_pick_has_governed_gt_raw" time="0.000" /><testcase classname="tests.test_sport_adapters_iter51.TestLockScoreCoherence" name="test_picks_today_count" time="0.000"><failure message="AssertionError: expected at least 200 picks today, got 106&#10;assert 106 &gt;= 200&#10; +  where 106 = len([{'agreement_score': 92.0, 'apex_blockers': ['edge -4.0% &lt; 7%', 'survival 70 &lt; 90', 'variance 22 &gt; 15'], 'auto_settle': False, 'away_team': 'Cerundolo J.', ...}, {'agreement_score': 85.2, 'apex_blockers': ['counter 13 &gt; 10', 'survival 87 &lt; 90', 'variance 32 &gt; 15'], 'away_team': 'Goiás', 'bet_type': 'REDUCED', ...}, {'agreement_score': 88.4, 'apex_blockers': ['edge 5.8% &lt; 7%', 'counter 13 &gt; 10', 'survival 83 &lt; 90', 'variance 32 &gt; 15'], 'away_team': 'Avai', 'bet_type': 'REDUCED', ...}, {'agreement_score': 85.0, 'apex_blockers': ['counter 13 &gt; 10', 'survival 83 &lt; 90', 'variance 32 &gt; 15'], 'away_team': 'Ceará', 'bet_type': 'STRAIGHT', ...}, {'agreement_score': 77.8, 'apex_blockers': ['counter 13 &gt; 10', 'survival 83 &lt; 90', 'variance 32 &gt; 15', 'agreement 78 &lt; 85'], 'away_team': 'Helsingborgs IF', 'bandit_arms_matched': ['chalk_locks'], ...}, {'agreement_score': 75.6, 'apex_blockers': ['counter 15 &gt; 10', 'survival 74 &lt; 90', 'variance 37 &gt; 15', 'agreement 76 &lt; 85'], 'away_team': 'IFK Värnamo', 'bet_quality_floor_applied': True, ...}, ...])">tests/test_sport_adapters_iter51.py:194: in test_picks_today_count
    assert len(picks_today) &gt;= 200, (
E   AssertionError: expected at least 200 picks today, got 106
E   assert 106 &gt;= 200
E    +  where 106 = len([{'agreement_score': 92.0, 'apex_blockers': ['edge -4.0% &lt; 7%', 'survival 70 &lt; 90', 'variance 22 &gt; 15'], 'auto_settle': False, 'away_team': 'Cerundolo J.', ...}, {'agreement_score': 85.2, 'apex_blockers': ['counter 13 &gt; 10', 'survival 87 &lt; 90', 'variance 32 &gt; 15'], 'away_team': 'Goiás', 'bet_type': 'REDUCED', ...}, {'agreement_score': 88.4, 'apex_blockers': ['edge 5.8% &lt; 7%', 'counter 13 &gt; 10', 'survival 83 &lt; 90', 'variance 32 &gt; 15'], 'away_team': 'Avai', 'bet_type': 'REDUCED', ...}, {'agreement_score': 85.0, 'apex_blockers': ['counter 13 &gt; 10', 'survival 83 &lt; 90', 'variance 32 &gt; 15'], 'away_team': 'Ceará', 'bet_type': 'STRAIGHT', ...}, {'agreement_score': 77.8, 'apex_blockers': ['counter 13 &gt; 10', 'survival 83 &lt; 90', 'variance 32 &gt; 15', 'agreement 78 &lt; 85'], 'away_team': 'Helsingborgs IF', 'bandit_arms_matched': ['chalk_locks'], ...}, {'agreement_score': 75.6, 'apex_blockers': ['counter 15 &gt; 10', 'survival 74 &lt; 90', 'variance 37 &gt; 15', 'agreement 76 &lt; 85'], 'away_team': 'IFK Värnamo', 'bet_quality_floor_applied': True, ...}, ...])</failure></testcase><testcase classname="tests.test_sport_adapters_iter51.TestLockScoreCoherence" name="test_sports_represented" time="0.000" /></testsuite></testsuites>