<?xml version="1.0" encoding="utf-8"?><testsuites name="pytest tests"><testsuite name="pytest" errors="0" failures="3" skipped="0" tests="11" time="11.849" timestamp="2026-07-25T01:16:23.834889+00:00" hostname="agent-env-2bd2a12d-e333-4faf-bcf8-e2fdf8442d14"><testcase classname="backend.tests.test_iter94_soccer_family_all_sorts.TestSortLockTop5" name="test_mls_sort_lock_top5_all_scorer_lock95plus" time="1.386"><failure message="AssertionError: top-5 not all 'Anytime Goal Scorer'. Markets: ['Lionel Messi Anytime Assist', 'Anders Dreyer Anytime Assist', 'Hannes Wolf Anytime Goal Scorer', 'Wilfried Zaha Anytime Goal Scorer', 'Maxi Morález Anytime Goal Scorer']&#10;assert False&#10; +  where False = all([False, False, True, True, True])">E   AssertionError: top-5 not all 'Anytime Goal Scorer'. Markets: ['Lionel Messi Anytime Assist', 'Anders Dreyer Anytime Assist', 'Hannes Wolf Anytime Goal Scorer', 'Wilfried Zaha Anytime Goal Scorer', 'Maxi Morález Anytime Goal Scorer']
    assert False
     +  where False = all([False, False, True, True, True])</failure></testcase><testcase classname="backend.tests.test_iter94_soccer_family_all_sorts.TestSortTimeFamilyTiebreaker" name="test_mls_sort_time_scorer_precedes_assist_in_same_event_lock" time="0.823"><failure message="AssertionError: ('Real Salt Lake @ Portland Timbers', 95.0): assist at pos 6 before scorer/inv at 17. entries=[(0, 4, 'Portland Timbers Win or Draw'), (6, 3, 'David Da Costa Anytime Assist'), (8, 3, 'Antony Anytime Assist'), (9, 3, 'Diego Luna Anytime Assist'), (10, 1, 'David Da Costa To Score or Assist'), (15, 0, 'Diego Luna Anytime Goal Scorer'), (16, 0, 'David Da Costa Anytime Goal Scorer'), (17, 0, 'Antony Anytime Goal Scorer')]; ('LA Galaxy @ San Jose Earthquakes', 95.0): assist at pos 1 before scorer/inv at 14. entries=[(1, 3, 'DeJuan Jones Anytime Assist'), (2, 3, 'Cristian Espinoza Anytime Assist'), (3, 3, 'Marco Reus Anytime Assist'), (5, 3, 'Cristian Arango Anytime Assist'), (7, 3, 'Gabriel Pec Anytime Assist'), (11, 0, 'Joseph Paintsil Anytime Goal Scorer'), (12, 0, 'Cristian Espinoza Anytime Goal Scorer'), (13, 0, 'Gabriel Pec Anytime Goal Scorer'), (14, 0, 'Marco Reus Anytime Goal Scorer')]; ('Sporting Kansas City @ Los Angeles FC', 95.0): assist at pos 4 before scorer/inv at 18. entries=[(4, 3, 'Manu García Anytime Assist'), (18, 0, 'Manu García Anytime Goal Scorer')]; ('FC Dallas @ San Diego FC', 95.0): assist at pos 19 before scorer/inv at 24. entries=[(19, 3, 'Jeppe Tverskov Anytime Assist'), (20, 3, 'Onni Valakari Anytime Assist'), (21, 3, 'Hirving Lozano Anytime Assist'), (22, 3, 'Petar Musa Anytime Assist'), (23, 1, 'Jeppe Tverskov To Score or Assist'), (24, 0, 'Onni Valakari Anytime Goal Scorer')]; ('Vancouver Whitecaps FC @ Minnesota United FC', 95.0): assist at pos 26 before scorer/inv at 44. entries=[(26, 3, 'Ali Ahmed Anytime Assist'), (27, 3, 'Joaquín Pereyra Anytime Assist'), (28, 3, 'Sebastian Berhalter Anytime Assist'), (30, 3, 'Tani Oluwaseyi Anytime Assist'), (42, 0, 'Kelvin Yeboah Anytime Goal Scorer'), (43, 0, 'Anthony Markanich Anytime Goal Scorer'), (44, 0, 'Ali Ahmed Anytime Goal Scorer')]&#10;assert not [&quot;('Real Salt Lake @ Portland Timbers', 95.0): assist at pos 6 before scorer/inv at 17. entries=[(0, 4, 'Portland Timbers Win or Draw'), (6, 3, 'David Da Costa Anytime Assist'), (8, 3, 'Antony Anytime Assist'), (9, 3, 'Diego Luna Anytime Assist'), (10, 1, 'David Da Costa To Score or Assist'), (15, 0, 'Diego Luna Anytime Goal Scorer'), (16, 0, 'David Da Costa Anytime Goal Scorer'), (17, 0, 'Antony Anytime Goal Scorer')]&quot;, &quot;('LA Galaxy @ San Jose Earthquakes', 95.0): assist at pos 1 before scorer/inv at 14. entries=[(1, 3, 'DeJuan Jones Anytime Assist'), (2, 3, 'Cristian Espinoza Anytime Assist'), (3, 3, 'Marco Reus Anytime Assist'), (5, 3, 'Cristian Arango Anytime Assist'), (7, 3, 'Gabriel Pec Anytime Assist'), (11, 0, 'Joseph Paintsil Anytime Goal Scorer'), (12, 0, 'Cristian Espinoza Anytime Goal Scorer'), (13, 0, 'Gabriel Pec Anytime Goal Scorer'), (14, 0, 'Marco Reus Anytime Goal Scorer')]&quot;, &quot;('Sporting Kansas City @ Los Angeles FC', 95.0): assist at pos 4 before scorer/inv at 18. entries=[(4, 3, 'Manu García Anytime Assist'), (18, 0, 'Manu García Anytime Goal Scorer')]&quot;, &quot;('FC Dallas @ San Diego FC', 95.0): assist at pos 19 before scorer/inv at 24. entries=[(19, 3, 'Jeppe Tverskov Anytime Assist'), (20, 3, 'Onni Valakari Anytime Assist'), (21, 3, 'Hirving Lozano Anytime Assist'), (22, 3, 'Petar Musa Anytime Assist'), (23, 1, 'Jeppe Tverskov To Score or Assist'), (24, 0, 'Onni Valakari Anytime Goal Scorer')]&quot;, &quot;('Vancouver Whitecaps FC @ Minnesota United FC', 95.0): assist at pos 26 before scorer/inv at 44. entries=[(26, 3, 'Ali Ahmed Anytime Assist'), (27, 3, 'Joaquín Pereyra Anytime Assist'), (28, 3, 'Sebastian Berhalter Anytime Assist'), (30, 3, 'Tani Oluwaseyi Anytime Assist'), (42, 0, 'Kelvin Yeboah Anytime Goal Scorer'), (43, 0, 'Anthony Markanich Anytime Goal Scorer'), (44, 0, 'Ali Ahmed Anytime Goal Scorer')]&quot;, &quot;('Austin FC @ Houston Dynamo', 95.0): assist at pos 29 before scorer/inv at 36. entries=[(29, 3, 'Jack McGlynn Anytime Assist'), (31, 3, 'Owen Wolff Anytime Assist'), (34, 0, 'Ezequiel Ponce Anytime Goal Scorer'), (35, 0, 'Jack McGlynn Anytime Goal Scorer'), (36, 0, 'Owen Wolff Anytime Goal Scorer')]&quot;, ...]">E   AssertionError: ('Real Salt Lake @ Portland Timbers', 95.0): assist at pos 6 before scorer/inv at 17. entries=[(0, 4, 'Portland Timbers Win or Draw'), (6, 3, 'David Da Costa Anytime Assist'), (8, 3, 'Antony Anytime Assist'), (9, 3, 'Diego Luna Anytime Assist'), (10, 1, 'David Da Costa To Score or Assist'), (15, 0, 'Diego Luna Anytime Goal Scorer'), (16, 0, 'David Da Costa Anytime Goal Scorer'), (17, 0, 'Antony Anytime Goal Scorer')]; ('LA Galaxy @ San Jose Earthquakes', 95.0): assist at pos 1 before scorer/inv at 14. entries=[(1, 3, 'DeJuan Jones Anytime Assist'), (2, 3, 'Cristian Espinoza Anytime Assist'), (3, 3, 'Marco Reus Anytime Assist'), (5, 3, 'Cristian Arango Anytime Assist'), (7, 3, 'Gabriel Pec Anytime Assist'), (11, 0, 'Joseph Paintsil Anytime Goal Scorer'), (12, 0, 'Cristian Espinoza Anytime Goal Scorer'), (13, 0, 'Gabriel Pec Anytime Goal Scorer'), (14, 0, 'Marco Reus Anytime Goal Scorer')]; ('Sporting Kansas City @ Los Angeles FC', 95.0): assist at pos 4 before scorer/inv at 18. entries=[(4, 3, 'Manu García Anytime Assist'), (18, 0, 'Manu García Anytime Goal Scorer')]; ('FC Dallas @ San Diego FC', 95.0): assist at pos 19 before scorer/inv at 24. entries=[(19, 3, 'Jeppe Tverskov Anytime Assist'), (20, 3, 'Onni Valakari Anytime Assist'), (21, 3, 'Hirving Lozano Anytime Assist'), (22, 3, 'Petar Musa Anytime Assist'), (23, 1, 'Jeppe Tverskov To Score or Assist'), (24, 0, 'Onni Valakari Anytime Goal Scorer')]; ('Vancouver Whitecaps FC @ Minnesota United FC', 95.0): assist at pos 26 before scorer/inv at 44. entries=[(26, 3, 'Ali Ahmed Anytime Assist'), (27, 3, 'Joaquín Pereyra Anytime Assist'), (28, 3, 'Sebastian Berhalter Anytime Assist'), (30, 3, 'Tani Oluwaseyi Anytime Assist'), (42, 0, 'Kelvin Yeboah Anytime Goal Scorer'), (43, 0, 'Anthony Markanich Anytime Goal Scorer'), (44, 0, 'Ali Ahmed Anytime Goal Scorer')]
    assert not ["('Real Salt Lake @ Portland Timbers', 95.0): assist at pos 6 before scorer/inv at 17. entries=[(0, 4, 'Portland Timbers Win or Draw'), (6, 3, 'David Da Costa Anytime Assist'), (8, 3, 'Antony Anytime Assist'), (9, 3, 'Diego Luna Anytime Assist'), (10, 1, 'David Da Costa To Score or Assist'), (15, 0, 'Diego Luna Anytime Goal Scorer'), (16, 0, 'David Da Costa Anytime Goal Scorer'), (17, 0, 'Antony Anytime Goal Scorer')]", "('LA Galaxy @ San Jose Earthquakes', 95.0): assist at pos 1 before scorer/inv at 14. entries=[(1, 3, 'DeJuan Jones Anytime Assist'), (2, 3, 'Cristian Espinoza Anytime Assist'), (3, 3, 'Marco Reus Anytime Assist'), (5, 3, 'Cristian Arango Anytime Assist'), (7, 3, 'Gabriel Pec Anytime Assist'), (11, 0, 'Joseph Paintsil Anytime Goal Scorer'), (12, 0, 'Cristian Espinoza Anytime Goal Scorer'), (13, 0, 'Gabriel Pec Anytime Goal Scorer'), (14, 0, 'Marco Reus Anytime Goal Scorer')]", "('Sporting Kansas City @ Los Angeles FC', 95.0): assist at pos 4 before scorer/inv at 18. entries=[(4, 3, 'Manu García Anytime Assist'), (18, 0, 'Manu García Anytime Goal Scorer')]", "('FC Dallas @ San Diego FC', 95.0): assist at pos 19 before scorer/inv at 24. entries=[(19, 3, 'Jeppe Tverskov Anytime Assist'), (20, 3, 'Onni Valakari Anytime Assist'), (21, 3, 'Hirving Lozano Anytime Assist'), (22, 3, 'Petar Musa Anytime Assist'), (23, 1, 'Jeppe Tverskov To Score or Assist'), (24, 0, 'Onni Valakari Anytime Goal Scorer')]", "('Vancouver Whitecaps FC @ Minnesota United FC', 95.0): assist at pos 26 before scorer/inv at 44. entries=[(26, 3, 'Ali Ahmed Anytime Assist'), (27, 3, 'Joaquín Pereyra Anytime Assist'), (28, 3, 'Sebastian Berhalter Anytime Assist'), (30, 3, 'Tani Oluwaseyi Anytime Assist'), (42, 0, 'Kelvin Yeboah Anytime Goal Scorer'), (43, 0, 'Anthony Markanich Anytime Goal Scorer'), (44, 0, 'Ali Ahmed Anytime Goal Scorer')]", "('Austin FC @ Houston Dynamo', 95.0): assist at pos 29 before scorer/inv at 36. entries=[(29, 3, 'Jack McGlynn Anytime Assist'), (31, 3, 'Owen Wolff Anytime Assist'), (34, 0, 'Ezequiel Ponce Anytime Goal Scorer'), (35, 0, 'Jack McGlynn Anytime Goal Scorer'), (36, 0, 'Owen Wolff Anytime Goal Scorer')]", ...]</failure></testcase><testcase classname="backend.tests.test_iter94_soccer_family_all_sorts.TestDefaultSortFamilyTiebreaker" name="test_mls_default_sort_family_tiebreaker" time="1.103"><failure message="AssertionError: default-sort family tiebreaker regression: ('Real Salt Lake @ Portland Timbers', 95.0): assist@6 &lt; scorer@17; ('LA Galaxy @ San Jose Earthquakes', 95.0): assist@1 &lt; scorer@14; ('Sporting Kansas City @ Los Angeles FC', 95.0): assist@4 &lt; scorer@18; ('FC Dallas @ San Diego FC', 95.0): assist@19 &lt; scorer@24; ('Vancouver Whitecaps FC @ Minnesota United FC', 95.0): assist@26 &lt; scorer@44&#10;assert not [&quot;('Real Salt Lake @ Portland Timbers', 95.0): assist@6 &lt; scorer@17&quot;, &quot;('LA Galaxy @ San Jose Earthquakes', 95.0): assist@1 &lt; scorer@14&quot;, &quot;('Sporting Kansas City @ Los Angeles FC', 95.0): assist@4 &lt; scorer@18&quot;, &quot;('FC Dallas @ San Diego FC', 95.0): assist@19 &lt; scorer@24&quot;, &quot;('Vancouver Whitecaps FC @ Minnesota United FC', 95.0): assist@26 &lt; scorer@44&quot;, &quot;('Austin FC @ Houston Dynamo', 95.0): assist@29 &lt; scorer@36&quot;, ...]">E   AssertionError: default-sort family tiebreaker regression: ('Real Salt Lake @ Portland Timbers', 95.0): assist@6 &lt; scorer@17; ('LA Galaxy @ San Jose Earthquakes', 95.0): assist@1 &lt; scorer@14; ('Sporting Kansas City @ Los Angeles FC', 95.0): assist@4 &lt; scorer@18; ('FC Dallas @ San Diego FC', 95.0): assist@19 &lt; scorer@24; ('Vancouver Whitecaps FC @ Minnesota United FC', 95.0): assist@26 &lt; scorer@44
    assert not ["('Real Salt Lake @ Portland Timbers', 95.0): assist@6 &lt; scorer@17", "('LA Galaxy @ San Jose Earthquakes', 95.0): assist@1 &lt; scorer@14", "('Sporting Kansas City @ Los Angeles FC', 95.0): assist@4 &lt; scorer@18", "('FC Dallas @ San Diego FC', 95.0): assist@19 &lt; scorer@24", "('Vancouver Whitecaps FC @ Minnesota United FC', 95.0): assist@26 &lt; scorer@44", "('Austin FC @ Houston Dynamo', 95.0): assist@29 &lt; scorer@36", ...]</failure></testcase><testcase classname="backend.tests.test_iter94_soccer_family_all_sorts.TestOddsFallbackFields" name="test_every_soccer_pick_has_odds_tags" time="0.841" /><testcase classname="backend.tests.test_iter94_soccer_family_all_sorts.TestOddsFallbackFields" name="test_envelope_carries_odds_provider" time="0.876" /><testcase classname="backend.tests.test_iter94_soccer_family_all_sorts.TestOddsFallbackFields" name="test_live_path_values" time="1.050" /><testcase classname="backend.tests.test_iter94_soccer_family_all_sorts.TestOddsFallbackFields" name="test_admin_odds_health" time="0.054" /><testcase classname="backend.tests.test_iter94_soccer_family_all_sorts.TestCircuitBreakerInProcess" name="test_failure3_flips_to_degraded_then_success_restores" time="0.036" /><testcase classname="backend.tests.test_iter94_soccer_family_all_sorts.TestMLSDataQualityGateSpot" name="test_no_mls_scorer_pick_with_zero_samples" time="0.687" /><testcase classname="backend.tests.test_iter94_soccer_family_all_sorts.TestPerf" name="test_mlb_under_8s" time="1.724" /><testcase classname="backend.tests.test_iter94_soccer_family_all_sorts.TestPerf" name="test_soccer_under_12s" time="3.182" /></testsuite></testsuites>