<?xml version="1.0" encoding="utf-8"?><testsuites name="pytest tests"><testsuite name="pytest" errors="0" failures="0" skipped="0" tests="10" time="12.242" timestamp="2026-07-24T22:39:47.484631+00:00" hostname="agent-env-2bd2a12d-e333-4faf-bcf8-e2fdf8442d14"><testcase classname="backend.tests.test_iter89_batter_h2h" name="test_batter_props_chip_format" time="6.550" /><testcase classname="backend.tests.test_iter89_batter_h2h" name="test_pitcher_props_chip_format" time="0.000" /><testcase classname="backend.tests.test_iter89_batter_h2h" name="test_team_market_chip_has_avg_runs" time="0.000" /><testcase classname="backend.tests.test_iter89_batter_h2h" name="test_player_chip_no_team_meetings_tail" time="0.000" /><testcase classname="backend.tests.test_iter89_batter_h2h" name="test_deep_dive_batter_hits_ab" time="0.188" /><testcase classname="backend.tests.test_iter89_batter_h2h" name="test_deep_dive_team_spread" time="0.056" /><testcase classname="backend.tests.test_iter89_batter_h2h" name="test_deep_dive_pitcher_strikeouts" time="0.056" /><testcase classname="backend.tests.test_iter89_batter_h2h" name="test_picks_today_warm_perf" time="5.018" /><testcase classname="backend.tests.test_iter89_batter_h2h" name="test_no_5xx_on_random_ids" time="0.280" /><testcase classname="backend.tests.test_iter89_batter_h2h" name="test_no_same_line_ou_contradictions" time="0.000" /></testsuite></testsuites>