<?xml version="1.0" encoding="utf-8"?><testsuites name="pytest tests"><testsuite name="pytest" errors="0" failures="6" skipped="0" tests="165" time="12.430" timestamp="2026-08-16T09:17:28.174560+00:00" hostname="agent-env-94a57b11-1651-4cbd-8cc5-d049697d5eae"><testcase classname="tests.test_phase2_intelligence.TestPitcherKModelRuntime" name="test_model_loads_and_executes_both_sides" time="0.002" /><testcase classname="tests.test_phase2_intelligence.TestPitcherKModelRuntime" name="test_rejections_carry_machine_reason" time="0.000" /><testcase classname="tests.test_phase2_intelligence.TestPitcherKModelRuntime" name="test_ctx_key_mismatch_regression_guard" time="0.006" /><testcase classname="tests.test_phase2_intelligence.TestPitcherKModelRuntime" name="test_model_wired_into_production_side_selector" time="0.050" /><testcase classname="tests.test_phase2_intelligence.TestFusionRuntimeClosure" name="test_fusion_invoked_by_orchestrator" time="0.188" /><testcase classname="tests.test_phase2_intelligence.TestFusionRuntimeClosure" name="test_fusion_output_consumed_downstream" time="0.002" /><testcase classname="tests.test_phase2_intelligence.TestAdaptiveLearningClosure" name="test_learning_reads_settled_outcomes_only" time="0.005" /><testcase classname="tests.test_phase2_intelligence.TestAdaptiveLearningClosure" name="test_learned_state_applied_to_pregame_inference" time="0.000" /><testcase classname="tests.test_phase2_intelligence.TestAdaptiveLearningClosure" name="test_no_result_leakage_into_apply_path" time="0.001" /><testcase classname="tests.test_phase2_intelligence.TestPhase1DProtections" name="test_no_inflation_reintroduced" time="0.004" /><testcase classname="tests.test_phase2_intelligence.TestPhase1DProtections" name="test_devig_fields_preserved" time="0.000" /><testcase classname="tests.test_phase2_universal_simulator_provenance" name="test_prior_only_never_counts_as_agreement" time="0.000" /><testcase classname="tests.test_phase2_universal_simulator_provenance" name="test_model_conditioned_never_counts_as_agreement" time="0.000" /><testcase classname="tests.test_phase2_universal_simulator_provenance" name="test_invalid_never_counts" time="0.000" /><testcase classname="tests.test_phase2_universal_simulator_provenance" name="test_causal_full_counts_as_agreement" time="0.000" /><testcase classname="tests.test_phase2_universal_simulator_provenance" name="test_prior_only_cannot_flag_severe_disagreement" time="0.000" /><testcase classname="tests.test_phase2_universal_simulator_provenance" name="test_model_conditioned_cannot_flag_severe_disagreement" time="0.000" /><testcase classname="tests.test_phase2_universal_simulator_provenance" name="test_causal_strong_flags_severe_disagreement_above_threshold" time="0.000" /><testcase classname="tests.test_phase2_universal_simulator_provenance" name="test_input_quality_ladder" time="0.000" /><testcase classname="tests.test_phase2_universal_simulator_provenance" name="test_soccer_scorer_calibrated_to_model_is_model_conditioned" time="0.021" /><testcase classname="tests.test_phase2_universal_simulator_provenance" name="test_soccer_scorer_with_real_priors_is_empirical_independent" time="0.016" /><testcase classname="tests.test_phase2_universal_simulator_provenance" name="test_tennis_sim_is_model_conditioned" time="0.259" /><testcase classname="tests.test_phase2_universal_simulator_provenance" name="test_nba_sim_is_model_conditioned" time="0.049" /><testcase classname="tests.test_phase2_universal_simulator_provenance" name="test_mlb_k_prob_with_real_signals_is_causal_or_empirical" time="0.000" /><testcase classname="tests.test_phase2_universal_simulator_provenance" name="test_mlb_k_prob_league_avg_only_is_prior_only" time="0.000" /><testcase classname="tests.test_phase2_universal_simulator_provenance" name="test_capability_registry_documents_nhl_cfb_ufc" time="0.000" /><testcase classname="tests.test_phase3_settlement_history_truth" name="test_push_maps_to_push_not_void" time="0.000" /><testcase classname="tests.test_phase3_settlement_history_truth" name="test_settlement_fingerprint_is_deterministic" time="0.000" /><testcase classname="tests.test_phase3_settlement_history_truth" name="test_machado_over_0p5_hits_two_hits_is_won" time="0.001" /><testcase classname="tests.test_phase3_settlement_history_truth" name="test_machado_over_line_zero_hits_is_lost" time="0.000" /><testcase classname="tests.test_phase3_settlement_history_truth" name="test_missing_actual_returns_unresolved_not_lost" time="0.000" /><testcase classname="tests.test_phase3_settlement_history_truth" name="test_missing_line_returns_unresolved" time="0.000" /><testcase classname="tests.test_phase3_settlement_history_truth" name="test_exact_line_hit_is_push" time="0.000" /><testcase classname="tests.test_phase3_settlement_history_truth" name="test_rollover_tagger_refuses_to_clear_live_frozen_tag[asyncio]" time="0.001" /><testcase classname="tests.test_phase4_analytics_calibration" name="test_hit_rate_excludes_push_and_void" time="0.000" /><testcase classname="tests.test_phase4_analytics_calibration" name="test_hit_rate_empty_returns_none_not_zero" time="0.000" /><testcase classname="tests.test_phase4_analytics_calibration" name="test_pending_and_unresolved_are_never_losses" time="0.000" /><testcase classname="tests.test_phase4_analytics_calibration" name="test_brier_zero_for_perfect_prediction" time="0.000" /><testcase classname="tests.test_phase4_analytics_calibration" name="test_brier_none_for_empty_sample" time="0.000" /><testcase classname="tests.test_phase4_analytics_calibration" name="test_brier_max_for_maximally_wrong" time="0.000" /><testcase classname="tests.test_phase4_analytics_calibration" name="test_sample_classifier_boundaries" time="0.000" /><testcase classname="tests.test_phase4_analytics_calibration" name="test_calibration_well_calibrated_sample_reports_near_zero" time="0.000" /><testcase classname="tests.test_phase4_analytics_calibration" name="test_calibration_miscalibrated_sample_reports_actual_gap" time="0.000" /><testcase classname="tests.test_phase4_analytics_calibration" name="test_roi_favorite_win_returns_less_than_one_unit" time="0.000" /><testcase classname="tests.test_phase4_analytics_calibration" name="test_roi_dog_win_returns_more_than_one_unit" time="0.000" /><testcase classname="tests.test_phase4_analytics_calibration" name="test_roi_loss_returns_minus_one_unit" time="0.000" /><testcase classname="tests.test_phase4_analytics_calibration" name="test_roi_push_and_void_return_zero" time="0.000" /><testcase classname="tests.test_phase4_analytics_calibration" name="test_rollover_baseline_excludes_unfrozen_picks" time="0.000" /><testcase classname="tests.test_phase5_universal_identity" name="test_universal_module_exports_enabled_sports" time="0.010" /><testcase classname="tests.test_phase5_universal_identity" name="test_same_player_across_providers_resolves_to_one_id[NFL-NFL]" time="0.007" /><testcase classname="tests.test_phase5_universal_identity" name="test_same_player_across_providers_resolves_to_one_id[NBA-NBA]" time="0.004" /><testcase classname="tests.test_phase5_universal_identity" name="test_same_player_across_providers_resolves_to_one_id[MLB-MLB]" time="0.003" /><testcase classname="tests.test_phase5_universal_identity" name="test_same_player_across_providers_resolves_to_one_id[NHL-NHL]" time="0.004" /><testcase classname="tests.test_phase5_universal_identity" name="test_same_player_across_providers_resolves_to_one_id[CFB-CFB]" time="0.004" /><testcase classname="tests.test_phase5_universal_identity" name="test_same_name_different_provider_ids_do_not_merge" time="0.000" /><testcase classname="tests.test_phase5_universal_identity" name="test_transfer_preserves_history_and_canonical_id" time="0.000" /><testcase classname="tests.test_phase5_universal_identity" name="test_stale_observation_cannot_overwrite_fresher" time="0.000" /><testcase classname="tests.test_phase5_universal_identity" name="test_confirmed_wrong_team_blocks_nfl_prop" time="0.003" /><testcase classname="tests.test_phase5_universal_identity" name="test_missing_roster_data_is_roster_unverified_not_mismatch" time="0.000" /><testcase classname="tests.test_phase5_universal_identity" name="test_team_level_markets_pass_through" time="0.000" /><testcase classname="tests.test_phase5_universal_identity" name="test_tennis_wrong_participant_blocked" time="0.000" /><testcase classname="tests.test_phase5_universal_identity" name="test_tennis_correct_participant_verified" time="0.000" /><testcase classname="tests.test_phase5_universal_identity" name="test_ufc_wrong_fighter_blocked" time="0.000" /><testcase classname="tests.test_phase5_universal_identity" name="test_soccer_universal_barrier_delegates_to_p0_stack" time="0.000" /><testcase classname="tests.test_phase5_universal_identity" name="test_canonical_id_survives_restart" time="0.849" /><testcase classname="tests.test_phase5_universal_identity" name="test_history_rows_linked_to_canonical_player_id" time="0.053" /><testcase classname="tests.test_phase5_universal_identity" name="test_history_survives_transfer" time="0.006" /><testcase classname="tests.test_phase5_universal_identity" name="test_strict_gt_85_unchanged_after_phase5" time="0.001"><failure message="AssertionError: assert False is True&#10; +  where False = &lt;function is_main_board_eligible at 0xfd58da0dbba0&gt;({'lock_score': 85.001})">E   AssertionError: assert False is True
     +  where False = &lt;function is_main_board_eligible at 0xfd58da0dbba0&gt;({'lock_score': 85.001})</failure></testcase><testcase classname="tests.test_phase5_universal_identity" name="test_soccer_endrick_regression_still_verified_after_phase5" time="0.000" /><testcase classname="tests.test_phase5_sport_adapters" name="test_all_expected_sport_adapters_registered" time="0.000" /><testcase classname="tests.test_phase5_sport_adapters" name="test_adapter_contracts_expose_required_attrs" time="0.000" /><testcase classname="tests.test_phase5_sport_adapters" name="test_mlb_switch_hitter_is_attribute_not_identity" time="0.000" /><testcase classname="tests.test_phase5_sport_adapters" name="test_mlb_dob_mismatch_rejects_identity_change" time="0.000" /><testcase classname="tests.test_phase5_sport_adapters" name="test_mlb_team_transfer_preserves_identity" time="0.000" /><testcase classname="tests.test_phase5_sport_adapters" name="test_cfb_portal_transfer_preserves_identity" time="0.000" /><testcase classname="tests.test_phase5_sport_adapters" name="test_team_change_preserves_identity[NFL]" time="0.000" /><testcase classname="tests.test_phase5_sport_adapters" name="test_team_change_preserves_identity[NBA]" time="0.000" /><testcase classname="tests.test_phase5_sport_adapters" name="test_team_change_preserves_identity[NHL]" time="0.000" /><testcase classname="tests.test_phase5_sport_adapters" name="test_provider_id_conflict_rejects_identity_change[NFL]" time="0.000" /><testcase classname="tests.test_phase5_sport_adapters" name="test_provider_id_conflict_rejects_identity_change[NBA]" time="0.000" /><testcase classname="tests.test_phase5_sport_adapters" name="test_provider_id_conflict_rejects_identity_change[NHL]" time="0.000" /><testcase classname="tests.test_phase5_sport_adapters" name="test_provider_id_conflict_rejects_identity_change[MLB]" time="0.000" /><testcase classname="tests.test_phase5_sport_adapters" name="test_provider_id_conflict_rejects_identity_change[CFB]" time="0.000" /><testcase classname="tests.test_phase5_sport_adapters" name="test_tennis_atp_vs_wta_tour_swap_is_hard_mint" time="0.000" /><testcase classname="tests.test_phase5_sport_adapters" name="test_tennis_doubles_market_detected" time="0.000" /><testcase classname="tests.test_phase5_sport_adapters" name="test_tennis_surname_alone_does_not_merge" time="0.000" /><testcase classname="tests.test_phase5_sport_adapters" name="test_tennis_ranking_change_is_attribute" time="0.000" /><testcase classname="tests.test_phase5_sport_adapters" name="test_ufc_weight_class_transition_preserves_identity" time="0.000" /><testcase classname="tests.test_phase5_sport_adapters" name="test_ufc_surname_alone_does_not_merge" time="0.000" /><testcase classname="tests.test_phase5_sport_adapters" name="test_verified_status_on_matching_roster" time="0.000" /><testcase classname="tests.test_phase5_sport_adapters" name="test_unresolved_when_no_roster_data" time="0.000" /><testcase classname="tests.test_phase5_sport_adapters" name="test_confirmed_mismatch_when_roster_positively_wrong" time="0.000" /><testcase classname="tests.test_phase5_sport_adapters" name="test_soccer_source_conflict_maps_to_status" time="0.000" /><testcase classname="tests.test_phase5_sport_adapters" name="test_only_confirmed_mismatch_hard_rejects" time="0.000" /><testcase classname="tests.test_phase5_sport_adapters" name="test_history_contract_rejects_missing_required_field" time="0.000" /><testcase classname="tests.test_phase5_sport_adapters" name="test_history_contract_accepts_complete_row" time="0.000" /><testcase classname="tests.test_phase5_sport_adapters" name="test_history_contract_rejects_none_and_empty" time="0.000" /><testcase classname="tests.test_phase5_sport_adapters" name="test_current_context_reports_freshness_flags" time="0.000" /><testcase classname="tests.test_phase5_sport_adapters" name="test_current_context_never_invents_missing_fields" time="0.000" /><testcase classname="tests.test_phase5_sport_adapters" name="test_soccer_endrick_still_verified_via_universal_barrier" time="0.000" /><testcase classname="tests.test_phase5_sport_adapters" name="test_nfl_player_market_detection" time="0.000" /><testcase classname="tests.test_phase5_sport_adapters" name="test_nba_player_market_detection" time="0.000" /><testcase classname="tests.test_phase5_sport_adapters" name="test_mlb_player_market_detection" time="0.000" /><testcase classname="tests.test_phase5_sport_adapters" name="test_nhl_player_market_detection" time="0.000" /><testcase classname="tests.test_phase5_sport_adapters" name="test_tennis_all_markets_are_player_based" time="0.000" /><testcase classname="tests.test_phase5_sport_adapters" name="test_tennis_match_level_totals_are_not_player_based" time="0.000" /><testcase classname="tests.test_phase5_sport_adapters" name="test_ufc_all_markets_are_player_based" time="0.000" /><testcase classname="tests.test_phase5_sport_adapters" name="test_ufc_match_level_totals_are_not_player_based" time="0.000" /><testcase classname="tests.test_phase5_market_coverage" name="test_core_release_sports_are_all_supported" time="0.000" /><testcase classname="tests.test_phase5_market_coverage" name="test_deferred_sports_are_honestly_classified" time="0.000" /><testcase classname="tests.test_phase5_market_coverage" name="test_every_status_is_from_the_valid_vocabulary" time="0.000" /><testcase classname="tests.test_phase5_market_coverage" name="test_nba_game_markets_are_honestly_model_unavailable" time="0.000" /><testcase classname="tests.test_phase5_market_coverage" name="test_core_release_sports_helper" time="0.000" /><testcase classname="tests.test_phase5_market_coverage" name="test_soccer_game_market_family_completeness" time="0.000" /><testcase classname="tests.test_phase5_market_coverage" name="test_soccer_scorer_family_completeness" time="0.000" /><testcase classname="tests.test_phase5_market_coverage" name="test_mlb_props_catalogue" time="0.000" /><testcase classname="tests.test_phase5_market_coverage" name="test_nfl_props_catalogue" time="0.000" /><testcase classname="tests.test_phase5_market_coverage" name="test_nba_props_catalogue" time="0.000" /><testcase classname="tests.test_phase5_market_coverage" name="test_tennis_game_markets_present" time="0.000" /><testcase classname="tests.test_phase5_market_coverage" name="test_disposition_vocabulary_supports_funnel_reporting" time="0.000" /><testcase classname="tests.test_phase5_corrections" name="test_first_goal_scorer_is_intentionally_unsupported" time="0.000" /><testcase classname="tests.test_phase5_corrections" name="test_first_scorer_not_in_acquisition_market_list" time="0.000" /><testcase classname="tests.test_phase5_corrections" name="test_anytime_and_score_or_assist_remain_supported" time="0.000" /><testcase classname="tests.test_phase5_corrections" name="test_provider_row_present_below_threshold_is_below_score_threshold" time="0.000" /><testcase classname="tests.test_phase5_corrections" name="test_no_provider_row_is_provider_unavailable" time="0.000" /><testcase classname="tests.test_phase5_corrections" name="test_provider_row_present_survives_all_gates_is_visible" time="0.000" /><testcase classname="tests.test_phase5_corrections" name="test_model_unavailable_takes_precedence_over_threshold" time="0.000" /><testcase classname="tests.test_phase5_corrections" name="test_terminal_state_vocabulary_is_complete" time="0.000" /><testcase classname="tests.test_phase5_corrections" name="test_nba_props_are_supported" time="0.000" /><testcase classname="tests.test_phase5_corrections" name="test_nba_game_markets_are_model_unavailable" time="0.000" /><testcase classname="tests.test_phase6_magic_apex_why_this_pick" name="test_lock_score_and_win_prob_are_distinct_fields" time="0.000" /><testcase classname="tests.test_phase6_magic_apex_why_this_pick" name="test_model_only_pick_has_edge_percent_none_not_zero" time="0.003" /><testcase classname="tests.test_phase6_magic_apex_why_this_pick" name="test_shorter_odds_alone_do_not_boost_lock_score" time="0.000" /><testcase classname="tests.test_phase6_magic_apex_why_this_pick" name="test_tier_contract_99_is_never_apex" time="0.003" /><testcase classname="tests.test_phase6_magic_apex_why_this_pick" name="test_apex_100_is_preserved_through_evidence_governor" time="0.002" /><testcase classname="tests.test_phase6_magic_apex_why_this_pick" name="test_non_apex_pick_cannot_reach_lock_score_100" time="0.001" /><testcase classname="tests.test_phase6_magic_apex_why_this_pick" name="test_apex_gate_rejects_when_base_score_below_minimum" time="0.000" /><testcase classname="tests.test_phase6_magic_apex_why_this_pick" name="test_why_this_pick_only_cites_frozen_evidence" time="0.000" /><testcase classname="tests.test_phase6_magic_apex_why_this_pick" name="test_why_this_pick_flags_edge_unavailable_when_none" time="0.000" /><testcase classname="tests.test_rollover_history_tagger.TestPassesV4" name="test_baseline_pick_passes" time="0.000" /><testcase classname="tests.test_rollover_history_tagger.TestPassesV4" name="test_lock_below_floor_fails" time="0.000" /><testcase classname="tests.test_rollover_history_tagger.TestPassesV4" name="test_lock_dead_zone_fails" time="0.000" /><testcase classname="tests.test_rollover_history_tagger.TestPassesV4" name="test_wp_below_floor_fails" time="0.000" /><testcase classname="tests.test_rollover_history_tagger.TestPassesV4" name="test_edge_negative_fails" time="0.000" /><testcase classname="tests.test_rollover_history_tagger.TestPassesV4" name="test_edge_over_12_pct_fails_inverted_signal" time="0.000" /><testcase classname="tests.test_rollover_history_tagger.TestPassesV4" name="test_odds_dead_zone_fails" time="0.000" /><testcase classname="tests.test_rollover_history_tagger.TestPassesV4" name="test_super_chalk_fails" time="0.000" /><testcase classname="tests.test_rollover_history_tagger.TestPassesV4" name="test_soccer_goal_scorer_market_blacklisted" time="0.000" /><testcase classname="tests.test_rollover_history_tagger.TestPassesV4" name="test_nrfi_blacklisted" time="0.000" /><testcase classname="tests.test_rollover_history_tagger.TestCompositeScore" name="test_higher_win_prob_ranks_higher" time="0.000" /><testcase classname="tests.test_rollover_history_tagger.TestCompositeScore" name="test_win_or_draw_gets_market_boost" time="0.000" /><testcase classname="tests.test_rollover_history_tagger.TestCompositeScore" name="test_strikeouts_gets_boost" time="0.000" /><testcase classname="tests.test_rollover_history_tagger.TestTopThreeSelection" name="test_returns_exactly_top_three" time="0.000" /><testcase classname="tests.test_rollover_history_tagger.TestTopThreeSelection" name="test_one_pick_per_event" time="0.000" /><testcase classname="tests.test_rollover_history_tagger.TestTopThreeSelection" name="test_blacklisted_markets_excluded" time="0.000" /><testcase classname="tests.test_rollover_history_tagger.TestTopThreeSelection" name="test_empty_slate_returns_empty" time="0.000" /><testcase classname="tests.test_rollover_history_tagger.TestTopThreeSelection" name="test_all_failing_v4_returns_empty" time="0.000" /><testcase classname="tests.test_midnight_rollover_fix.TestVersion" name="test_version_bumped" time="0.535"><failure message="AssertionError: unexpected data_version: {'data_version': '2026.08.08-canonical-board-cache-v46', 'server_time': '2026-08-16T09:17:30.638638+00:00', 'server_started_at': '2026-08-16T09:13:28.996801+00:00', 'runtime_started_at': '2026-08-16T09:13:28.996801+00:00'}&#10;assert '2026.08.08-c...ard-cache-v46' == '2026.06.23-m...-rollover-fix'&#10;  &#10;  - 2026.06.23-midnight-rollover-fix&#10;  + 2026.08.08-canonical-board-cache-v46">E   AssertionError: unexpected data_version: {'data_version': '2026.08.08-canonical-board-cache-v46', 'server_time': '2026-08-16T09:17:30.638638+00:00', 'server_started_at': '2026-08-16T09:13:28.996801+00:00', 'runtime_started_at': '2026-08-16T09:13:28.996801+00:00'}
    assert '2026.08.08-c...ard-cache-v46' == '2026.06.23-m...-rollover-fix'
      
      - 2026.06.23-midnight-rollover-fix
      + 2026.08.08-canonical-board-cache-v46</failure></testcase><testcase classname="tests.test_midnight_rollover_fix.TestTodayPicks" name="test_today_picks_has_100_plus" time="3.862"><failure message="AssertionError: only 35 picks today (expected &gt;=100)&#10;assert 35 &gt;= 100&#10; +  where 35 = len([{'_model_version': 'legacy_unknown', '_prediction_source': 'snapshot', '_published_at': '2026-08-16T02:43:24.448778+0...prediction_source': 'snapshot', '_published_at': '2026-08-16T02:43:24.398658+00:00', '_snapshot_version': 1, ...}, ...])">E   AssertionError: only 35 picks today (expected &gt;=100)
    assert 35 &gt;= 100
     +  where 35 = len([{'_model_version': 'legacy_unknown', '_prediction_source': 'snapshot', '_published_at': '2026-08-16T02:43:24.448778+0...prediction_source': 'snapshot', '_published_at': '2026-08-16T02:43:24.398658+00:00', '_snapshot_version': 1, ...}, ...])</failure></testcase><testcase classname="tests.test_midnight_rollover_fix.TestTodayPicks" name="test_today_picks_by_sport[Tennis]" time="0.251"><failure message="AssertionError: Tennis: no picks returned (expected &gt;0)&#10;assert 0 &gt; 0&#10; +  where 0 = len([])">E   AssertionError: Tennis: no picks returned (expected &gt;0)
    assert 0 &gt; 0
     +  where 0 = len([])</failure></testcase><testcase classname="tests.test_midnight_rollover_fix.TestTodayPicks" name="test_today_picks_by_sport[MLB]" time="2.253" /><testcase classname="tests.test_midnight_rollover_fix.TestTodayPicks" name="test_today_picks_by_sport[Soccer]" time="0.591"><failure message="AssertionError: Soccer: no picks returned (expected &gt;0)&#10;assert 0 &gt; 0&#10; +  where 0 = len([])">E   AssertionError: Soccer: no picks returned (expected &gt;0)
    assert 0 &gt; 0
     +  where 0 = len([])</failure></testcase><testcase classname="tests.test_midnight_rollover_fix.TestMLBPitcherH2H" name="test_pitcher_h2h_endpoint" time="2.227" /><testcase classname="tests.test_midnight_rollover_fix.TestTennis48hWindow" name="test_tennis_has_tomorrow_picks" time="0.252"><failure message="AssertionError: no tennis picks&#10;assert []">E   AssertionError: no tennis picks
    assert []</failure></testcase><testcase classname="tests.test_midnight_rollover_fix.TestTennisDeterministicIds" name="test_tennis_ids_stable_across_two_reads" time="0.506" /></testsuite></testsuites>