<?xml version="1.0" encoding="utf-8"?><testsuites name="pytest tests"><testsuite name="pytest" errors="0" failures="0" skipped="0" tests="7" time="2.283" timestamp="2026-07-15T00:07:24.611142+00:00" hostname="agent-env-93a69330-f56d-4f3b-acb6-13d1c1667ce0"><testcase classname="tests.test_iter75_live_integration.TestStuffPlusLive" name="test_savant_csv_fetch_live" time="0.185" /><testcase classname="tests.test_iter75_live_integration.TestStuffPlusLive" name="test_refresh_and_shape_and_lookup_and_enrich" time="0.331" /><testcase classname="tests.test_iter75_live_integration.TestMlbDeepStuffPlusNudge" name="test_elite_stuff_boosts_over_k" time="0.000" /><testcase classname="tests.test_iter75_live_integration.TestMlbDeepStuffPlusNudge" name="test_weak_stuff_fades_over_k" time="0.000" /><testcase classname="tests.test_iter75_live_integration.TestMlbDeepStuffPlusNudge" name="test_elite_stuff_fades_under_k" time="0.000" /><testcase classname="tests.test_iter75_live_integration.TestTennisTmlStatsLive" name="test_challenger_year_live" time="1.013" /><testcase classname="tests.test_iter75_live_integration.TestTennisTmlStatsLive" name="test_atp_quali_year_live" time="0.604" /></testsuite></testsuites>