<?xml version="1.0" encoding="utf-8"?><testsuites name="pytest tests"><testsuite name="pytest" errors="0" failures="0" skipped="0" tests="6" time="1.333" timestamp="2026-06-28T05:45:20.502469+00:00" hostname="agent-env-93a69330-f56d-4f3b-acb6-13d1c1667ce0"><testcase classname="tests.test_csl_espn_live_iter64" name="test_version_endpoint_returns_200" time="0.248" /><testcase classname="tests.test_csl_espn_live_iter64" name="test_picks_today_returns_200_and_payload" time="0.759" /><testcase classname="tests.test_csl_espn_live_iter64" name="test_picks_rollover_has_no_goal_scorer_markets" time="0.073" /><testcase classname="tests.test_csl_espn_live_iter64" name="test_csl_espn_refresh_log_line_emitted" time="0.055" /><testcase classname="tests.test_csl_espn_live_iter64" name="test_csl_espn_module_direct_assertions" time="0.118" /><testcase classname="tests.test_csl_espn_live_iter64" name="test_no_synth_csl_pick_references_inactive_player" time="0.012" /></testsuite></testsuites>