<?xml version="1.0" encoding="utf-8"?><testsuites name="pytest tests"><testsuite name="pytest" errors="0" failures="0" skipped="0" tests="5" time="16.145" timestamp="2026-09-18T12:33:17.866611+00:00" hostname="agent-env-94a57b11-1651-4cbd-8cc5-d049697d5eae"><testcase classname="tests.test_iter140_continuation.TestRefreshHealth" name="test_refresh_health_shape" time="7.701" /><testcase classname="tests.test_iter140_continuation.TestRefreshHealth" name="test_mlb_cfb_upcoming_72h_gt_zero" time="2.024" /><testcase classname="tests.test_iter140_continuation.TestHistoricalIntelligence" name="test_nfl_hi_provenance_clean" time="2.983" /><testcase classname="tests.test_iter140_continuation.TestHistoricalIntelligence" name="test_soccer_kane_hi_two_scopes" time="0.083" /><testcase classname="tests.test_iter140_continuation.TestPicksTodayLockSort" name="test_lock_desc_monotonic_and_includes_mlb_cfb" time="3.246" /></testsuite></testsuites>