<?xml version="1.0" encoding="utf-8"?><testsuites name="pytest tests"><testsuite name="pytest" errors="0" failures="0" skipped="0" tests="22" time="0.082" timestamp="2026-07-15T00:05:27.625385+00:00" hostname="agent-env-93a69330-f56d-4f3b-acb6-13d1c1667ce0"><testcase classname="tests.test_mlb_stuff_plus.TestScaleMappings" name="test_stuff_plus_neutral" time="0.000" /><testcase classname="tests.test_mlb_stuff_plus.TestScaleMappings" name="test_stuff_plus_elite" time="0.000" /><testcase classname="tests.test_mlb_stuff_plus.TestScaleMappings" name="test_stuff_plus_terrible" time="0.000" /><testcase classname="tests.test_mlb_stuff_plus.TestScaleMappings" name="test_stuff_plus_clamped" time="0.000" /><testcase classname="tests.test_mlb_stuff_plus.TestScaleMappings" name="test_location_plus_neutral" time="0.000" /><testcase classname="tests.test_mlb_stuff_plus.TestScaleMappings" name="test_location_plus_elite" time="0.000" /><testcase classname="tests.test_mlb_stuff_plus.TestScaleMappings" name="test_location_plus_bad" time="0.000" /><testcase classname="tests.test_mlb_stuff_plus.TestAggregation" name="test_ignores_below_min_pitches" time="0.000" /><testcase classname="tests.test_mlb_stuff_plus.TestAggregation" name="test_composite_pitching_plus_60_40" time="0.000" /><testcase classname="tests.test_mlb_stuff_plus.TestAggregation" name="test_usage_weighted" time="0.000" /><testcase classname="tests.test_mlb_stuff_plus.TestPitcherExtraction" name="test_strikeouts_pick" time="0.000" /><testcase classname="tests.test_mlb_stuff_plus.TestPitcherExtraction" name="test_outs_recorded" time="0.000" /><testcase classname="tests.test_mlb_stuff_plus.TestPitcherExtraction" name="test_hitter_market_ignored" time="0.000" /><testcase classname="tests.test_mlb_stuff_plus.TestPitcherExtraction" name="test_team_market_ignored" time="0.000" /><testcase classname="tests.test_coverage_expansion_iter75.TestLigaMxCoverage" name="test_liga_mx_in_league_codes" time="0.004" /><testcase classname="tests.test_coverage_expansion_iter75.TestLigaMxCoverage" name="test_liga_mx_in_extra_leagues_file" time="0.000" /><testcase classname="tests.test_coverage_expansion_iter75.TestLigaMxCoverage" name="test_liga_mx_in_thesportsdb" time="0.000" /><testcase classname="tests.test_coverage_expansion_iter75.TestLigaMxCoverage" name="test_extra_leagues_parser_produces_liga_mx" time="0.000" /><testcase classname="tests.test_coverage_expansion_iter75.TestTmlStatsSource" name="test_challenger_url_format" time="0.001" /><testcase classname="tests.test_coverage_expansion_iter75.TestTmlStatsSource" name="test_fetch_challenger_year_parses_rows" time="0.001" /><testcase classname="tests.test_coverage_expansion_iter75.TestTmlStatsSource" name="test_fetch_atp_quali_url_correct" time="0.000" /><testcase classname="tests.test_coverage_expansion_iter75.TestTmlStatsSource" name="test_fetch_all_years_combines" time="0.000" /></testsuite></testsuites>