<?xml version="1.0" encoding="utf-8"?><testsuites name="pytest tests"><testsuite name="pytest" errors="0" failures="1" skipped="0" tests="38" time="2.683" timestamp="2026-07-13T23:23:04.086698+00:00" hostname="agent-env-93a69330-f56d-4f3b-acb6-13d1c1667ce0"><testcase classname="tests.test_mlb_grading_validator_iter70.TestModuleContract" name="test_module_imports" time="0.039" /><testcase classname="tests.test_mlb_grading_validator_iter70.TestModuleContract" name="test_exposes_soccer_verifier" time="0.000" /><testcase classname="tests.test_mlb_grading_validator_iter70.TestModuleContract" name="test_exposes_mlb_verifier" time="0.000" /><testcase classname="tests.test_mlb_grading_validator_iter70.TestModuleContract" name="test_exposes_loop" time="0.000" /><testcase classname="tests.test_mlb_grading_validator_iter70.TestModuleContract" name="test_exposes_mlb_prop_verifier" time="0.000" /><testcase classname="tests.test_mlb_grading_validator_iter70.TestMlbStatMap" name="test_stat_map_has_required_entries" time="0.000" /><testcase classname="tests.test_mlb_grading_validator_iter70.TestMlbStatMap" name="test_stat_map_values_are_statsapi_camelcase" time="0.000" /><testcase classname="tests.test_mlb_grading_validator_iter70.TestMlbVerifyPropParsing" name="test_returns_none_when_missing_selection" time="0.000" /><testcase classname="tests.test_mlb_grading_validator_iter70.TestMlbVerifyPropParsing" name="test_returns_none_when_missing_event_time" time="0.000" /><testcase classname="tests.test_mlb_grading_validator_iter70.TestMlbVerifyPropParsing" name="test_returns_none_when_market_family_unknown" time="0.000" /><testcase classname="tests.test_mlb_grading_validator_iter70.TestMlbVerifyPropParsing" name="test_regex_recognizes_market_family[Strikeouts Over 6.5]" time="0.187" /><testcase classname="tests.test_mlb_grading_validator_iter70.TestMlbVerifyPropParsing" name="test_regex_recognizes_market_family[Hits Over 0.5]" time="0.090" /><testcase classname="tests.test_mlb_grading_validator_iter70.TestMlbVerifyPropParsing" name="test_regex_recognizes_market_family[Home Run Over 0.5]" time="0.086" /><testcase classname="tests.test_mlb_grading_validator_iter70.TestMlbVerifyPropParsing" name="test_regex_recognizes_market_family[Total Bases Over 1.5]" time="0.082" /><testcase classname="tests.test_mlb_grading_validator_iter70.TestMlbVerifyPropParsing" name="test_regex_recognizes_market_family[RBI Over 0.5]" time="0.082" /><testcase classname="tests.test_mlb_grading_validator_iter70.TestMlbVerifyPropParsing" name="test_regex_recognizes_market_family[Outs Recorded Over 17.5]" time="0.086" /><testcase classname="tests.test_mlb_grading_validator_iter70.TestMlbVerifyPropParsing" name="test_regex_recognizes_market_family[Runs Scored Over 0.5]" time="0.091" /><testcase classname="tests.test_mlb_grading_validator_iter70.TestLoopWiring" name="test_loop_source_calls_both_verifiers" time="0.003" /><testcase classname="tests.test_mlb_grading_validator_iter70.TestReopenedMlbPicks" name="test_grade_disagreement_field_exists_in_db" time="0.082" /><testcase classname="tests.test_mlb_grading_validator_iter70.TestReopenedMlbPicks" name="test_grade_disagreement_count_bulk" time="0.010"><failure message="AssertionError: expected many MLB reopened picks, found only 0&#10;assert 0 &gt;= 10">tests/test_mlb_grading_validator_iter70.py:257: in test_grade_disagreement_count_bulk
    assert n &gt;= 10, f"expected many MLB reopened picks, found only {n}"
E   AssertionError: expected many MLB reopened picks, found only 0
E   assert 0 &gt;= 10</failure></testcase><testcase classname="tests.test_mlb_grading_validator_iter70.TestReopenedMlbPicks" name="test_named_reopened_pick_exists[Zack Wheeler]" time="0.021" /><testcase classname="tests.test_mlb_grading_validator_iter70.TestReopenedMlbPicks" name="test_named_reopened_pick_exists[Trea Turner]" time="0.020" /><testcase classname="tests.test_mlb_grading_validator_iter70.TestReopenedMlbPicks" name="test_named_reopened_pick_exists[Francisco Lindor]" time="0.020" /><testcase classname="tests.test_mlb_grading_validator_iter70.TestReopenedMlbPicks" name="test_named_reopened_pick_exists[Noah Schultz]" time="0.019" /><testcase classname="tests.test_mlb_grading_validator_iter70.TestHistorySortOrder" name="test_history_returns_200" time="1.533" /><testcase classname="tests.test_mlb_grading_validator_iter70.TestHistorySortOrder" name="test_event_time_desc" time="0.001" /><testcase classname="tests.test_mlb_grading_validator_iter70.TestFanDuelSoccerRegression" name="test_player_status[Robbie Ure-won]" time="0.002" /><testcase classname="tests.test_mlb_grading_validator_iter70.TestFanDuelSoccerRegression" name="test_player_status[Isak Bjerkebo-won]" time="0.002" /><testcase classname="tests.test_mlb_grading_validator_iter70.TestFanDuelSoccerRegression" name="test_player_status[Paulos Abraham-won]" time="0.002" /><testcase classname="tests.test_mlb_grading_validator_iter70.TestFanDuelSoccerRegression" name="test_player_status[Erik Botheim-won]" time="0.002" /><testcase classname="tests.test_mlb_grading_validator_iter70.TestFanDuelSoccerRegression" name="test_player_status[Mikkel Ladefoged-won]" time="0.002" /><testcase classname="tests.test_mlb_grading_validator_iter70.TestFanDuelSoccerRegression" name="test_player_status[Kristian Lien-won]" time="0.002" /><testcase classname="tests.test_mlb_grading_validator_iter70.TestFanDuelSoccerRegression" name="test_player_status[Kasper H\xf8gh-lost]" time="0.002" /><testcase classname="tests.test_mlb_grading_validator_iter70.TestFanDuelSoccerRegression" name="test_player_status[Peter Christiansen-lost]" time="0.002" /><testcase classname="tests.test_mlb_grading_validator_iter70.TestMlbStatsApiUpstream" name="test_schedule_endpoint_reachable" time="0.075" /><testcase classname="tests.test_mlb_grading_validator_iter70.TestReopenedPickRegrade" name="test_wheeler_2026_07_12_strikeouts_correct_after_regrade" time="0.010" /><testcase classname="tests.test_mlb_grading_validator_iter70.TestReopenedPickRegrade" name="test_wheeler_2026_07_12_outs_correct_after_regrade" time="0.009" /><testcase classname="tests.test_mlb_grading_validator_iter70.TestReopenedPickRegrade" name="test_no_stale_grade_disagreement_after_regrade" time="0.020" /></testsuite></testsuites>