<?xml version="1.0" encoding="utf-8"?><testsuites name="pytest tests"><testsuite name="pytest" errors="0" failures="0" skipped="0" tests="70" time="5.351" timestamp="2026-07-13T23:23:30.859438+00:00" hostname="agent-env-93a69330-f56d-4f3b-acb6-13d1c1667ce0"><testcase classname="tests.test_mlb_grading_validator_iter70.TestModuleContract" name="test_module_imports" time="0.033" /><testcase classname="tests.test_mlb_grading_validator_iter70.TestModuleContract" name="test_exposes_soccer_verifier" time="0.000" /><testcase classname="tests.test_mlb_grading_validator_iter70.TestModuleContract" name="test_exposes_mlb_verifier" time="0.000" /><testcase classname="tests.test_mlb_grading_validator_iter70.TestModuleContract" name="test_exposes_loop" time="0.000" /><testcase classname="tests.test_mlb_grading_validator_iter70.TestModuleContract" name="test_exposes_mlb_prop_verifier" time="0.000" /><testcase classname="tests.test_mlb_grading_validator_iter70.TestMlbStatMap" name="test_stat_map_has_required_entries" time="0.000" /><testcase classname="tests.test_mlb_grading_validator_iter70.TestMlbStatMap" name="test_stat_map_values_are_statsapi_camelcase" time="0.000" /><testcase classname="tests.test_mlb_grading_validator_iter70.TestMlbVerifyPropParsing" name="test_returns_none_when_missing_selection" time="0.000" /><testcase classname="tests.test_mlb_grading_validator_iter70.TestMlbVerifyPropParsing" name="test_returns_none_when_missing_event_time" time="0.000" /><testcase classname="tests.test_mlb_grading_validator_iter70.TestMlbVerifyPropParsing" name="test_returns_none_when_market_family_unknown" time="0.000" /><testcase classname="tests.test_mlb_grading_validator_iter70.TestMlbVerifyPropParsing" name="test_regex_recognizes_market_family[Strikeouts Over 6.5]" time="0.146" /><testcase classname="tests.test_mlb_grading_validator_iter70.TestMlbVerifyPropParsing" name="test_regex_recognizes_market_family[Hits Over 0.5]" time="0.087" /><testcase classname="tests.test_mlb_grading_validator_iter70.TestMlbVerifyPropParsing" name="test_regex_recognizes_market_family[Home Run Over 0.5]" time="0.091" /><testcase classname="tests.test_mlb_grading_validator_iter70.TestMlbVerifyPropParsing" name="test_regex_recognizes_market_family[Total Bases Over 1.5]" time="0.089" /><testcase classname="tests.test_mlb_grading_validator_iter70.TestMlbVerifyPropParsing" name="test_regex_recognizes_market_family[RBI Over 0.5]" time="0.084" /><testcase classname="tests.test_mlb_grading_validator_iter70.TestMlbVerifyPropParsing" name="test_regex_recognizes_market_family[Outs Recorded Over 17.5]" time="0.086" /><testcase classname="tests.test_mlb_grading_validator_iter70.TestMlbVerifyPropParsing" name="test_regex_recognizes_market_family[Runs Scored Over 0.5]" time="0.092" /><testcase classname="tests.test_mlb_grading_validator_iter70.TestLoopWiring" name="test_loop_source_calls_both_verifiers" time="0.003" /><testcase classname="tests.test_mlb_grading_validator_iter70.TestReopenedMlbPicks" name="test_grade_disagreement_field_exists_in_db" time="0.083" /><testcase classname="tests.test_mlb_grading_validator_iter70.TestReopenedMlbPicks" name="test_grade_disagreement_count_bulk" time="0.010" /><testcase classname="tests.test_mlb_grading_validator_iter70.TestReopenedMlbPicks" name="test_named_reopened_pick_exists[Zack Wheeler]" time="0.020" /><testcase classname="tests.test_mlb_grading_validator_iter70.TestReopenedMlbPicks" name="test_named_reopened_pick_exists[Trea Turner]" time="0.020" /><testcase classname="tests.test_mlb_grading_validator_iter70.TestReopenedMlbPicks" name="test_named_reopened_pick_exists[Francisco Lindor]" time="0.019" /><testcase classname="tests.test_mlb_grading_validator_iter70.TestReopenedMlbPicks" name="test_named_reopened_pick_exists[Noah Schultz]" time="0.020" /><testcase classname="tests.test_mlb_grading_validator_iter70.TestHistorySortOrder" name="test_history_returns_200" time="1.483" /><testcase classname="tests.test_mlb_grading_validator_iter70.TestHistorySortOrder" name="test_event_time_desc" time="0.001" /><testcase classname="tests.test_mlb_grading_validator_iter70.TestFanDuelSoccerRegression" name="test_player_status[Robbie Ure-won]" time="0.002" /><testcase classname="tests.test_mlb_grading_validator_iter70.TestFanDuelSoccerRegression" name="test_player_status[Isak Bjerkebo-won]" time="0.002" /><testcase classname="tests.test_mlb_grading_validator_iter70.TestFanDuelSoccerRegression" name="test_player_status[Paulos Abraham-won]" time="0.002" /><testcase classname="tests.test_mlb_grading_validator_iter70.TestFanDuelSoccerRegression" name="test_player_status[Erik Botheim-won]" time="0.002" /><testcase classname="tests.test_mlb_grading_validator_iter70.TestFanDuelSoccerRegression" name="test_player_status[Mikkel Ladefoged-won]" time="0.002" /><testcase classname="tests.test_mlb_grading_validator_iter70.TestFanDuelSoccerRegression" name="test_player_status[Kristian Lien-won]" time="0.002" /><testcase classname="tests.test_mlb_grading_validator_iter70.TestFanDuelSoccerRegression" name="test_player_status[Kasper H\xf8gh-lost]" time="0.002" /><testcase classname="tests.test_mlb_grading_validator_iter70.TestFanDuelSoccerRegression" name="test_player_status[Peter Christiansen-lost]" time="0.002" /><testcase classname="tests.test_mlb_grading_validator_iter70.TestMlbStatsApiUpstream" name="test_schedule_endpoint_reachable" time="0.074" /><testcase classname="tests.test_mlb_grading_validator_iter70.TestReopenedPickRegrade" name="test_wheeler_2026_07_12_strikeouts_correct_after_regrade" time="0.010" /><testcase classname="tests.test_mlb_grading_validator_iter70.TestReopenedPickRegrade" name="test_wheeler_2026_07_12_outs_correct_after_regrade" time="0.009" /><testcase classname="tests.test_mlb_grading_validator_iter70.TestReopenedPickRegrade" name="test_no_stale_grade_disagreement_after_regrade" time="0.020" /><testcase classname="tests.test_mlb_grading_fix_iter71.TestMlbFindGameByEventTime" name="test_prefers_07_12_when_event_time_is_07_12" time="0.001" /><testcase classname="tests.test_mlb_grading_fix_iter71.TestMlbFindGameByEventTime" name="test_prefers_07_11_when_event_time_is_07_11" time="0.000" /><testcase classname="tests.test_mlb_grading_fix_iter71.TestMlbFindGameByEventTime" name="test_final_beats_live_regardless_of_distance" time="0.000" /><testcase classname="tests.test_mlb_grading_fix_iter71.TestMlbFindGameByEventTime" name="test_returns_none_when_no_team_match" time="0.000" /><testcase classname="tests.test_mlb_grading_fix_iter71.TestMlbStatForPlayerPositionRouting" name="test_pitcher_strikeouts_reads_pitching_block" time="0.000" /><testcase classname="tests.test_mlb_grading_fix_iter71.TestMlbStatForPlayerPositionRouting" name="test_pitcher_outs_recorded" time="0.000" /><testcase classname="tests.test_mlb_grading_fix_iter71.TestMlbStatForPlayerPositionRouting" name="test_pitcher_walks_reads_pitching" time="0.000" /><testcase classname="tests.test_mlb_grading_fix_iter71.TestMlbStatForPlayerPositionRouting" name="test_hitter_hits_reads_batting" time="0.000" /><testcase classname="tests.test_mlb_grading_fix_iter71.TestMlbStatForPlayerPositionRouting" name="test_hitter_total_bases_reads_batting" time="0.000" /><testcase classname="tests.test_mlb_grading_fix_iter71.TestMarketStatsCoverage" name="test_total_bases_maps" time="0.000" /><testcase classname="tests.test_mlb_grading_fix_iter71.TestMarketStatsCoverage" name="test_runs_scored_maps" time="0.000" /><testcase classname="tests.test_mlb_grading_fix_iter71.TestMarketStatsCoverage" name="test_home_run_singular_maps" time="0.000" /><testcase classname="tests.test_mlb_grading_fix_iter71.TestMarketStatsCoverage" name="test_home_runs_plural_still_maps" time="0.000" /><testcase classname="tests.test_mlb_grading_fix_iter71.TestMarketStatsCoverage" name="test_outs_recorded_maps" time="0.000" /><testcase classname="tests.test_mlb_grading_fix_iter71.TestMarketStatsCoverage" name="test_strikeouts_maps" time="0.000" /><testcase classname="tests.test_mlb_grading_fix_iter71.TestHitsRunsRbisCombo" name="test_settler_combo_flag_present_in_source" time="0.001" /><testcase classname="tests.test_mlb_grading_fix_iter71.TestHitsRunsRbisCombo" name="test_validator_combo_branch_present" time="0.003" /><testcase classname="tests.test_mlb_grading_fix_iter71.TestHitsRunsRbisCombo" name="test_validator_sums_hits_runs_rbi_correctly" time="0.000" /><testcase classname="tests.test_mlb_grading_fix_iter71.TestHitsRunsRbisCombo" name="test_settler_combo_uses_hits_runs_rbi_keys" time="0.000" /><testcase classname="tests.test_mlb_grading_fix_iter71.TestStuckPickReaperGuard" name="test_reaper_query_excludes_grade_disagreement" time="0.000" /><testcase classname="tests.test_mlb_grading_fix_iter71.TestStuckPickReaperGuard" name="test_reaper_does_not_void_disagreement_picks" time="0.000" /><testcase classname="tests.test_mlb_grading_fix_iter71.TestValidatorClearsStaleFlag" name="test_agreement_branch_unsets_flag" time="0.000" /><testcase classname="tests.test_mlb_grading_fix_iter71.TestPostFixDbState" name="test_no_remaining_grade_disagreement_flags" time="0.011" /><testcase classname="tests.test_mlb_grading_fix_iter71.TestPostFixDbState" name="test_no_stale_disagreement_on_settled_picks" time="0.013" /><testcase classname="tests.test_mlb_grading_fix_iter71.TestPostFixDbState" name="test_wheeler_2026_07_12_strikeouts_won" time="0.009" /><testcase classname="tests.test_mlb_grading_fix_iter71.TestPostFixDbState" name="test_wheeler_2026_07_12_outs_recorded_won" time="0.008" /><testcase classname="tests.test_mlb_grading_fix_iter71.TestPostFixDbState" name="test_altuve_2026_07_04_hits_lost" time="0.006" /><testcase classname="tests.test_mlb_grading_fix_iter71.TestPostFixDbState" name="test_machado_2026_07_09_hits_lost" time="0.008" /><testcase classname="tests.test_mlb_grading_fix_iter71.TestPostFixDbState" name="test_turner_2026_07_02_hits_runs_rbi_won" time="0.006" /><testcase classname="tests.test_mlb_grading_fix_iter71.TestHistorySortOrder" name="test_history_endpoint_returns_200" time="1.465" /><testcase classname="tests.test_mlb_grading_fix_iter71.TestHistorySortOrder" name="test_history_desc_by_event_time" time="1.209" /><testcase classname="tests.test_mlb_grading_fix_iter71.TestValidatorRegexCoverage" name="test_verify_recent_mlb_grades_regex_includes_all_families" time="0.001" /></testsuite></testsuites>