<?xml version="1.0" encoding="utf-8"?><testsuites name="pytest tests"><testsuite name="pytest" errors="0" failures="1" skipped="1" tests="12" time="7.291" timestamp="2026-07-25T01:06:01.122549+00:00" hostname="agent-env-2bd2a12d-e333-4faf-bcf8-e2fdf8442d14"><testcase classname="tests.test_iter93_odds_provider_and_mls_gate.TestOddsHealthEndpoint" name="test_odds_health_returns_expected_keys" time="2.080" /><testcase classname="tests.test_iter93_odds_provider_and_mls_gate.TestPicksEnvelopeAndDecoration" name="test_envelope_has_odds_provider" time="0.885" /><testcase classname="tests.test_iter93_odds_provider_and_mls_gate.TestPicksEnvelopeAndDecoration" name="test_every_pick_has_odds_tags" time="0.000" /><testcase classname="tests.test_iter93_odds_provider_and_mls_gate.TestPicksEnvelopeAndDecoration" name="test_live_path_tags" time="0.000" /><testcase classname="tests.test_iter93_odds_provider_and_mls_gate.TestPicksEnvelopeAndDecoration" name="test_mlb_perf" time="0.000" /><testcase classname="tests.test_iter93_odds_provider_and_mls_gate.TestOddsProviderCircuitBreakerInProcess" name="test_report_failure_flips_to_degraded_and_decorate_backup" time="0.037" /><testcase classname="tests.test_iter93_odds_provider_and_mls_gate.TestOddsProviderCircuitBreakerInProcess" name="test_report_success_clears_state_and_penalty_zero" time="0.001" /><testcase classname="tests.test_iter93_odds_provider_and_mls_gate.TestMLSDataQualityGate" name="test_soccer_perf" time="3.151" /><testcase classname="tests.test_iter93_odds_provider_and_mls_gate.TestMLSDataQualityGate" name="test_data_quality_gate_no_zero_sample_scorer_picks" time="0.001" /><testcase classname="tests.test_iter93_odds_provider_and_mls_gate.TestMLSDataQualityGate" name="test_scorer_and_assist_have_real_stat_rationale" time="0.001" /><testcase classname="tests.test_iter93_odds_provider_and_mls_gate.TestMLSDataQualityGate" name="test_mls_tiebreaker_regression_iter92" time="0.000"><failure message="AssertionError: iter-92 regression: expected &gt;=3 goal-scorer/involvement in top-10, got 0. Top-10 market_types: ['anytime_assist', 'anytime_assist', 'anytime_assist', 'anytime_assist', 'anytime_assist', 'anytime_assist', 'anytime_assist', 'anytime_assist', 'anytime_assist', None]&#10;assert 0 &gt;= 3">tests/test_iter93_odds_provider_and_mls_gate.py:269: in test_mls_tiebreaker_regression_iter92
    assert scorer_like_count &gt;= 3, \
E   AssertionError: iter-92 regression: expected &gt;=3 goal-scorer/involvement in top-10, got 0. Top-10 market_types: ['anytime_assist', 'anytime_assist', 'anytime_assist', 'anytime_assist', 'anytime_assist', 'anytime_assist', 'anytime_assist', 'anytime_assist', 'anytime_assist', None]
E   assert 0 &gt;= 3</failure></testcase><testcase classname="tests.test_iter93_odds_provider_and_mls_gate.TestMLBH2HRegression" name="test_h2h_bullet_present_on_at_least_one_batter" time="1.003"><skipped type="pytest.skip" message="No MLB batter picks on today's cold slate (7 total picks) — cannot regress iter-91 H2H bullet">/app/backend/tests/test_iter93_odds_provider_and_mls_gate.py:293: No MLB batter picks on today's cold slate (7 total picks) — cannot regress iter-91 H2H bullet</skipped></testcase></testsuite></testsuites>