<?xml version="1.0" encoding="utf-8"?><testsuites name="pytest tests"><testsuite name="pytest" errors="0" failures="0" skipped="0" tests="4" time="11.443" timestamp="2026-07-24T23:04:26.754638+00:00" hostname="agent-env-2bd2a12d-e333-4faf-bcf8-e2fdf8442d14"><testcase classname="tests.test_iter91_batter_h2h_multi_season" name="test_fetch_batter_h2h_multiseason_ohtani_mets" time="0.639" /><testcase classname="tests.test_iter91_batter_h2h_multi_season" name="test_perf_cold_under_10s_warm_under_6s" time="8.742" /><testcase classname="tests.test_iter91_batter_h2h_multi_season" name="test_deepdive_recent_long_across_multiple_years" time="1.984" /><testcase classname="tests.test_iter91_batter_h2h_multi_season" name="test_h2h_signal_wired_into_why_this_pick" time="0.000" /></testsuite></testsuites>