<?xml version="1.0" encoding="utf-8"?><testsuites name="pytest tests"><testsuite name="pytest" errors="0" failures="0" skipped="0" tests="7" time="17.940" timestamp="2026-07-24T19:47:19.945421+00:00" hostname="agent-env-2bd2a12d-e333-4faf-bcf8-e2fdf8442d14"><testcase classname="tests.test_iter81_contradiction_and_mls.TestMLBNoContradictions" name="test_no_strikeout_over_under_contradictions" time="3.655" /><testcase classname="tests.test_iter81_contradiction_and_mls.TestMLBNoContradictions" name="test_no_skubal_over_and_under" time="2.494" /><testcase classname="tests.test_iter81_contradiction_and_mls.TestMLBNoContradictions" name="test_no_drohan_over_and_under" time="2.513" /><testcase classname="tests.test_iter81_contradiction_and_mls.TestMLSGoalScorerVisible" name="test_mls_has_both_goal_scorer_and_assist" time="0.671" /><testcase classname="tests.test_iter81_contradiction_and_mls.TestPinFilterLiveDelete" name="test_live_delete_no_bet_only" time="0.087" /><testcase classname="tests.test_iter81_contradiction_and_mls.TestReconcilerTagsNoBet" name="test_reconciler_tags_loser_no_bet" time="1.932" /><testcase classname="tests.test_iter81_contradiction_and_mls.TestBackendHealth" name="test_picks_today_all_sports_200" time="6.494" /></testsuite></testsuites>