<?xml version="1.0" encoding="utf-8"?><testsuites name="pytest tests"><testsuite name="pytest" errors="0" failures="0" skipped="0" tests="14" time="4.612" timestamp="2026-07-12T09:40:13.251186+00:00" hostname="agent-env-93a69330-f56d-4f3b-acb6-13d1c1667ce0"><testcase classname="backend.tests.test_signal_engine_phase_a.TestAuth" name="test_login_returns_access_token" time="0.392" /><testcase classname="backend.tests.test_signal_engine_phase_a.TestPicksTodayLite" name="test_every_pick_has_numeric_signal_score" time="0.933" /><testcase classname="backend.tests.test_signal_engine_phase_a.TestPicksTodayLite" name="test_signal_score_in_range" time="0.000" /><testcase classname="backend.tests.test_signal_engine_phase_a.TestPicksTodayLite" name="test_lite_strip_removes_heavy_block" time="0.000" /><testcase classname="backend.tests.test_signal_engine_phase_a.TestPickDetailSignalEngine" name="test_signal_engine_block_shape" time="0.097" /><testcase classname="backend.tests.test_signal_engine_phase_a.TestPickDetailSignalEngine" name="test_components_six_universal_signals" time="0.000" /><testcase classname="backend.tests.test_signal_engine_phase_a.TestPickDetailSignalEngine" name="test_why_non_empty_with_real_numbers" time="0.000" /><testcase classname="backend.tests.test_signal_engine_phase_a.TestPickDetailSignalEngine" name="test_score_matches_top_level" time="0.000" /><testcase classname="backend.tests.test_signal_engine_phase_a.TestFreshness" name="test_computed_at_stable_within_window" time="2.245" /><testcase classname="backend.tests.test_signal_engine_phase_a.TestRollover" name="test_rollover_returns_200" time="0.150" /><testcase classname="backend.tests.test_signal_engine_phase_a.TestRollover" name="test_legs_have_signal_score_and_composite_rank" time="0.113" /><testcase classname="backend.tests.test_signal_engine_phase_a.TestRegressionNo500" name="test_no_500[/api/picks/all]" time="0.323" /><testcase classname="backend.tests.test_signal_engine_phase_a.TestRegressionNo500" name="test_no_500[/api/picks/under-of-the-day]" time="0.112" /><testcase classname="backend.tests.test_signal_engine_phase_a.TestRegressionNo500" name="test_no_500[/api/stats/summary]" time="0.157" /></testsuite></testsuites>