<?xml version="1.0" encoding="utf-8"?><testsuites name="pytest tests"><testsuite name="pytest" errors="0" failures="0" skipped="0" tests="27" time="6.923" timestamp="2026-06-23T05:04:11.243340+00:00" hostname="agent-env-93a69330-f56d-4f3b-acb6-13d1c1667ce0"><testcase classname="backend.tests.test_parlay_external_settle_iter31.TestVersion" name="test_data_version_bumped" time="0.295" /><testcase classname="backend.tests.test_parlay_external_settle_iter31.TestExternalSettleMLBUnit" name="test_moneyline_winner" time="0.036" /><testcase classname="backend.tests.test_parlay_external_settle_iter31.TestExternalSettleMLBUnit" name="test_moneyline_loser" time="0.001" /><testcase classname="backend.tests.test_parlay_external_settle_iter31.TestExternalSettleMLBUnit" name="test_spread_plus_1_5_covers" time="0.001" /><testcase classname="backend.tests.test_parlay_external_settle_iter31.TestExternalSettleMLBUnit" name="test_spread_plus_1_5_wins" time="0.000" /><testcase classname="backend.tests.test_parlay_external_settle_iter31.TestExternalSettleMLBUnit" name="test_spread_minus_1_5_loses" time="0.000" /><testcase classname="backend.tests.test_parlay_external_settle_iter31.TestExternalSettleMLBUnit" name="test_total_runs_over" time="0.001" /><testcase classname="backend.tests.test_parlay_external_settle_iter31.TestExternalSettleMLBUnit" name="test_total_runs_under" time="0.000" /><testcase classname="backend.tests.test_parlay_external_settle_iter31.TestExternalSettleMLBUnit" name="test_total_runs_push" time="0.000" /><testcase classname="backend.tests.test_parlay_external_settle_iter31.TestExternalSettleMLBUnit" name="test_unknown_game_returns_none" time="0.000" /><testcase classname="backend.tests.test_parlay_external_settle_iter31.TestExternalSettleMLBUnit" name="test_non_mlb_sport_returns_none_when_unknown" time="0.000" /><testcase classname="backend.tests.test_parlay_external_settle_iter31.TestExternalSettleSoccerUnit" name="test_soccer_moneyline_home_win" time="0.000" /><testcase classname="backend.tests.test_parlay_external_settle_iter31.TestExternalSettleSoccerUnit" name="test_soccer_moneyline_loser" time="0.000" /><testcase classname="backend.tests.test_parlay_external_settle_iter31.TestExternalSettleSoccerUnit" name="test_soccer_total_goals_over" time="0.000" /><testcase classname="backend.tests.test_parlay_external_settle_iter31.TestExternalSettleSoccerUnit" name="test_soccer_total_goals_under" time="0.001" /><testcase classname="backend.tests.test_parlay_external_settle_iter31.TestExternalSettleSoccerUnit" name="test_soccer_scorer_market_skipped" time="0.000" /><testcase classname="backend.tests.test_parlay_external_settle_iter31.TestResolveSavedParlays" name="test_resolve_function_imports_external_adapter" time="0.000" /><testcase classname="backend.tests.test_parlay_external_settle_iter31.TestResolveSavedParlays" name="test_resolve_runs_against_live_db" time="1.795" /><testcase classname="backend.tests.test_parlay_external_settle_iter31.TestResolveSavedParlays" name="test_target_parlay_marked_lost" time="0.005" /><testcase classname="backend.tests.test_parlay_external_settle_iter31.TestParlayHistoryEndpoint" name="test_list_endpoint_ok" time="0.424" /><testcase classname="backend.tests.test_parlay_external_settle_iter31.TestParlayHistoryEndpoint" name="test_no_completed_games_left_as_live" time="0.052" /><testcase classname="backend.tests.test_parlay_external_settle_iter31.TestParlayLearningStableId" name="test_record_parlay_shown_uses_stable_id" time="0.000" /><testcase classname="backend.tests.test_parlay_external_settle_iter31.TestParlayLearningStableId" name="test_three_parlay_requests_no_e11000" time="3.564" /><testcase classname="backend.tests.test_parlay_external_settle_iter31.TestRegression" name="test_tennis_alt_tab" time="0.093" /><testcase classname="backend.tests.test_parlay_external_settle_iter31.TestRegression" name="test_tennis_markets_tabs" time="0.054" /><testcase classname="backend.tests.test_parlay_external_settle_iter31.TestRegression" name="test_picks_today_smoke" time="0.150" /><testcase classname="backend.tests.test_parlay_external_settle_iter31.TestRegression" name="test_pitcher_h2h_endpoint_exists" time="0.357" /></testsuite></testsuites>