<?xml version="1.0" encoding="utf-8"?><testsuites name="pytest tests"><testsuite name="pytest" errors="0" failures="1" skipped="0" tests="8" time="34.027" timestamp="2026-07-17T23:05:46.869576+00:00" hostname="agent-env-93a69330-f56d-4f3b-acb6-13d1c1667ce0"><testcase classname="tests.test_iter77_stability.TestSignalFloor" name="test_no_pick_below_floor_20" time="3.974" /><testcase classname="tests.test_iter77_stability.TestSignalFloor" name="test_signal_score_in_0_100_range" time="2.303" /><testcase classname="tests.test_iter77_stability.TestMonotonic" name="test_monotonic_decrease" time="10.527" /><testcase classname="tests.test_iter77_stability.TestSportSubset" name="test_all_tab_multi_sport" time="2.198" /><testcase classname="tests.test_iter77_stability.TestSportSubset" name="test_mlb_subset_of_all" time="3.611" /><testcase classname="tests.test_iter77_stability.TestSignalRankRefresh" name="test_refresh_returns_healthy_bands" time="0.493" /><testcase classname="tests.test_iter77_stability.TestCacheBounded" name="test_cache_size_under_15" time="0.057" /><testcase classname="tests.test_iter77_stability.TestLoad" name="test_five_sequential_calls_no_500_under_3s" time="10.734"><failure message="AssertionError: min_signal=50 took 5.73s&#10;assert 5.729099273681641 &lt; 3.0">tests/test_iter77_stability.py:140: in test_five_sequential_calls_no_500_under_3s
    assert dur &lt; 3.0, f"min_signal={m} took {dur:.2f}s"
E   AssertionError: min_signal=50 took 5.73s
E   assert 5.729099273681641 &lt; 3.0</failure></testcase></testsuite></testsuites>