<?xml version="1.0" encoding="utf-8"?><testsuites name="pytest tests"><testsuite name="pytest" errors="0" failures="0" skipped="0" tests="4" time="23.764" timestamp="2026-07-24T21:30:47.407452+00:00" hostname="agent-env-2bd2a12d-e333-4faf-bcf8-e2fdf8442d14"><testcase classname="backend.tests.test_iter87_h2h_regression.TestMLBStrikeoutH2H" name="test_mlb_pitcher_strikeout_pick_has_populated_team_h2h" time="4.407" /><testcase classname="backend.tests.test_iter87_h2h_regression.TestSoccerTopLeagueH2H" name="test_soccer_top_league_pick_has_meetings" time="11.830" /><testcase classname="backend.tests.test_iter87_h2h_regression.TestPerfBudgets" name="test_mlb_today_under_6s_and_800kb" time="4.941" /><testcase classname="backend.tests.test_iter87_h2h_regression.TestSameLineOverUnderRegression" name="test_no_same_line_ou_contradictions_mlb" time="2.509" /></testsuite></testsuites>