<?xml version="1.0" encoding="utf-8"?><testsuites name="pytest tests"><testsuite name="pytest" errors="0" failures="0" skipped="7" tests="20" time="1.354" timestamp="2026-06-26T19:11:17.493893+00:00" hostname="agent-env-93a69330-f56d-4f3b-acb6-13d1c1667ce0"><testcase classname="backend.tests.test_iter60_canonicalize_and_synth.TestCanonicalizeLockScoreFix" name="test_slate_has_picks" time="0.812" /><testcase classname="backend.tests.test_iter60_canonicalize_and_synth.TestCanonicalizeLockScoreFix" name="test_no_elite_below_95" time="0.000" /><testcase classname="backend.tests.test_iter60_canonicalize_and_synth.TestCanonicalizeLockScoreFix" name="test_canonicalize_max_invariant" time="0.000" /><testcase classname="backend.tests.test_iter60_canonicalize_and_synth.TestCanonicalizeLockScoreFix" name="test_known_elite_surfaces_at_95_if_present[Salah]" time="0.001" /><testcase classname="backend.tests.test_iter60_canonicalize_and_synth.TestCanonicalizeLockScoreFix" name="test_known_elite_surfaces_at_95_if_present[Vinicius]" time="0.001" /><testcase classname="backend.tests.test_iter60_canonicalize_and_synth.TestCanonicalizeLockScoreFix" name="test_known_elite_surfaces_at_95_if_present[Neymar]" time="0.001"><skipped type="pytest.skip" message="Neymar not on today's slate (no game?)">/app/backend/tests/test_iter60_canonicalize_and_synth.py:138: Neymar not on today's slate (no game?)</skipped></testcase><testcase classname="backend.tests.test_iter60_canonicalize_and_synth.TestCanonicalizeLockScoreFix" name="test_known_elite_surfaces_at_95_if_present[Memphis]" time="0.001" /><testcase classname="backend.tests.test_iter60_canonicalize_and_synth.TestCanonicalizeLockScoreFix" name="test_known_elite_surfaces_at_95_if_present[Gakpo]" time="0.001" /><testcase classname="backend.tests.test_iter60_canonicalize_and_synth.TestSynthGoalscorerInjection" name="test_scorer_tab_returns_picks" time="0.314" /><testcase classname="backend.tests.test_iter60_canonicalize_and_synth.TestSynthGoalscorerInjection" name="test_no_elite_scorer_below_95" time="0.000" /><testcase classname="backend.tests.test_iter60_canonicalize_and_synth.TestSynthGoalscorerInjection" name="test_synth_or_model_picks_present" time="0.000" /><testcase classname="backend.tests.test_iter60_canonicalize_and_synth.TestSynthGoalscorerInjection" name="test_csl_scorer_present_if_seeded[Silva Felipe]" time="0.001"><skipped type="pytest.skip" message="Silva Felipe not on today's scorer slate (no CSL fixture?)">/app/backend/tests/test_iter60_canonicalize_and_synth.py:210: Silva Felipe not on today's scorer slate (no CSL fixture?)</skipped></testcase><testcase classname="backend.tests.test_iter60_canonicalize_and_synth.TestSynthGoalscorerInjection" name="test_csl_scorer_present_if_seeded[Leonardo]" time="0.001" /><testcase classname="backend.tests.test_iter60_canonicalize_and_synth.TestSynthGoalscorerInjection" name="test_csl_scorer_present_if_seeded[Gustavo]" time="0.001"><skipped type="pytest.skip" message="Gustavo not on today's scorer slate (no CSL fixture?)">/app/backend/tests/test_iter60_canonicalize_and_synth.py:210: Gustavo not on today's scorer slate (no CSL fixture?)</skipped></testcase><testcase classname="backend.tests.test_iter60_canonicalize_and_synth.TestSynthGoalscorerInjection" name="test_csl_scorer_present_if_seeded[Fabio Abreu]" time="0.001" /><testcase classname="backend.tests.test_iter60_canonicalize_and_synth.TestSynthGoalscorerInjection" name="test_csl_scorer_present_if_seeded[Ange Kouame]" time="0.001"><skipped type="pytest.skip" message="Ange Kouame not on today's scorer slate (no CSL fixture?)">/app/backend/tests/test_iter60_canonicalize_and_synth.py:210: Ange Kouame not on today's scorer slate (no CSL fixture?)</skipped></testcase><testcase classname="backend.tests.test_iter60_canonicalize_and_synth.TestSynthGoalscorerInjection" name="test_csl_scorer_present_if_seeded[Guy Mbenza]" time="0.001"><skipped type="pytest.skip" message="Guy Mbenza not on today's scorer slate (no CSL fixture?)">/app/backend/tests/test_iter60_canonicalize_and_synth.py:210: Guy Mbenza not on today's scorer slate (no CSL fixture?)</skipped></testcase><testcase classname="backend.tests.test_iter60_canonicalize_and_synth.TestSynthGoalscorerInjection" name="test_csl_scorer_present_if_seeded[Shihao Wei]" time="0.001"><skipped type="pytest.skip" message="Shihao Wei not on today's scorer slate (no CSL fixture?)">/app/backend/tests/test_iter60_canonicalize_and_synth.py:210: Shihao Wei not on today's scorer slate (no CSL fixture?)</skipped></testcase><testcase classname="backend.tests.test_iter60_canonicalize_and_synth.TestSynthGoalscorerInjection" name="test_csl_scorer_present_if_seeded[Silva Wellington]" time="0.001"><skipped type="pytest.skip" message="Silva Wellington not on today's scorer slate (no CSL fixture?)">/app/backend/tests/test_iter60_canonicalize_and_synth.py:210: Silva Wellington not on today's scorer slate (no CSL fixture?)</skipped></testcase><testcase classname="backend.tests.test_iter60_canonicalize_and_synth.TestLockV2SimAnchor" name="test_breakdown_includes_sim_anchor" time="0.137" /></testsuite></testsuites>