<?xml version="1.0" encoding="utf-8"?><testsuites name="pytest tests"><testsuite name="pytest" errors="0" failures="0" skipped="0" tests="54" time="0.060" timestamp="2026-08-16T09:48:21.855075+00:00" hostname="agent-env-94a57b11-1651-4cbd-8cc5-d049697d5eae"><testcase classname="tests.test_phase9_consumer_surface_closure" name="test_9Q_negative_identity_fixture_rejected[soccer_player_wrong_team]" time="0.001" /><testcase classname="tests.test_phase9_consumer_surface_closure" name="test_9Q_negative_identity_fixture_rejected[mlb_pitcher_wrong_game]" time="0.000" /><testcase classname="tests.test_phase9_consumer_surface_closure" name="test_9Q_negative_identity_fixture_rejected[mlb_hitter_wrong_game]" time="0.000" /><testcase classname="tests.test_phase9_consumer_surface_closure" name="test_9Q_negative_identity_fixture_rejected[nfl_player_wrong_game]" time="0.000" /><testcase classname="tests.test_phase9_consumer_surface_closure" name="test_9Q_negative_identity_fixture_rejected[nba_player_wrong_game]" time="0.000" /><testcase classname="tests.test_phase9_consumer_surface_closure" name="test_9Q_negative_identity_fixture_rejected[tennis_player_wrong_match]" time="0.000" /><testcase classname="tests.test_phase9_consumer_surface_closure" name="test_9Q_negative_identity_fixture_rejected[soccer_stale_market_from_different_event]" time="0.000" /><testcase classname="tests.test_phase9_consumer_surface_closure" name="test_9Q_negative_identity_fixture_rejected[nfl_qb_wrong_team_stale_row]" time="0.000" /><testcase classname="tests.test_phase9_consumer_surface_closure" name="test_9F_negative_identity_blocked_at_publication_boundary[soccer_player_wrong_team]" time="0.000" /><testcase classname="tests.test_phase9_consumer_surface_closure" name="test_9F_negative_identity_blocked_at_publication_boundary[mlb_pitcher_wrong_game]" time="0.000" /><testcase classname="tests.test_phase9_consumer_surface_closure" name="test_9F_negative_identity_blocked_at_publication_boundary[mlb_hitter_wrong_game]" time="0.000" /><testcase classname="tests.test_phase9_consumer_surface_closure" name="test_9F_negative_identity_blocked_at_publication_boundary[nfl_player_wrong_game]" time="0.000" /><testcase classname="tests.test_phase9_consumer_surface_closure" name="test_9F_negative_identity_blocked_at_publication_boundary[nba_player_wrong_game]" time="0.000" /><testcase classname="tests.test_phase9_consumer_surface_closure" name="test_9F_negative_identity_blocked_at_publication_boundary[tennis_player_wrong_match]" time="0.000" /><testcase classname="tests.test_phase9_consumer_surface_closure" name="test_9F_negative_identity_blocked_at_publication_boundary[soccer_stale_market_from_different_event]" time="0.000" /><testcase classname="tests.test_phase9_consumer_surface_closure" name="test_9F_negative_identity_blocked_at_publication_boundary[nfl_qb_wrong_team_stale_row]" time="0.000" /><testcase classname="tests.test_phase9_consumer_surface_closure" name="test_9L_negative_identity_blocked_by_canonical_eligibility[soccer_player_wrong_team]" time="0.000" /><testcase classname="tests.test_phase9_consumer_surface_closure" name="test_9L_negative_identity_blocked_by_canonical_eligibility[mlb_pitcher_wrong_game]" time="0.000" /><testcase classname="tests.test_phase9_consumer_surface_closure" name="test_9L_negative_identity_blocked_by_canonical_eligibility[mlb_hitter_wrong_game]" time="0.000" /><testcase classname="tests.test_phase9_consumer_surface_closure" name="test_9L_negative_identity_blocked_by_canonical_eligibility[nfl_player_wrong_game]" time="0.000" /><testcase classname="tests.test_phase9_consumer_surface_closure" name="test_9L_negative_identity_blocked_by_canonical_eligibility[nba_player_wrong_game]" time="0.000" /><testcase classname="tests.test_phase9_consumer_surface_closure" name="test_9L_negative_identity_blocked_by_canonical_eligibility[tennis_player_wrong_match]" time="0.000" /><testcase classname="tests.test_phase9_consumer_surface_closure" name="test_9L_negative_identity_blocked_by_canonical_eligibility[soccer_stale_market_from_different_event]" time="0.000" /><testcase classname="tests.test_phase9_consumer_surface_closure" name="test_9L_negative_identity_blocked_by_canonical_eligibility[nfl_qb_wrong_team_stale_row]" time="0.000" /><testcase classname="tests.test_phase9_consumer_surface_closure" name="test_9R_positive_identity_fixture_valid_or_not_applicable[soccer_valid_scorer]" time="0.000" /><testcase classname="tests.test_phase9_consumer_surface_closure" name="test_9R_positive_identity_fixture_valid_or_not_applicable[mlb_valid_pitcher]" time="0.000" /><testcase classname="tests.test_phase9_consumer_surface_closure" name="test_9R_positive_identity_fixture_valid_or_not_applicable[mlb_valid_hitter]" time="0.000" /><testcase classname="tests.test_phase9_consumer_surface_closure" name="test_9R_positive_identity_fixture_valid_or_not_applicable[nfl_valid_qb]" time="0.000" /><testcase classname="tests.test_phase9_consumer_surface_closure" name="test_9R_positive_identity_fixture_valid_or_not_applicable[nba_valid_player]" time="0.000" /><testcase classname="tests.test_phase9_consumer_surface_closure" name="test_9R_positive_identity_fixture_valid_or_not_applicable[tennis_valid_selection]" time="0.000" /><testcase classname="tests.test_phase9_consumer_surface_closure" name="test_9R_positive_identity_fixture_valid_or_not_applicable[team_moneyline_not_applicable]" time="0.000" /><testcase classname="tests.test_phase9_consumer_surface_closure" name="test_9R_positive_identity_passes_publication_boundary[soccer_valid_scorer]" time="0.000" /><testcase classname="tests.test_phase9_consumer_surface_closure" name="test_9R_positive_identity_passes_publication_boundary[mlb_valid_pitcher]" time="0.000" /><testcase classname="tests.test_phase9_consumer_surface_closure" name="test_9R_positive_identity_passes_publication_boundary[mlb_valid_hitter]" time="0.000" /><testcase classname="tests.test_phase9_consumer_surface_closure" name="test_9R_positive_identity_passes_publication_boundary[nfl_valid_qb]" time="0.000" /><testcase classname="tests.test_phase9_consumer_surface_closure" name="test_9R_positive_identity_passes_publication_boundary[nba_valid_player]" time="0.000" /><testcase classname="tests.test_phase9_consumer_surface_closure" name="test_9R_positive_identity_passes_publication_boundary[tennis_valid_selection]" time="0.000" /><testcase classname="tests.test_phase9_consumer_surface_closure" name="test_9R_positive_identity_passes_publication_boundary[team_moneyline_not_applicable]" time="0.000" /><testcase classname="tests.test_phase9_consumer_surface_closure" name="test_9D_unresolved_player_team_returns_unresolved_not_mismatch" time="0.000" /><testcase classname="tests.test_phase9_consumer_surface_closure" name="test_9D_unresolved_event_participants_returns_unresolved" time="0.000" /><testcase classname="tests.test_phase9_consumer_surface_closure" name="test_9S_apex_identity_mismatch_still_rejected" time="0.000" /><testcase classname="tests.test_phase9_consumer_surface_closure" name="test_9H_edge_none_never_coerced_to_zero_by_boundary" time="0.000" /><testcase classname="tests.test_phase9_consumer_surface_closure" name="test_9H_no_real_line_with_nonzero_edge_rejected_as_synthetic" time="0.000" /><testcase classname="tests.test_phase9_consumer_surface_closure" name="test_9G_9J_canonical_fields_survive_projection" time="0.000" /><testcase classname="tests.test_phase9_consumer_surface_closure" name="test_9O_filter_sport_never_returns_identity_mismatch" time="0.000" /><testcase classname="tests.test_phase9_consumer_surface_closure" name="test_9M_9N_void_pending_are_not_losses" time="0.002" /><testcase classname="tests.test_phase9_consumer_surface_closure" name="test_9W_e2e_production_trace_per_sport[mlb]" time="0.000" /><testcase classname="tests.test_phase9_consumer_surface_closure" name="test_9W_e2e_production_trace_per_sport[nfl]" time="0.000" /><testcase classname="tests.test_phase9_consumer_surface_closure" name="test_9W_e2e_production_trace_per_sport[nba]" time="0.000" /><testcase classname="tests.test_phase9_consumer_surface_closure" name="test_9W_e2e_production_trace_per_sport[soccer]" time="0.000" /><testcase classname="tests.test_phase9_consumer_surface_closure" name="test_9W_e2e_production_trace_per_sport[tennis]" time="0.000" /><testcase classname="tests.test_phase9_consumer_surface_closure" name="test_9W_rejected_identity_mismatch_e2e_trace" time="0.000" /><testcase classname="tests.test_phase9_consumer_surface_closure" name="test_convenience_wrapper_returns_true_for_valid_and_not_applicable" time="0.000" /><testcase classname="tests.test_phase9_consumer_surface_closure" name="test_convenience_wrapper_returns_false_for_mismatch" time="0.000" /></testsuite></testsuites>