<?xml version="1.0" encoding="utf-8"?><testsuites name="pytest tests"><testsuite name="pytest" errors="0" failures="0" skipped="0" tests="37" time="0.875" timestamp="2026-09-18T17:09:51.421266+00:00" hostname="agent-env-94a57b11-1651-4cbd-8cc5-d049697d5eae"><testcase classname="tests.test_iter144_board_generation" name="test_failed_build_keeps_A_active_and_snapshots" time="0.001" /><testcase classname="tests.test_iter144_board_generation" name="test_commit_is_single_atomic_transition_and_cas" time="0.001" /><testcase classname="tests.test_iter144_board_generation" name="test_identical_population_is_noop_commit" time="0.001" /><testcase classname="tests.test_iter144_board_generation" name="test_manifest_is_committed_and_secret_free" time="0.000" /><testcase classname="tests.test_probability_closures" name="test_family_key_routing[pick0-NFL_PASS_YARDS]" time="0.000" /><testcase classname="tests.test_probability_closures" name="test_family_key_routing[pick1-NFL_RUSH_YARDS]" time="0.000" /><testcase classname="tests.test_probability_closures" name="test_family_key_routing[pick2-NFL_RECEPTIONS]" time="0.000" /><testcase classname="tests.test_probability_closures" name="test_family_key_routing[pick3-NFL_PASS_COMPLETIONS]" time="0.000" /><testcase classname="tests.test_probability_closures" name="test_family_key_routing[pick4-NFL_ATD]" time="0.000" /><testcase classname="tests.test_probability_closures" name="test_family_key_routing[pick5-SOCCER_GOAL_CONTRIBUTION]" time="0.000" /><testcase classname="tests.test_probability_closures" name="test_family_key_routing[pick6-SOCCER_GOALSCORER]" time="0.000" /><testcase classname="tests.test_probability_closures" name="test_family_key_routing[pick7-SOCCER_ASSISTS]" time="0.000" /><testcase classname="tests.test_probability_closures" name="test_family_key_routing[pick8-NBA_POINTS]" time="0.000" /><testcase classname="tests.test_probability_closures" name="test_team_total_points_is_not_a_player_family" time="0.001" /><testcase classname="tests.test_probability_closures" name="test_soccer_confirmed_starter_barely_moves_probability" time="0.000" /><testcase classname="tests.test_probability_closures" name="test_soccer_projected_reduces_and_bench_reduces_more" time="0.000" /><testcase classname="tests.test_probability_closures" name="test_soccer_out_fails_closed" time="0.000" /><testcase classname="tests.test_probability_closures" name="test_soccer_shots_threshold_uses_poisson_count" time="0.000" /><testcase classname="tests.test_probability_closures" name="test_soccer_upstream_minutes_conditioned_passthrough" time="0.000" /><testcase classname="tests.test_probability_closures" name="test_soccer_closure_recorded_in_contract_shadow_mode" time="0.000" /><testcase classname="tests.test_probability_closures" name="test_nba_threshold_over_under_coherent_and_role_uncertainty_widens" time="0.638" /><testcase classname="tests.test_probability_closures" name="test_nba_closure_replaces_probability_when_distribution_available" time="0.001" /><testcase classname="tests.test_probability_closures" name="test_nba_book_seed_fails_closed" time="0.000" /><testcase classname="tests.test_probability_closures" name="test_cfb_miami_wake_fixture_no_longer_fixed_sigma_normal" time="0.002" /><testcase classname="tests.test_probability_closures" name="test_cfb_predictive_converges_to_normal_as_residuals_accumulate" time="0.001" /><testcase classname="tests.test_probability_closures" name="test_cfb_predictive_monotone_in_line" time="0.002" /><testcase classname="tests.test_probability_closures" name="test_publication_boundary_rejects_lineup_out_player_prop" time="0.003" /><testcase classname="tests.test_probability_closures" name="test_tennis_closure_flags_legacy_lock_construction" time="0.000" /><testcase classname="tests.test_probability_authority_contracts" name="test_book_implied_seed_cannot_publish" time="0.000" /><testcase classname="tests.test_probability_authority_contracts" name="test_invalid_or_lineless_probability_fails_closed" time="0.000" /><testcase classname="tests.test_probability_authority_contracts" name="test_shadow_mode_never_alters_production_probability" time="0.000" /><testcase classname="tests.test_probability_authority_contracts" name="test_point_in_time_guard_rejects_leaked_rows" time="0.000" /><testcase classname="tests.test_probability_authority_contracts" name="test_walk_forward_thin_sample_keeps_identity" time="0.000" /><testcase classname="tests.test_probability_authority_contracts" name="test_calibrators_are_monotonic" time="0.000" /><testcase classname="tests.test_probability_authority_contracts" name="test_cfb_over_under_push_coherent" time="0.003" /><testcase classname="tests.test_probability_authority_contracts" name="test_tennis_has_no_base_90_or_direct_99_assignment" time="0.001" /><testcase classname="tests.test_probability_authority_contracts" name="test_publication_snapshot_carries_contract_fields" time="0.100" /></testsuite></testsuites>