<?xml version="1.0" encoding="utf-8"?><testsuites name="pytest tests"><testsuite name="pytest" errors="0" failures="0" skipped="0" tests="99" time="5.952" timestamp="2026-08-15T06:38:50.927757+00:00" hostname="agent-env-94a57b11-1651-4cbd-8cc5-d049697d5eae"><testcase classname="tests.test_phase1d_gates.TestG1ImpliedFloors" name="test_plus_money_underdog_with_strong_edge_passes" time="0.000" /><testcase classname="tests.test_phase1d_gates.TestG1ImpliedFloors" name="test_short_favorite_with_weak_edge_fails" time="0.002" /><testcase classname="tests.test_phase1d_gates.TestG1ImpliedFloors" name="test_no_automatic_favorite_floor_no_chalk_cap" time="0.000" /><testcase classname="tests.test_phase1d_gates.TestG1ImpliedFloors" name="test_implied_floor_code_retired" time="0.005" /><testcase classname="tests.test_phase1d_gates.TestG2ModelFloors" name="test_sub_58_model_prob_with_positive_edge_passes" time="0.000" /><testcase classname="tests.test_phase1d_gates.TestG2ModelFloors" name="test_mlb_62_floor_retired" time="0.000" /><testcase classname="tests.test_phase1d_gates.TestG2ModelFloors" name="test_truly_negative_edge_still_rejected" time="0.000" /><testcase classname="tests.test_phase1d_gates.TestG3Inflation" name="test_generation_booster_retired" time="0.000" /><testcase classname="tests.test_phase1d_gates.TestG3Inflation" name="test_compute_lock_score_ladder_retired" time="0.002" /><testcase classname="tests.test_phase1d_gates.TestG3Inflation" name="test_no_hardcoded_85_floor_in_build_pick" time="0.002" /><testcase classname="tests.test_phase1d_gates.TestG4BoardRule" name="test_8499_not_eligible" time="0.000" /><testcase classname="tests.test_phase1d_gates.TestG4BoardRule" name="test_8500_eligible" time="0.000" /><testcase classname="tests.test_phase1d_gates.TestG4BoardRule" name="test_8501_eligible" time="0.000" /><testcase classname="tests.test_phase1d_gates.TestG4BoardRule" name="test_query_uses_gte" time="0.000" /><testcase classname="tests.test_phase1d_gates.TestG4BoardRule" name="test_no_sport_specific_publication_floor_remains" time="0.002" /><testcase classname="tests.test_phase1d_gates.TestG5Devig" name="test_two_way_moneyline" time="0.000" /><testcase classname="tests.test_phase1d_gates.TestG5Devig" name="test_three_way_soccer_normalization" time="0.000" /><testcase classname="tests.test_phase1d_gates.TestG5Devig" name="test_missing_opposing_side_telemetried" time="0.000" /><testcase classname="tests.test_phase1d_gates.TestG5Devig" name="test_wired_into_nfl_production_path" time="0.041" /><testcase classname="tests.test_phase1d_gates.TestG6Neutrality" name="test_model_not_odds_sign_chooses_ml_side" time="0.037" /><testcase classname="tests.test_phase1d_gates.TestG6Neutrality" name="test_favorite_wins_when_model_warrants" time="0.046" /><testcase classname="tests.test_phase1d_gates.TestG6Neutrality" name="test_equivalent_edge_symmetry_in_build_pick" time="0.000" /><testcase classname="tests.test_phase1d_gates.TestNFLEvidenceGate" name="test_platinum_candidate_passes_evidence_gate" time="0.001" /><testcase classname="tests.test_phase1d_gates.TestNFLEvidenceGate" name="test_platinum_counts_at_most_two_categories" time="0.000" /><testcase classname="tests.test_phase1d_gates.TestNFLEvidenceGate" name="test_book_price_only_candidate_still_fails" time="0.000" /><testcase classname="tests.test_phase1d_gates.TestNFLEvidenceGate" name="test_nfl_platinum_reaches_scoring_and_gate_end_to_end" time="0.037" /><testcase classname="tests.test_phase1b_runtime_wiring.TestNFLPlatinumGameWiring" name="test_ml_pick_uses_platinum_sim" time="0.037" /><testcase classname="tests.test_phase1b_runtime_wiring.TestNFLPlatinumGameWiring" name="test_totals_and_spread_use_platinum_sim" time="0.037" /><testcase classname="tests.test_phase1b_runtime_wiring.TestNFLPlatinumGameWiring" name="test_preseason_classification" time="0.037" /><testcase classname="tests.test_phase1b_runtime_wiring.TestNFLPlatinumGameWiring" name="test_ratings_missing_records_model_unavailable_no_pick" time="0.000" /><testcase classname="tests.test_phase1b_runtime_wiring.TestNFLPlatinumGameWiring" name="test_same_input_determinism" time="0.029" /><testcase classname="tests.test_phase1b_runtime_wiring.TestNFLPlatinumGameWiring" name="test_both_total_sides_evaluated" time="0.015" /><testcase classname="tests.test_phase1b_runtime_wiring.TestModelUnavailableSports" name="test_no_bookfollow_picks_and_funnel_reason[NBA-basketball_nba]" time="0.000" /><testcase classname="tests.test_phase1b_runtime_wiring.TestModelUnavailableSports" name="test_no_bookfollow_picks_and_funnel_reason[CFB-americanfootball_ncaaf]" time="0.000" /><testcase classname="tests.test_phase1b_runtime_wiring.TestModelUnavailableSports" name="test_no_bookfollow_picks_and_funnel_reason[NHL-icehockey_nhl]" time="0.000" /><testcase classname="tests.test_phase1b_runtime_wiring.TestModelUnavailableSports" name="test_no_bookfollow_picks_and_funnel_reason[UFC-mma_mixed_martial_arts]" time="0.000" /><testcase classname="tests.test_phase1b_runtime_wiring.TestModelUnavailableSports" name="test_ufc_totals_reach_evaluation_not_suppressed" time="0.000" /><testcase classname="tests.test_phase1b_runtime_wiring.TestModelUnavailableSports" name="test_nhl_spread_reaches_evaluation" time="0.000" /><testcase classname="tests.test_phase1b_runtime_wiring.TestNHLWiring" name="test_sport_keys_and_labels" time="0.000" /><testcase classname="tests.test_phase1b_runtime_wiring.TestNHLWiring" name="test_fetcher_exists_and_generation_includes_nhl" time="0.006" /><testcase classname="tests.test_phase1b_runtime_wiring.TestNHLWiring" name="test_registry_runtime_parity" time="0.000" /><testcase classname="tests.test_phase1b_runtime_wiring.TestTennisGapFill" name="test_covered_event_rejected" time="0.255" /><testcase classname="tests.test_phase1b_runtime_wiring.TestTennisGapFill" name="test_no_real_line_rejected" time="0.000" /><testcase classname="tests.test_phase1b_runtime_wiring.TestTennisGapFill" name="test_genuine_gap_with_real_line_kept" time="0.000" /><testcase classname="tests.test_phase1b_runtime_wiring.TestSoccerConsolidation" name="test_legacy_pipeline_emission_retired_by_default" time="0.036" /><testcase classname="tests.test_phase1b_runtime_wiring.TestSoccerConsolidation" name="test_pipeline_guards_pick_writes" time="0.003" /><testcase classname="tests.test_phase1b_runtime_wiring.TestSoccerConsolidation" name="test_synthetic_scorer_is_research_only" time="0.004" /><testcase classname="tests.test_phase1b_runtime_wiring.TestMLBHitterPropReachability" name="test_hitter_markets_in_fetch_list" time="0.000" /><testcase classname="tests.test_phase1b_runtime_wiring.TestMLBHitterPropReachability" name="test_registry_matches_runtime_fetch_list" time="0.000" /><testcase classname="tests.test_phase1b_runtime_wiring.TestMLBHitterPropReachability" name="test_mlb_in_prop_fetch_loop" time="0.006" /><testcase classname="tests.test_phase1b_runtime_wiring.TestMLBHitterPropReachability" name="test_hitter_drop_paths_are_telemetried" time="0.014" /><testcase classname="tests.test_phase1b_runtime_wiring.TestProductionPathIntegration" name="test_nfl_end_to_end_platinum" time="2.758" /><testcase classname="tests.test_phase1b_runtime_wiring.TestProductionPathIntegration" name="test_nhl_end_to_end_model_unavailable" time="0.001" /><testcase classname="tests.test_phase1b_runtime_wiring.TestFunnelTelemetry" name="test_record_and_drain" time="0.000" /><testcase classname="tests.test_phase1b_runtime_wiring.TestFunnelTelemetry" name="test_orchestrator_flushes" time="0.001" /><testcase classname="tests.test_phase1c_foundation.TestProviderConfig" name="test_key_resolution_is_env_only_and_stripped" time="0.001" /><testcase classname="tests.test_phase1c_foundation.TestProviderConfig" name="test_no_hardcoded_fallback_key" time="0.001" /><testcase classname="tests.test_phase1c_foundation.TestProviderConfig" name="test_diagnostics_never_leak_full_secret" time="0.002" /><testcase classname="tests.test_phase1c_foundation.TestProviderConfig" name="test_fingerprint_is_deterministic_and_short" time="0.000" /><testcase classname="tests.test_phase1c_foundation.TestBudgetGovernor" name="test_day_and_month_keys_are_utc" time="0.000" /><testcase classname="tests.test_phase1c_foundation.TestBudgetGovernor" name="test_reserve_commit_release_accounting" time="0.010" /><testcase classname="tests.test_phase1c_foundation.TestBudgetGovernor" name="test_failed_requests_charge_zero" time="0.001" /><testcase classname="tests.test_phase1c_foundation.TestBudgetGovernor" name="test_provider_header_reconciliation_exists" time="0.000" /><testcase classname="tests.test_phase1c_foundation.TestCircuitBreaker" name="test_401_streak_opens_breaker_and_reset_rearms" time="0.001" /><testcase classname="tests.test_phase1c_foundation.TestCircuitBreaker" name="test_422_market_probe_never_trips_breaker" time="0.000" /><testcase classname="tests.test_phase1c_foundation.TestCircuitBreaker" name="test_success_recovers_streaks" time="0.000" /><testcase classname="tests.test_phase1c_foundation.TestCircuitBreaker" name="test_breaker_state_is_db_synced" time="0.001" /><testcase classname="tests.test_phase1c_foundation.TestDatabaseFoundation" name="test_env_driven_db_resolution" time="0.000" /><testcase classname="tests.test_phase1c_foundation.TestDatabaseFoundation" name="test_funnel_flush_persists_to_db" time="0.012" /><testcase classname="tests.test_phase1c_foundation.TestDatabaseFoundation" name="test_infra_reason_codes_exist" time="0.000" /><testcase classname="tests.test_phase1c_foundation.TestRefreshObservability" name="test_orchestrator_accepts_explicit_database" time="0.000" /><testcase classname="tests.test_phase1c_foundation.TestRefreshObservability" name="test_fetcher_crash_is_funnel_recorded" time="0.001" /><testcase classname="tests.test_phase1c_foundation.TestRefreshObservability" name="test_evidence_threshold_drop_is_funnel_recorded" time="0.000" /><testcase classname="tests.test_phase1c_foundation.TestRefreshObservability" name="test_gateway_budget_and_breaker_blocks_are_recorded" time="0.000" /><testcase classname="tests.test_phase1c_foundation.TestContractFlags" name="test_mls_synthetic_odds_cannot_publish" time="0.004" /><testcase classname="tests.test_phase1c_foundation.TestContractFlags" name="test_ufc_espn_pick_contract_is_explicit" time="0.003" /><testcase classname="tests.test_phase1c_foundation.TestContractFlags" name="test_ufc_espn_pick_never_main_board_eligible" time="0.000" /><testcase classname="tests.test_phase1c_foundation.TestContractFlags" name="test_csl_elite_injection_retired" time="0.001" /><testcase classname="tests.test_phase1c_foundation.TestNoBoardFillingRegression" name="test_phase1b_removals_stay_removed" time="0.017" /><testcase classname="tests.test_iter98_phase1c_review.TestCircuitBreaker422" name="test_422_never_trips_breaker" time="0.000" /><testcase classname="tests.test_iter98_phase1c_review.TestCircuitBreaker422" name="test_real_500_streak_still_opens_breaker" time="0.000" /><testcase classname="tests.test_iter98_phase1c_review.TestOrchestratorMotorBoolCrash" name="test_construct_with_explicit_motor_database" time="0.000" /><testcase classname="tests.test_iter98_phase1c_review.TestProviderFoundationEndpoint" name="test_401_when_no_auth" time="0.006" /><testcase classname="tests.test_iter98_phase1c_review.TestProviderFoundationEndpoint" name="test_admin_returns_sanitized_report" time="0.254" /><testcase classname="tests.test_iter98_phase1c_review.TestFunnelTelemetryFoundation" name="test_constants_exist" time="0.000" /><testcase classname="tests.test_iter98_phase1c_review.TestFunnelTelemetryFoundation" name="test_db_collection_has_infra_and_model_reasons" time="0.012" /><testcase classname="tests.test_iter98_phase1c_review.TestContractFlagA_MLS" name="test_mls_leaderboard_not_extended_into_pick_stream" time="0.004" /><testcase classname="tests.test_iter98_phase1c_review.TestContractFlagA_MLS" name="test_db_has_no_publishable_mls_leaderboard_pick" time="0.037" /><testcase classname="tests.test_iter98_phase1c_review.TestContractFlagB_UFC" name="test_build_ufc_pick_contract" time="0.001" /><testcase classname="tests.test_iter98_phase1c_review.TestContractFlagB_UFC" name="test_main_board_ineligible_even_at_99" time="0.000" /><testcase classname="tests.test_iter98_phase1c_review.TestContractFlagC_CSL" name="test_ensure_csl_elite_picks_writes_only_to_research" time="0.001" /><testcase classname="tests.test_iter98_phase1c_review.TestBoardFillingRegression" name="test_nba_emits_zero_picks_and_records_model_unavailable" time="0.000" /><testcase classname="tests.test_iter98_phase1c_review.TestApiHealth" name="test_picks_today_returns_200_with_auth" time="1.918" /><testcase classname="tests.test_lock_score_chalk_neutral" name="test_plus150_dog_with_strong_evidence_can_reach_strong_lock" time="0.000" /><testcase classname="tests.test_lock_score_chalk_neutral" name="test_minus300_chalk_with_low_edge_capped_below_strong_lock" time="0.000" /><testcase classname="tests.test_lock_score_chalk_neutral" name="test_dog_beats_chalk_when_evidence_is_better" time="0.000" /><testcase classname="tests.test_lock_score_chalk_neutral" name="test_split_factors_hurt_alignment_component" time="0.000" /><testcase classname="tests.test_lock_score_chalk_neutral" name="test_ev_negative_never_reaches_playable_floor" time="0.000" /><testcase classname="tests.test_lock_score_chalk_neutral" name="test_evidence_signals_exposed_in_components" time="0.000" /></testsuite></testsuites>