<?xml version="1.0" encoding="utf-8"?><testsuites name="pytest tests"><testsuite name="pytest" errors="0" failures="0" skipped="0" tests="17" time="1.848" timestamp="2026-06-25T02:46:20.328252+00:00" hostname="agent-env-93a69330-f56d-4f3b-acb6-13d1c1667ce0"><testcase classname="tests.test_clv_snapshotter_iter55.TestModuleImport" name="test_imports_clean" time="0.040" /><testcase classname="tests.test_clv_snapshotter_iter55.TestModuleImport" name="test_extract_event_id_from_soccer_external_id" time="0.000" /><testcase classname="tests.test_clv_snapshotter_iter55.TestModuleImport" name="test_extract_event_id_prefers_explicit_event_id" time="0.000" /><testcase classname="tests.test_clv_snapshotter_iter55.TestModuleImport" name="test_extract_event_id_returns_none_when_missing" time="0.000" /><testcase classname="tests.test_clv_snapshotter_iter55.TestModuleImport" name="test_pick_event_time_prefers_event_time" time="0.000" /><testcase classname="tests.test_clv_snapshotter_iter55.TestModuleImport" name="test_pick_event_time_falls_back_to_commence_time" time="0.000" /><testcase classname="tests.test_clv_snapshotter_iter55.TestMatchPickToOdds" name="test_h2h_moneyline_returns_median" time="0.000" /><testcase classname="tests.test_clv_snapshotter_iter55.TestMatchPickToOdds" name="test_prop_market_not_snapshotted" time="0.000" /><testcase classname="tests.test_clv_snapshotter_iter55.TestMatchPickToOdds" name="test_no_bookmakers_returns_none" time="0.000" /><testcase classname="tests.test_clv_snapshotter_iter55.TestMatchPickToOdds" name="test_selection_not_found_returns_none" time="0.000" /><testcase classname="tests.test_clv_snapshotter_iter55.TestSnapshotStatus" name="test_snapshot_status_keys_and_types" time="0.262" /><testcase classname="tests.test_clv_snapshotter_iter55.TestAdminClvSnapshotStatusEndpoint" name="test_unauthenticated_is_401" time="0.131" /><testcase classname="tests.test_clv_snapshotter_iter55.TestAdminClvSnapshotStatusEndpoint" name="test_non_admin_is_403" time="0.474" /><testcase classname="tests.test_clv_snapshotter_iter55.TestAdminClvSnapshotStatusEndpoint" name="test_admin_returns_200_with_status_payload" time="0.799" /><testcase classname="tests.test_clv_snapshotter_iter55.TestStartupLogs" name="test_startup_includes_clv_message" time="0.033" /><testcase classname="tests.test_clv_snapshotter_iter55.TestStartupLogs" name="test_no_parse_iso_errors_in_recent_log" time="0.029" /><testcase classname="tests.test_clv_snapshotter_iter55.TestFallbackSnapshotPath" name="test_fallback_writes_closing_odds_from_book_odds" time="0.010" /></testsuite></testsuites>