<?xml version="1.0" encoding="utf-8"?><testsuites name="pytest tests"><testsuite name="pytest" errors="0" failures="0" skipped="1" tests="7" time="1.626" timestamp="2026-06-24T05:45:56.072909+00:00" hostname="agent-env-93a69330-f56d-4f3b-acb6-13d1c1667ce0"><testcase classname="backend.tests.test_mlb_live_dedup_iter49.TestMLBLiveShape" name="test_endpoint_200" time="0.556" /><testcase classname="backend.tests.test_mlb_live_dedup_iter49.TestMLBLiveShape" name="test_keys_have_expected_variants" time="0.100" /><testcase classname="backend.tests.test_mlb_live_dedup_iter49.TestMLBLiveShape" name="test_game_entry_fields" time="0.135" /><testcase classname="backend.tests.test_mlb_live_dedup_iter49.TestDatedKeySignalRanking" name="test_dated_key_is_not_final_when_same_date_has_non_final_entry" time="0.138" /><testcase classname="backend.tests.test_mlb_live_dedup_iter49.TestFrontendLookupSimulation" name="test_no_pick_gets_a_stale_final_badge" time="0.254" /><testcase classname="backend.tests.test_mlb_live_dedup_iter49.TestFrontendLookupSimulation" name="test_window_does_not_break_legit_live_matches" time="0.124"><skipped type="pytest.skip" message="no LIVE MLB games right now">/app/backend/tests/test_mlb_live_dedup_iter49.py:206: no LIVE MLB games right now</skipped></testcase><testcase classname="backend.tests.test_mlb_live_dedup_iter49.TestPicksTodayRegression" name="test_picks_today_ok" time="0.244" /></testsuite></testsuites>