<?xml version="1.0" encoding="utf-8"?><testsuites name="pytest tests"><testsuite name="pytest" errors="0" failures="0" skipped="0" tests="15" time="41.582" timestamp="2026-07-13T22:20:15.194266+00:00" hostname="agent-env-93a69330-f56d-4f3b-acb6-13d1c1667ce0"><testcase classname="backend.tests.test_nordic_grading_iter69.TestModuleImports" name="test_grading_validator_imports" time="0.001" /><testcase classname="backend.tests.test_nordic_grading_iter69.TestModuleImports" name="test_stuck_pick_reaper_imports" time="0.000" /><testcase classname="backend.tests.test_nordic_grading_iter69.TestModuleImports" name="test_soccer_espn_settle_has_nordic_primary" time="0.001" /><testcase classname="backend.tests.test_nordic_grading_iter69.TestHistoryEndpoint" name="test_history_returns_200_with_picks" time="40.471" /><testcase classname="backend.tests.test_nordic_grading_iter69.TestHistoryEndpoint" name="test_history_sorted_by_event_time_desc" time="0.001" /><testcase classname="backend.tests.test_nordic_grading_iter69.TestHistoryEndpoint" name="test_history_excludes_hidden_and_no_bet" time="0.001" /><testcase classname="backend.tests.test_nordic_grading_iter69.TestFanDuelScreenshotGrading" name="test_won_pick_status[Lien-2026-07-13]" time="0.001" /><testcase classname="backend.tests.test_nordic_grading_iter69.TestFanDuelScreenshotGrading" name="test_won_pick_status[Ure-2026-07-12]" time="0.001" /><testcase classname="backend.tests.test_nordic_grading_iter69.TestFanDuelScreenshotGrading" name="test_won_pick_status[Bjerkebo-2026-07-12]" time="0.001" /><testcase classname="backend.tests.test_nordic_grading_iter69.TestFanDuelScreenshotGrading" name="test_won_pick_status[Abraham-2026-07-12]" time="0.001" /><testcase classname="backend.tests.test_nordic_grading_iter69.TestFanDuelScreenshotGrading" name="test_won_pick_status[Botheim-2026-07-12]" time="0.001" /><testcase classname="backend.tests.test_nordic_grading_iter69.TestFanDuelScreenshotGrading" name="test_won_pick_status[Ladefoged-2026-07-12]" time="0.001" /><testcase classname="backend.tests.test_nordic_grading_iter69.TestFanDuelScreenshotGrading" name="test_lost_pick_status[H\xf8gh-2026-07-12]" time="0.001" /><testcase classname="backend.tests.test_nordic_grading_iter69.TestFanDuelScreenshotGrading" name="test_lost_pick_status[Christiansen-2026-07-12]" time="0.001" /><testcase classname="backend.tests.test_nordic_grading_iter69.TestTodayStamp" name="test_today_returns_and_stamps" time="0.992" /></testsuite></testsuites>