<?xml version="1.0" encoding="utf-8"?><testsuites name="pytest tests"><testsuite name="pytest" errors="0" failures="0" skipped="0" tests="53" time="3.482" timestamp="2026-08-14T15:59:44.902908+00:00" hostname="agent-env-94a57b11-1651-4cbd-8cc5-d049697d5eae"><testcase classname="tests.test_phase1b_runtime_wiring.TestNFLPlatinumGameWiring" name="test_ml_pick_uses_platinum_sim" time="0.040" /><testcase classname="tests.test_phase1b_runtime_wiring.TestNFLPlatinumGameWiring" name="test_totals_and_spread_use_platinum_sim" time="0.038" /><testcase classname="tests.test_phase1b_runtime_wiring.TestNFLPlatinumGameWiring" name="test_preseason_classification" time="0.037" /><testcase classname="tests.test_phase1b_runtime_wiring.TestNFLPlatinumGameWiring" name="test_ratings_missing_records_model_unavailable_no_pick" time="0.002" /><testcase classname="tests.test_phase1b_runtime_wiring.TestNFLPlatinumGameWiring" name="test_same_input_determinism" time="0.030" /><testcase classname="tests.test_phase1b_runtime_wiring.TestNFLPlatinumGameWiring" name="test_both_total_sides_evaluated" time="0.015" /><testcase classname="tests.test_phase1b_runtime_wiring.TestModelUnavailableSports" name="test_no_bookfollow_picks_and_funnel_reason[NBA-basketball_nba]" time="0.001" /><testcase classname="tests.test_phase1b_runtime_wiring.TestModelUnavailableSports" name="test_no_bookfollow_picks_and_funnel_reason[CFB-americanfootball_ncaaf]" time="0.000" /><testcase classname="tests.test_phase1b_runtime_wiring.TestModelUnavailableSports" name="test_no_bookfollow_picks_and_funnel_reason[NHL-icehockey_nhl]" time="0.000" /><testcase classname="tests.test_phase1b_runtime_wiring.TestModelUnavailableSports" name="test_no_bookfollow_picks_and_funnel_reason[UFC-mma_mixed_martial_arts]" time="0.000" /><testcase classname="tests.test_phase1b_runtime_wiring.TestModelUnavailableSports" name="test_ufc_totals_reach_evaluation_not_suppressed" time="0.000" /><testcase classname="tests.test_phase1b_runtime_wiring.TestModelUnavailableSports" name="test_nhl_spread_reaches_evaluation" time="0.000" /><testcase classname="tests.test_phase1b_runtime_wiring.TestNHLWiring" name="test_sport_keys_and_labels" time="0.000" /><testcase classname="tests.test_phase1b_runtime_wiring.TestNHLWiring" name="test_fetcher_exists_and_generation_includes_nhl" time="0.009" /><testcase classname="tests.test_phase1b_runtime_wiring.TestNHLWiring" name="test_registry_runtime_parity" time="0.000" /><testcase classname="tests.test_phase1b_runtime_wiring.TestTennisGapFill" name="test_covered_event_rejected" time="0.261" /><testcase classname="tests.test_phase1b_runtime_wiring.TestTennisGapFill" name="test_no_real_line_rejected" time="0.000" /><testcase classname="tests.test_phase1b_runtime_wiring.TestTennisGapFill" name="test_genuine_gap_with_real_line_kept" time="0.000" /><testcase classname="tests.test_phase1b_runtime_wiring.TestSoccerConsolidation" name="test_legacy_pipeline_emission_retired_by_default" time="0.035" /><testcase classname="tests.test_phase1b_runtime_wiring.TestSoccerConsolidation" name="test_pipeline_guards_pick_writes" time="0.003" /><testcase classname="tests.test_phase1b_runtime_wiring.TestSoccerConsolidation" name="test_synthetic_scorer_is_research_only" time="0.004" /><testcase classname="tests.test_phase1b_runtime_wiring.TestMLBHitterPropReachability" name="test_hitter_markets_in_fetch_list" time="0.000" /><testcase classname="tests.test_phase1b_runtime_wiring.TestMLBHitterPropReachability" name="test_registry_matches_runtime_fetch_list" time="0.000" /><testcase classname="tests.test_phase1b_runtime_wiring.TestMLBHitterPropReachability" name="test_mlb_in_prop_fetch_loop" time="0.006" /><testcase classname="tests.test_phase1b_runtime_wiring.TestMLBHitterPropReachability" name="test_hitter_drop_paths_are_telemetried" time="0.014" /><testcase classname="tests.test_phase1b_runtime_wiring.TestProductionPathIntegration" name="test_nfl_end_to_end_platinum" time="2.809" /><testcase classname="tests.test_phase1b_runtime_wiring.TestProductionPathIntegration" name="test_nhl_end_to_end_model_unavailable" time="0.001" /><testcase classname="tests.test_phase1b_runtime_wiring.TestFunnelTelemetry" name="test_record_and_drain" time="0.000" /><testcase classname="tests.test_phase1b_runtime_wiring.TestFunnelTelemetry" name="test_orchestrator_flushes" time="0.001" /><testcase classname="tests.test_phase1c_foundation.TestProviderConfig" name="test_key_resolution_is_env_only_and_stripped" time="0.001" /><testcase classname="tests.test_phase1c_foundation.TestProviderConfig" name="test_no_hardcoded_fallback_key" time="0.001" /><testcase classname="tests.test_phase1c_foundation.TestProviderConfig" name="test_diagnostics_never_leak_full_secret" time="0.002" /><testcase classname="tests.test_phase1c_foundation.TestProviderConfig" name="test_fingerprint_is_deterministic_and_short" time="0.000" /><testcase classname="tests.test_phase1c_foundation.TestBudgetGovernor" name="test_day_and_month_keys_are_utc" time="0.000" /><testcase classname="tests.test_phase1c_foundation.TestBudgetGovernor" name="test_reserve_commit_release_accounting" time="0.008" /><testcase classname="tests.test_phase1c_foundation.TestBudgetGovernor" name="test_failed_requests_charge_zero" time="0.000" /><testcase classname="tests.test_phase1c_foundation.TestBudgetGovernor" name="test_provider_header_reconciliation_exists" time="0.000" /><testcase classname="tests.test_phase1c_foundation.TestCircuitBreaker" name="test_401_streak_opens_breaker_and_reset_rearms" time="0.001" /><testcase classname="tests.test_phase1c_foundation.TestCircuitBreaker" name="test_422_market_probe_never_trips_breaker" time="0.000" /><testcase classname="tests.test_phase1c_foundation.TestCircuitBreaker" name="test_success_recovers_streaks" time="0.000" /><testcase classname="tests.test_phase1c_foundation.TestCircuitBreaker" name="test_breaker_state_is_db_synced" time="0.001" /><testcase classname="tests.test_phase1c_foundation.TestDatabaseFoundation" name="test_env_driven_db_resolution" time="0.000" /><testcase classname="tests.test_phase1c_foundation.TestDatabaseFoundation" name="test_funnel_flush_persists_to_db" time="0.007" /><testcase classname="tests.test_phase1c_foundation.TestDatabaseFoundation" name="test_infra_reason_codes_exist" time="0.000" /><testcase classname="tests.test_phase1c_foundation.TestRefreshObservability" name="test_orchestrator_accepts_explicit_database" time="0.000" /><testcase classname="tests.test_phase1c_foundation.TestRefreshObservability" name="test_fetcher_crash_is_funnel_recorded" time="0.001" /><testcase classname="tests.test_phase1c_foundation.TestRefreshObservability" name="test_evidence_threshold_drop_is_funnel_recorded" time="0.001" /><testcase classname="tests.test_phase1c_foundation.TestRefreshObservability" name="test_gateway_budget_and_breaker_blocks_are_recorded" time="0.000" /><testcase classname="tests.test_phase1c_foundation.TestContractFlags" name="test_mls_synthetic_odds_cannot_publish" time="0.004" /><testcase classname="tests.test_phase1c_foundation.TestContractFlags" name="test_ufc_espn_pick_contract_is_explicit" time="0.003" /><testcase classname="tests.test_phase1c_foundation.TestContractFlags" name="test_ufc_espn_pick_never_main_board_eligible" time="0.000" /><testcase classname="tests.test_phase1c_foundation.TestContractFlags" name="test_csl_elite_injection_retired" time="0.002" /><testcase classname="tests.test_phase1c_foundation.TestNoBoardFillingRegression" name="test_phase1b_removals_stay_removed" time="0.017" /></testsuite></testsuites>