<?xml version="1.0" encoding="utf-8"?><testsuites name="pytest tests"><testsuite name="pytest" errors="0" failures="0" skipped="0" tests="19" time="31.438" timestamp="2026-06-24T04:20:13.413069+00:00" hostname="agent-env-93a69330-f56d-4f3b-acb6-13d1c1667ce0"><testcase classname="tests.test_refactor_phase1_iter46.TestAuth" name="test_login_returns_token_and_user" time="0.544" /><testcase classname="tests.test_refactor_phase1_iter46.TestParlayHistoryRoutes" name="test_list_history_returns_parlays_array" time="0.317" /><testcase classname="tests.test_refactor_phase1_iter46.TestParlayHistoryRoutes" name="test_history_filter_param_accepted" time="0.180" /><testcase classname="tests.test_refactor_phase1_iter46.TestParlayHistoryRoutes" name="test_parlay_detail_404_when_not_found" time="0.049" /><testcase classname="tests.test_refactor_phase1_iter46.TestParlayHistoryRoutes" name="test_parlay_save_validation_requires_two_legs" time="0.043" /><testcase classname="tests.test_refactor_phase1_iter46.TestParlayHistoryRoutes" name="test_parlay_save_and_full_lifecycle" time="0.600" /><testcase classname="tests.test_refactor_phase1_iter46.TestAdminRoutes" name="test_historical_status_returns_collections_and_syncs" time="0.047" /><testcase classname="tests.test_refactor_phase1_iter46.TestAdminRoutes" name="test_historical_player_form_returns_200" time="0.049" /><testcase classname="tests.test_refactor_phase1_iter46.TestAdminRoutes" name="test_admin_refresh_soccer_player_form" time="24.203" /><testcase classname="tests.test_refactor_phase1_iter46.TestAdminRoutes" name="test_admin_backfill_tennis_elo_days_back_1" time="0.703" /><testcase classname="tests.test_refactor_phase1_iter46.TestAdminRoutes" name="test_admin_historical_backfill_incremental_no_days" time="3.725" /><testcase classname="tests.test_refactor_phase1_iter46.TestRegressionPicks" name="test_picks_today_full_board" time="0.193" /><testcase classname="tests.test_refactor_phase1_iter46.TestRegressionPicks" name="test_picks_markets_tennis_pill_tokens" time="0.045" /><testcase classname="tests.test_refactor_phase1_iter46.TestRegressionPicks" name="test_picks_today_tennis_game_alt_filter" time="0.049" /><testcase classname="tests.test_refactor_phase1_iter46.TestRegressionPicks" name="test_picks_today_tennis_totals_filter" time="0.076" /><testcase classname="tests.test_refactor_phase1_iter46.TestRegressionPicks" name="test_picks_today_mlb_has_hrrbi" time="0.093" /><testcase classname="tests.test_refactor_phase1_iter46.TestRegressionPicks" name="test_picks_deep_dive_one_pick" time="0.213" /><testcase classname="tests.test_refactor_phase1_iter46.TestRegressionPicks" name="test_picks_parlay_optimizer_works" time="0.121" /><testcase classname="tests.test_refactor_phase1_iter46.TestRegressionPicks" name="test_analytics_xg_form_shadow_works" time="0.044" /></testsuite></testsuites>