<?xml version="1.0" encoding="utf-8"?><testsuites name="pytest tests"><testsuite name="pytest" errors="0" failures="1" skipped="0" tests="16" time="0.903" timestamp="2026-06-24T07:27:07.790825+00:00" hostname="agent-env-93a69330-f56d-4f3b-acb6-13d1c1667ce0"><testcase classname="tests.test_evidence_engine_iter49.TestPicksTodayEvidence" name="test_picks_have_evidence_fields" time="0.720" /><testcase classname="tests.test_evidence_engine_iter49.TestPicksTodayEvidence" name="test_evidence_score_in_range" time="0.000" /><testcase classname="tests.test_evidence_engine_iter49.TestPicksTodayEvidence" name="test_lock_score_clamped" time="0.000" /><testcase classname="tests.test_evidence_engine_iter49.TestPicksTodayEvidence" name="test_lock_score_raw_present_and_ge_governed" time="0.000"><failure message="AssertionError: governed lock 90.0 should never exceed raw 49.3 (pick f19b42ac-2c8f-5b8b-8c35-3a2c199112ec)&#10;assert 49.3 &gt;= (90.0 - 0.05)">tests/test_evidence_engine_iter49.py:116: in test_lock_score_raw_present_and_ge_governed
    assert raw &gt;= governed - 0.05, (
E   AssertionError: governed lock 90.0 should never exceed raw 49.3 (pick f19b42ac-2c8f-5b8b-8c35-3a2c199112ec)
E   assert 49.3 &gt;= (90.0 - 0.05)</failure></testcase><testcase classname="tests.test_evidence_engine_iter49.TestPicksTodayEvidence" name="test_breakdown_shape" time="0.000" /><testcase classname="tests.test_evidence_engine_iter49.TestPicksTodayEvidence" name="test_top_features_have_provenance" time="0.000" /><testcase classname="tests.test_evidence_engine_iter49.TestProbabilityUnchanged" name="test_win_probability_preserved" time="0.003" /><testcase classname="tests.test_evidence_engine_iter49.TestAdminPickEvidenceEndpoint" name="test_inspector_payload_for_mlb_pick" time="0.047" /><testcase classname="tests.test_evidence_engine_iter49.TestAdminPickEvidenceEndpoint" name="test_inspector_404_for_unknown" time="0.046" /><testcase classname="tests.test_evidence_engine_iter49.TestExplanationGovernor" name="test_low_evidence_drops_hype" time="0.000" /><testcase classname="tests.test_evidence_engine_iter49.TestExplanationGovernor" name="test_mid_evidence_detunes_hype" time="0.000" /><testcase classname="tests.test_evidence_engine_iter49.TestExplanationGovernor" name="test_high_evidence_passes_hype" time="0.000" /><testcase classname="tests.test_evidence_engine_iter49.TestExplanationGovernor" name="test_signal_limited_fallback" time="0.000" /><testcase classname="tests.test_evidence_engine_iter49.TestLockGovernor" name="test_multiplier_curve" time="0.000" /><testcase classname="tests.test_evidence_engine_iter49.TestLockGovernor" name="test_apply_governor_clamps" time="0.000" /><testcase classname="tests.test_evidence_engine_iter49.TestValidatorRespectsGovernance" name="test_governor_application_matches" time="0.000" /></testsuite></testsuites>