<?xml version="1.0" encoding="utf-8"?><testsuites name="pytest tests"><testsuite name="pytest" errors="0" failures="0" skipped="1" tests="16" time="2.704" timestamp="2026-06-26T05:57:06.913138+00:00" hostname="agent-env-93a69330-f56d-4f3b-acb6-13d1c1667ce0"><testcase classname="backend.tests.test_sportdb_scorer_xg_iter59.TestVersionAndImports" name="test_data_version_matches_release" time="0.176" /><testcase classname="backend.tests.test_sportdb_scorer_xg_iter59.TestVersionAndImports" name="test_player_scorer_imports_cleanly" time="0.038" /><testcase classname="backend.tests.test_sportdb_scorer_xg_iter59.TestVersionAndImports" name="test_xg_totals_imports_cleanly" time="0.002" /><testcase classname="backend.tests.test_sportdb_scorer_xg_iter59.TestVersionAndImports" name="test_is_totals_pick_classifier" time="0.000" /><testcase classname="backend.tests.test_sportdb_scorer_xg_iter59.TestPicksTodayPerformance" name="test_picks_today_under_2s_full" time="0.778" /><testcase classname="backend.tests.test_sportdb_scorer_xg_iter59.TestPicksTodayPerformance" name="test_picks_today_under_2s_lite" time="0.202" /><testcase classname="backend.tests.test_sportdb_scorer_xg_iter59.TestPicksTodayPerformance" name="test_picks_today_no_mongo_objectid" time="0.101" /><testcase classname="backend.tests.test_sportdb_scorer_xg_iter59.TestAdminAuthGating" name="test_odds_diagnostic_requires_auth" time="0.041" /><testcase classname="backend.tests.test_sportdb_scorer_xg_iter59.TestAdminAuthGating" name="test_picks_heal_requires_auth" time="0.042" /><testcase classname="backend.tests.test_sportdb_scorer_xg_iter59.TestAdminAuthGating" name="test_odds_circuit_reset_requires_auth" time="0.081" /><testcase classname="backend.tests.test_sportdb_scorer_xg_iter59.TestAdminAuthGating" name="test_odds_diagnostic_with_demo_user_is_403" time="0.040" /><testcase classname="backend.tests.test_sportdb_scorer_xg_iter59.TestRegression" name="test_demo_login_still_works" time="0.000" /><testcase classname="backend.tests.test_sportdb_scorer_xg_iter59.TestRegression" name="test_pick_detail_enriched" time="0.142" /><testcase classname="backend.tests.test_sportdb_scorer_xg_iter59.TestRegression" name="test_picks_today_no_xg_crash_log" time="0.566" /><testcase classname="backend.tests.test_sportdb_scorer_xg_iter59.TestRegression" name="test_picks_all_endpoint_still_ok" time="0.211" /><testcase classname="backend.tests.test_sportdb_scorer_xg_iter59.TestSyntheticScorerInSlate" name="test_synth_picks_carry_documented_tags" time="0.195"><skipped type="pytest.skip" message="no synthetic scorer picks on today's slate">/app/backend/tests/test_sportdb_scorer_xg_iter59.py:210: no synthetic scorer picks on today's slate</skipped></testcase></testsuite></testsuites>