<?xml version="1.0" encoding="utf-8"?><testsuites name="pytest tests"><testsuite name="pytest" errors="0" failures="0" skipped="0" tests="62" time="0.110" timestamp="2026-07-14T23:00:27.075072+00:00" hostname="agent-env-93a69330-f56d-4f3b-acb6-13d1c1667ce0"><testcase classname="tests.test_soccer_sources.TestSeasonSlug" name="test_dash_full" time="0.000" /><testcase classname="tests.test_soccer_sources.TestSeasonSlug" name="test_dash_short" time="0.000" /><testcase classname="tests.test_soccer_sources.TestSeasonSlug" name="test_slash" time="0.000" /><testcase classname="tests.test_soccer_sources.TestSeasonSlug" name="test_bare_slug" time="0.000" /><testcase classname="tests.test_soccer_sources.TestSeasonSlug" name="test_2023_24" time="0.000" /><testcase classname="tests.test_soccer_sources.TestParseDate" name="test_slash_2digit" time="0.000" /><testcase classname="tests.test_soccer_sources.TestParseDate" name="test_slash_4digit" time="0.000" /><testcase classname="tests.test_soccer_sources.TestParseDate" name="test_bad" time="0.000" /><testcase classname="tests.test_soccer_sources.TestParseRow" name="test_full_row" time="0.000" /><testcase classname="tests.test_soccer_sources.TestParseRow" name="test_missing_teams" time="0.000" /><testcase classname="tests.test_soccer_sources.TestParseRow" name="test_legacy_bb_columns" time="0.000" /><testcase classname="tests.test_soccer_sources.TestProviderTrust" name="test_ranking" time="0.000" /><testcase classname="tests.test_soccer_sources.TestProviderTrust" name="test_unknown_fallback" time="0.000" /><testcase classname="tests.test_soccer_sources.TestNumericParsers" name="test_to_int" time="0.000" /><testcase classname="tests.test_soccer_sources.TestNumericParsers" name="test_to_float" time="0.000" /><testcase classname="tests.test_devig.TestAmericanToProb" name="test_even" time="0.000" /><testcase classname="tests.test_devig.TestAmericanToProb" name="test_negative" time="0.000" /><testcase classname="tests.test_devig.TestAmericanToProb" name="test_positive" time="0.000" /><testcase classname="tests.test_devig.TestAmericanToProb" name="test_zero" time="0.000" /><testcase classname="tests.test_devig.TestAmericanToProb" name="test_none" time="0.000" /><testcase classname="tests.test_devig.TestFairFromProb" name="test_favorite" time="0.000" /><testcase classname="tests.test_devig.TestFairFromProb" name="test_underdog" time="0.000" /><testcase classname="tests.test_devig.TestFairFromProb" name="test_edge_cases" time="0.000" /><testcase classname="tests.test_devig.TestNoVigTwoWay" name="test_pick_em" time="0.000" /><testcase classname="tests.test_devig.TestNoVigTwoWay" name="test_moderate_fav" time="0.000" /><testcase classname="tests.test_devig.TestNoVigTwoWay" name="test_missing_side" time="0.000" /><testcase classname="tests.test_devig.TestNoVigThreeWay" name="test_typical_soccer" time="0.000" /><testcase classname="tests.test_devig.TestNoVigThreeWay" name="test_missing_leg" time="0.000" /><testcase classname="tests.test_devig.TestDevigPick" name="test_no_counterpart_falls_back" time="0.000" /><testcase classname="tests.test_devig.TestDevigPick" name="test_two_way_with_counterpart" time="0.000" /><testcase classname="tests.test_devig.TestDevigPick" name="test_three_way_home_pick" time="0.000" /><testcase classname="tests.test_devig.TestDevigPick" name="test_three_way_draw_pick" time="0.000" /><testcase classname="tests.test_devig.TestDevigPick" name="test_missing_book_odds_no_op" time="0.000" /><testcase classname="tests.test_devig.TestEdgeVsNoVig" name="test_positive_edge" time="0.000" /><testcase classname="tests.test_devig.TestEdgeVsNoVig" name="test_negative_edge" time="0.000" /><testcase classname="tests.test_devig.TestEdgeVsNoVig" name="test_missing" time="0.000" /><testcase classname="tests.test_devig.TestSteamDetected" name="test_steam_toward_pick" time="0.000" /><testcase classname="tests.test_devig.TestSteamDetected" name="test_no_steam" time="0.000" /><testcase classname="tests.test_devig.TestSteamDetected" name="test_steam_against" time="0.000" /><testcase classname="tests.test_mlb_usage.TestPaForSlot" name="test_leadoff_gets_most_pa" time="0.000" /><testcase classname="tests.test_mlb_usage.TestPaForSlot" name="test_bottom_of_order_least" time="0.000" /><testcase classname="tests.test_mlb_usage.TestPaForSlot" name="test_monotonic" time="0.000" /><testcase classname="tests.test_mlb_usage.TestPaForSlot" name="test_none" time="0.000" /><testcase classname="tests.test_mlb_usage.TestClassifyPitcherFatigue" name="test_fresh" time="0.000" /><testcase classname="tests.test_mlb_usage.TestClassifyPitcherFatigue" name="test_normal_starter" time="0.000" /><testcase classname="tests.test_mlb_usage.TestClassifyPitcherFatigue" name="test_short_rest_starter" time="0.000" /><testcase classname="tests.test_mlb_usage.TestClassifyPitcherFatigue" name="test_emergency_starter" time="0.000" /><testcase classname="tests.test_mlb_usage.TestClassifyPitcherFatigue" name="test_reliever_gassed" time="0.000" /><testcase classname="tests.test_mlb_usage.TestClassifyPitcherFatigue" name="test_reliever_tired" time="0.000" /><testcase classname="tests.test_mlb_usage.TestClassifyPitcherFatigue" name="test_all_none" time="0.000" /><testcase classname="tests.test_mlb_usage.TestIsHitterMarket" name="test_hits_prop" time="0.000" /><testcase classname="tests.test_mlb_usage.TestIsHitterMarket" name="test_hr_prop" time="0.000" /><testcase classname="tests.test_mlb_usage.TestIsHitterMarket" name="test_team_total_rejected" time="0.000" /><testcase classname="tests.test_mlb_usage.TestIsHitterMarket" name="test_spread_rejected" time="0.000" /><testcase classname="tests.test_mlb_usage.TestIsHitterMarket" name="test_moneyline_rejected" time="0.000" /><testcase classname="tests.test_mlb_usage.TestIsHitterMarket" name="test_over_under_only" time="0.000" /><testcase classname="tests.test_mlb_usage.TestExtractPitcherFromMarket" name="test_pitcher_k" time="0.000" /><testcase classname="tests.test_mlb_usage.TestExtractPitcherFromMarket" name="test_outs_recorded" time="0.000" /><testcase classname="tests.test_mlb_usage.TestExtractPitcherFromMarket" name="test_hitter_prop_ignored" time="0.000" /><testcase classname="tests.test_mlb_usage.TestExtractHitterName" name="test_returns_selection_for_hitter_market" time="0.000" /><testcase classname="tests.test_mlb_usage.TestExtractHitterName" name="test_returns_none_for_team_market" time="0.000" /><testcase classname="tests.test_mlb_usage.TestExtractHitterName" name="test_returns_none_for_pitcher_market" time="0.000" /></testsuite></testsuites>