<?xml version="1.0" encoding="utf-8"?><testsuites name="pytest tests"><testsuite name="pytest" errors="0" failures="0" skipped="0" tests="142" time="2.191" timestamp="2026-08-15T22:22:22.123614+00:00" hostname="agent-env-94a57b11-1651-4cbd-8cc5-d049697d5eae"><testcase classname="tests.test_phase2a5_universal_production_truth" name="test_taxonomy_has_all_required_codes" time="0.000" /><testcase classname="tests.test_phase2a5_universal_production_truth" name="test_league_derivation_is_universal_not_mls_specific" time="0.001" /><testcase classname="tests.test_phase2a5_universal_production_truth" name="test_player_scorer_ingest_across_multiple_leagues" time="0.063" /><testcase classname="tests.test_phase2a5_universal_production_truth" name="test_btts_yes_and_no_both_traverse_pipeline" time="0.001" /><testcase classname="tests.test_phase2a5_universal_production_truth" name="test_over_under_preserves_exact_provider_line" time="0.001" /><testcase classname="tests.test_phase2a5_universal_production_truth" name="test_1x2_home_draw_away_all_reach_pipeline" time="0.000" /><testcase classname="tests.test_phase2a5_universal_production_truth" name="test_pick_ids_stable_across_restarts" time="0.001" /><testcase classname="tests.test_phase2a5_universal_production_truth" name="test_off_board_reasons_are_taxonomy_codes" time="0.000" /><testcase classname="tests.test_phase2a5_universal_production_truth" name="test_game_model_universal_entry_point_covers_all_markets" time="0.000" /><testcase classname="tests.test_phase2a5_universal_production_truth" name="test_feature_resolver_league_aware_falls_back_gracefully" time="0.000" /><testcase classname="tests.test_phase2a5_universal_production_truth" name="test_universal_sources_marked_out_of_band" time="0.244" /><testcase classname="tests.test_phase2a5_universal_production_truth" name="test_universal_ingest_wired_into_server_startup" time="1.592" /><testcase classname="tests.test_phase2a5_universal_production_truth" name="test_alt_lines_feed_requests_universal_soccer_market_set" time="0.001" /><testcase classname="tests.test_phase2a5_universal_production_truth" name="test_universal_diagnostic_public_api_returns_matrix" time="0.001" /><testcase classname="tests.test_phase2a5_universal_production_truth" name="test_real_line_sources_bypass_evidence_governor" time="0.014" /><testcase classname="tests.test_phase2a5_universal_production_truth" name="test_team_ctx_fallback_uses_soccer_matches_when_form_absent" time="0.000" /><testcase classname="tests.test_phase2a5_universal_production_truth" name="test_alt_lines_feed_static_config_includes_btts_across_leagues" time="0.000" /><testcase classname="tests.test_phase2a5_universal_production_truth" name="test_bulk_odds_flattener_ingests_h2h_totals_spreads" time="0.001" /><testcase classname="tests.test_phase2a5_universal_production_truth" name="test_win_probability_field_present_on_all_real_line_picks" time="0.000" /><testcase classname="tests.test_phase2a5_universal_production_truth" name="test_negative_edge_game_market_rejected_no_positive_edge" time="0.002" /><testcase classname="tests.test_phase2a5_universal_production_truth" name="test_feature_resolver_reads_player_game_actuals" time="0.000" /><testcase classname="tests.test_phase2a5_universal_production_truth" name="test_missing_feature_data_broken_into_precise_codes" time="0.000" /><testcase classname="tests.test_phase2a5_universal_production_truth" name="test_evidence_governor_no_longer_blanket_bypass" time="0.014" /><testcase classname="tests.test_phase2a5_universal_production_truth" name="test_pick_ids_include_bookmaker_for_multi_book_markets" time="0.000" /><testcase classname="tests.test_phase2a5_universal_production_truth" name="test_cross_book_dedupe_collapses_same_wager" time="0.000" /><testcase classname="tests.test_phase2a5_universal_production_truth" name="test_cross_book_dedupe_keeps_different_lines_separate" time="0.000" /><testcase classname="tests.test_phase2a5_universal_production_truth" name="test_commence_time_utc_field_present_on_real_line_picks" time="0.000" /><testcase classname="tests.test_phase2a5_universal_production_truth" name="test_h2h_bundle_returns_truthful_status_code" time="0.001" /><testcase classname="tests.test_phase2a5_universal_production_truth" name="test_market_rank_excludes_cross_book_duplicates_of_current" time="0.002" /><testcase classname="tests.test_phase2a5_universal_soccer" name="test_defect_5_first_goalscorer_parsed_without_numeric_point" time="0.001" /><testcase classname="tests.test_phase2a5_universal_soccer" name="test_defect_3_soccer_implied_floor_retired" time="0.000" /><testcase classname="tests.test_phase2a5_universal_soccer" name="test_defect_2_mls_hardcoded_gate_retired_in_sports_engine" time="0.001" /><testcase classname="tests.test_phase2a5_universal_soccer" name="test_defect_2_longshot_trap_no_longer_uses_mls_whitelist" time="0.000" /><testcase classname="tests.test_phase2a5_universal_soccer" name="test_defect_4_no_elite_plus_10_percent_factor_boost" time="0.001" /><testcase classname="tests.test_phase2a5_universal_soccer" name="test_defect_4_no_forced_lock_score_88_floor" time="0.001" /><testcase classname="tests.test_phase2a5_universal_soccer" name="test_defect_4_elite_scorer_anchor_retired_in_quality_gate_finalizer" time="0.000" /><testcase classname="tests.test_phase2a5_universal_soccer" name="test_defect_1_soccer_scorer_bridge_module_exists" time="0.000" /><testcase classname="tests.test_phase2a5_universal_soccer" name="test_defect_1_bridge_returns_full_evidence_factors" time="0.002" /><testcase classname="tests.test_phase2a5_universal_soccer" name="test_defect_1_bridge_missing_form_returns_none" time="0.000" /><testcase classname="tests.test_phase2a5_universal_soccer" name="test_defect_1_sports_engine_wires_bridge_for_soccer_scorer_markets" time="0.001" /><testcase classname="tests.test_phase2a5_universal_soccer" name="test_dynamic_elite_star_with_bad_price_does_not_auto_qualify" time="0.000" /><testcase classname="tests.test_phase2a5_universal_soccer" name="test_dynamic_less_famous_player_can_be_profiled_from_evidence" time="0.000" /><testcase classname="tests.test_phase2a5_universal_soccer" name="test_dynamic_star_with_reduced_minutes_carries_high_uncertainty" time="0.000" /><testcase classname="tests.test_phase2a5_universal_soccer" name="test_no_hardcoded_star_names_control_evaluation" time="0.000" /><testcase classname="tests.test_phase2a5_universal_soccer" name="test_finishing_shrinkage_dampens_small_sample_outliers" time="0.000" /><testcase classname="tests.test_phase2a5_universal_soccer" name="test_defect_6_registry_does_not_fabricate_missing_runtime_markets" time="0.001" /><testcase classname="tests.test_phase2a5_universal_soccer" name="test_defect_6_soccer_market_gate_is_observability_only" time="0.001" /><testcase classname="tests.test_phase2a5_universal_soccer" name="test_research_only_scorer_projection_does_not_publish_without_book_line" time="0.001" /><testcase classname="tests.test_phase2a5_universal_soccer" name="test_favorite_longshot_neutrality_no_price_bias" time="0.000" /><testcase classname="tests.test_phase2a5_universal_soccer" name="test_legacy_gates_retired_bundle" time="0.001" /><testcase classname="tests.test_phase2a5b_soccer_game_model" name="test_rc1_canonical_alias_resolves_common_variants" time="0.001" /><testcase classname="tests.test_phase2a5b_soccer_game_model" name="test_rc1_unresolved_identity_fails_safely_not_wrong_match" time="0.000" /><testcase classname="tests.test_phase2a5b_soccer_game_model" name="test_rc1_lookup_team_form_uses_canonical_and_safe_substring" time="0.000" /><testcase classname="tests.test_phase2a5b_soccer_game_model" name="test_rc2_form_proxy_carries_xg_available_false" time="0.000" /><testcase classname="tests.test_phase2a5b_soccer_game_model" name="test_rc2_game_model_labels_form_proxy_as_team_strength_not_xg" time="0.000" /><testcase classname="tests.test_phase2a5b_soccer_game_model" name="test_rc2_game_model_reads_real_xg_when_present" time="0.000" /><testcase classname="tests.test_phase2a5b_soccer_game_model" name="test_rc3_form_proxy_only_yields_one_evidence_category" time="0.000" /><testcase classname="tests.test_phase2a5b_soccer_game_model" name="test_rc4_game_probability_does_not_read_sportsbook_odds" time="0.000" /><testcase classname="tests.test_phase2a5b_soccer_game_model" name="test_rc4_changing_odds_does_not_change_model_probability" time="0.000" /><testcase classname="tests.test_phase2a5b_soccer_game_model" name="test_rc4_independent_attack_defense_execute" time="0.000" /><testcase classname="tests.test_phase2a5b_soccer_game_model" name="test_rc4_sports_engine_wires_soccer_game_model" time="0.001" /><testcase classname="tests.test_phase2a5b_soccer_game_model" name="test_score_matrix_normalises" time="0.000" /><testcase classname="tests.test_phase2a5b_soccer_game_model" name="test_1x2_probabilities_normalise" time="0.000" /><testcase classname="tests.test_phase2a5b_soccer_game_model" name="test_totals_from_score_distribution" time="0.000" /><testcase classname="tests.test_phase2a5b_soccer_game_model" name="test_btts_from_score_distribution" time="0.000" /><testcase classname="tests.test_phase2a5b_soccer_game_model" name="test_double_chance_from_1x2" time="0.000" /><testcase classname="tests.test_phase2a5b_soccer_game_model" name="test_rc5_missing_real_xg_does_not_kill_model" time="0.000" /><testcase classname="tests.test_phase2a5b_soccer_game_model" name="test_rc5_truly_insufficient_evidence_is_model_unavailable" time="0.000" /><testcase classname="tests.test_phase2a5b_soccer_game_model" name="test_rc5_one_side_missing_raises_uncertainty" time="0.000" /><testcase classname="tests.test_phase2a5b_soccer_game_model" name="test_rc5_pre_score_starvation_gate_bypassed_when_game_model_present" time="0.000" /><testcase classname="tests.test_phase2a5b_soccer_game_model" name="test_rc6_soccer_evidence_threshold_death_records_funnel" time="0.000" /><testcase classname="tests.test_phase2a5b_soccer_game_model" name="test_rc6_soccer_model_unavailable_records_funnel" time="0.000" /><testcase classname="tests.test_phase2a5b_soccer_game_model" name="test_favorite_can_be_selected" time="0.000" /><testcase classname="tests.test_phase2a5b_soccer_game_model" name="test_underdog_can_be_selected" time="0.000" /><testcase classname="tests.test_phase2a5b_soccer_game_model" name="test_draw_can_carry_value" time="0.000" /><testcase classname="tests.test_phase2a5b_soccer_game_model" name="test_no_favorite_automatic_boost_no_underdog_automatic_penalty" time="0.000" /><testcase classname="tests.test_phase2a5b_soccer_game_model" name="test_lock_score_gte_85_rule_preserved_for_soccer" time="0.000" /><testcase classname="tests.test_phase2a5b_soccer_game_model" name="test_de_vig_edge_contract_preserved" time="0.000" /><testcase classname="tests.test_phase2a5b_soccer_game_model" name="test_soccer_can_enter_apex_evaluator" time="0.004" /><testcase classname="tests.test_phase2a5b_soccer_game_model" name="test_scorer_bridge_still_intact" time="0.000" /><testcase classname="tests.test_phase2a5c_board_visibility_delta" name="test_canonical_lock_score_prefers_published" time="0.001" /><testcase classname="tests.test_phase2a5c_board_visibility_delta" name="test_canonical_lock_score_falls_back_to_max_of_v1_v2" time="0.000" /><testcase classname="tests.test_phase2a5c_board_visibility_delta" name="test_canonical_lock_score_all_missing_returns_zero" time="0.000" /><testcase classname="tests.test_phase2a5c_board_visibility_delta" name="test_canonical_grade_band_mapping" time="0.000" /><testcase classname="tests.test_phase2a5c_board_visibility_delta" name="test_visible_grades_include_playable_and_apex" time="0.000" /><testcase classname="tests.test_phase2a5c_board_visibility_delta" name="test_off_board_false_when_published_lock_score_ge_85_but_v1_low" time="0.000" /><testcase classname="tests.test_phase2a5c_board_visibility_delta" name="test_off_board_true_when_canonical_lock_below_85" time="0.000" /><testcase classname="tests.test_phase2a5c_board_visibility_delta" name="test_off_board_boundary_85_passes" time="0.000" /><testcase classname="tests.test_phase2a5c_board_visibility_delta" name="test_off_board_ignores_stale_grade_when_canonical_ls_qualifies" time="0.000" /><testcase classname="tests.test_phase2a5c_board_visibility_delta" name="test_off_board_chalk_trap_still_hides_regardless_of_lock" time="0.000" /><testcase classname="tests.test_phase2a5c_board_visibility_delta" name="test_off_board_longshot_trap_still_hides" time="0.000" /><testcase classname="tests.test_phase2a5c_board_visibility_delta" name="test_off_board_no_bet_still_hides" time="0.000" /><testcase classname="tests.test_phase2a5c_board_visibility_delta" name="test_off_board_model_only_still_hides" time="0.000" /><testcase classname="tests.test_phase2a5c_board_visibility_delta" name="test_tag_refreshes_stale_grade_from_canonical_lock_score" time="0.000" /><testcase classname="tests.test_phase2a5c_board_visibility_delta" name="test_playable_grade_matches_picks_routes_visibility_contract" time="0.000" /><testcase classname="tests.test_phase2a5c_board_visibility_delta" name="test_phase2a5_scorer_bridge_still_intact" time="0.000" /><testcase classname="tests.test_phase2a5c_board_visibility_delta" name="test_phase2a5b_game_model_still_intact" time="0.000" /><testcase classname="tests.test_phase2a5d_amendment_multi_season" name="test_case_a_elite_prior_plus_strong_current" time="0.001" /><testcase classname="tests.test_phase2a5d_amendment_multi_season" name="test_case_b_elite_prior_early_season" time="0.000" /><testcase classname="tests.test_phase2a5d_amendment_multi_season" name="test_case_c_prior_weight_decays" time="0.000" /><testcase classname="tests.test_phase2a5d_amendment_multi_season" name="test_case_d_elite_prior_but_out" time="0.000" /><testcase classname="tests.test_phase2a5d_amendment_multi_season" name="test_case_f_breakout_player_from_evidence" time="0.000" /><testcase classname="tests.test_phase2a5d_amendment_multi_season" name="test_case_g_short_hot_streak_shrunk" time="0.000" /><testcase classname="tests.test_phase2a5d_amendment_multi_season" name="test_case_h_club_transfer_env_shift" time="0.000" /><testcase classname="tests.test_phase2a5d_amendment_multi_season" name="test_no_name_bias_two_players_same_evidence_same_profile" time="0.000" /><testcase classname="tests.test_phase2a5d_amendment_multi_season" name="test_bridge_accepts_prior_form_row_and_updates_profile" time="0.000" /><testcase classname="tests.test_phase2a5d_amendment_multi_season" name="test_bridge_no_prior_row_backwards_compatible" time="0.000" /><testcase classname="tests.test_phase2a5d_amendment_multi_season" name="test_multi_season_does_not_boost_lock_score_directly" time="0.000" /><testcase classname="tests.test_phase2a5d_amendment_multi_season" name="test_scorer_bridge_and_game_model_still_intact" time="0.000" /><testcase classname="tests.test_phase2a5d_closure_historical_activation" name="test_mls_uses_calendar_year" time="0.000" /><testcase classname="tests.test_phase2a5d_closure_historical_activation" name="test_epl_uses_split_year" time="0.000" /><testcase classname="tests.test_phase2a5d_closure_historical_activation" name="test_january_epl_still_prior_calendar" time="0.000" /><testcase classname="tests.test_phase2a5d_closure_historical_activation" name="test_unknown_league_defaults_to_split_year" time="0.000" /><testcase classname="tests.test_phase2a5d_closure_historical_activation" name="test_historical_aggregator_module_reuses_existing_collections" time="0.000" /><testcase classname="tests.test_phase2a5d_closure_historical_activation" name="test_player_h2h_shrinks_tiny_samples" time="0.000" /><testcase classname="tests.test_phase2a5d_closure_historical_activation" name="test_player_h2h_large_sample_dominates_prior" time="0.000" /><testcase classname="tests.test_phase2a5d_closure_historical_activation" name="test_scorer_bridge_accepts_prior_form_row_and_h2h_evidence" time="0.000" /><testcase classname="tests.test_phase2a5d_closure_historical_activation" name="test_sports_engine_preloader_wires_historical_and_h2h" time="0.001" /><testcase classname="tests.test_phase2a5d_closure_historical_activation" name="test_disposition_survives_odds_update" time="0.000" /><testcase classname="tests.test_phase2a5d_closure_historical_activation" name="test_disposition_lock_score_below_85" time="0.000" /><testcase classname="tests.test_phase2a5d_closure_historical_activation" name="test_disposition_book_line_removed" time="0.000" /><testcase classname="tests.test_phase2a5d_closure_historical_activation" name="test_disposition_player_confirmed_out" time="0.000" /><testcase classname="tests.test_phase2a5d_closure_historical_activation" name="test_disposition_never_unknown" time="0.000" /><testcase classname="tests.test_phase2a5d_closure_historical_activation" name="test_no_soccer_lock_threshold_ladder_introduced" time="0.000" /><testcase classname="tests.test_phase2a5d_closure_historical_activation" name="test_phase_2a5c_board_visibility_still_uses_canonical_ls" time="0.000" /><testcase classname="tests.test_phase2a5d_closure_historical_activation" name="test_scorer_bridge_no_star_whitelist_added" time="0.000" /><testcase classname="tests.test_phase2a5d_final_selection_and_stability" name="test_same_player_related_market_selection_picks_best_ev" time="0.000" /><testcase classname="tests.test_phase2a5d_final_selection_and_stability" name="test_same_player_related_losers_stay_in_db" time="0.000" /><testcase classname="tests.test_phase2a5d_final_selection_and_stability" name="test_teammate_ranking_selects_one_primary" time="0.000" /><testcase classname="tests.test_phase2a5d_final_selection_and_stability" name="test_teammate_exceptional_second_kept_for_elite_locks" time="0.000" /><testcase classname="tests.test_phase2a5d_final_selection_and_stability" name="test_below_85_never_promoted_by_ranker" time="0.000" /><testcase classname="tests.test_phase2a5d_final_selection_and_stability" name="test_universal_lock_floor_still_85" time="0.000" /><testcase classname="tests.test_phase2a5d_final_selection_and_stability" name="test_server_startup_wires_board_visibility_healer" time="0.001" /><testcase classname="tests.test_phase2a5d_final_selection_and_stability" name="test_orchestrator_wires_soccer_selection_before_board_visibility" time="0.000" /><testcase classname="tests.test_phase2a5d_final_selection_and_stability" name="test_ranker_has_no_hardcoded_player_or_team_names" time="0.000" /><testcase classname="tests.test_phase2a5d_final_selection_and_stability" name="test_prior_phases_still_intact" time="0.000" /><testcase classname="tests.test_phase2a5e_real_line_scorer_ingest" name="test_real_line_ingest_preserves_book_odds_and_writes_pick" time="0.001" /><testcase classname="tests.test_phase2a5e_real_line_scorer_ingest" name="test_real_line_ingest_accepts_lowercase_and_title_case_sport" time="0.000" /><testcase classname="tests.test_phase2a5e_real_line_scorer_ingest" name="test_real_line_ingest_is_idempotent_deterministic_id" time="0.001" /><testcase classname="tests.test_phase2a5e_real_line_scorer_ingest" name="test_real_line_ingest_skips_zero_price" time="0.000" /><testcase classname="tests.test_phase2a5e_real_line_scorer_ingest" name="test_real_line_source_is_out_of_band_in_orchestrator" time="0.000" /><testcase classname="tests.test_phase2a5e_real_line_scorer_ingest" name="test_real_line_scorer_ingest_wired_into_server_startup" time="0.013" /></testsuite></testsuites>