<?xml version="1.0" encoding="utf-8"?><testsuites name="pytest tests"><testsuite name="pytest" errors="0" failures="0" skipped="0" tests="12" time="1.406" timestamp="2026-06-23T05:42:39.781739+00:00" hostname="agent-env-93a69330-f56d-4f3b-acb6-13d1c1667ce0"><testcase classname="backend.tests.test_calibration_shrinkage_iter33.TestCurveTransformShrinkage" name="test_low_sample_shrinkage_keeps_raw_dominant" time="0.000" /><testcase classname="backend.tests.test_calibration_shrinkage_iter33.TestCurveTransformShrinkage" name="test_full_sample_uses_isotonic" time="0.000" /><testcase classname="backend.tests.test_calibration_shrinkage_iter33.TestCurveTransformShrinkage" name="test_no_curve_identity_fallback" time="0.000" /><testcase classname="backend.tests.test_calibration_shrinkage_iter33.TestComputeDisplayLockScoreBieber" name="test_bieber_shaped_pick_no_longer_in_pass_band" time="0.000" /><testcase classname="backend.tests.test_calibration_shrinkage_iter33.TestComputeDisplayLockScoreBieber" name="test_negative_edge_floor_at_20" time="0.000" /><testcase classname="backend.tests.test_calibration_shrinkage_iter33.TestVersionEndpoint" name="test_data_version_bumped" time="0.333" /><testcase classname="backend.tests.test_calibration_shrinkage_iter33.TestPicksTodayCalibration" name="test_picks_today_has_calibration_fields" time="0.469" /><testcase classname="backend.tests.test_calibration_shrinkage_iter33.TestPicksTodayCalibration" name="test_picks_today_strikeout_picks_not_in_pass_band" time="0.142" /><testcase classname="backend.tests.test_calibration_shrinkage_iter33.TestRegressionEndpoints" name="test_history_still_board_floor" time="0.168" /><testcase classname="backend.tests.test_calibration_shrinkage_iter33.TestRegressionEndpoints" name="test_calibration_analytics_returns_rows" time="0.055" /><testcase classname="backend.tests.test_calibration_shrinkage_iter33.TestRegressionEndpoints" name="test_tennis_alt_tab" time="0.051" /><testcase classname="backend.tests.test_calibration_shrinkage_iter33.TestRegressionEndpoints" name="test_mlb_pitcher_h2h" time="0.103" /></testsuite></testsuites>