<?xml version="1.0" encoding="utf-8"?><testsuites name="pytest tests"><testsuite name="pytest" errors="0" failures="0" skipped="0" tests="10" time="10.384" timestamp="2026-07-01T06:50:46.164986+00:00" hostname="agent-env-93a69330-f56d-4f3b-acb6-13d1c1667ce0"><testcase classname="tests.test_mlb_hitter_intel_regression_iter65" name="test_auth_login_demo_user" time="0.398" /><testcase classname="tests.test_mlb_hitter_intel_regression_iter65" name="test_picks_today_returns_payload" time="0.491" /><testcase classname="tests.test_mlb_hitter_intel_regression_iter65" name="test_mlb_hitter_props_use_mlb_hitter_intel" time="0.000" /><testcase classname="tests.test_mlb_hitter_intel_regression_iter65" name="test_no_mlb_pick_below_lock_score_89" time="0.000" /><testcase classname="tests.test_mlb_hitter_intel_regression_iter65" name="test_history_excludes_kbo_and_first_goalscorer" time="0.331" /><testcase classname="tests.test_mlb_hitter_intel_regression_iter65" name="test_stats_summary_200" time="0.064" /><testcase classname="tests.test_mlb_hitter_intel_regression_iter65" name="test_history_hit_rate_decoupled_from_lock_score" time="0.425" /><testcase classname="tests.test_mlb_hitter_intel_regression_iter65" name="test_mlb_hr_slate_no_500" time="8.379" /><testcase classname="tests.test_mlb_hitter_intel_regression_iter65" name="test_picks_parlay_smoke" time="0.152" /><testcase classname="tests.test_mlb_hitter_intel_regression_iter65" name="test_picks_refresh_status_smoke" time="0.068" /></testsuite></testsuites>