<?xml version="1.0" encoding="utf-8"?><testsuites name="pytest tests"><testsuite name="pytest" errors="0" failures="0" skipped="0" tests="79" time="2.085" timestamp="2026-08-16T09:35:04.892429+00:00" hostname="agent-env-94a57b11-1651-4cbd-8cc5-d049697d5eae"><testcase classname="tests.test_parlay_optimizer_dedupe" name="test_same_player_ags_then_fgs_blocked" time="0.002" /><testcase classname="tests.test_parlay_optimizer_dedupe" name="test_same_player_different_event_still_blocked" time="0.000" /><testcase classname="tests.test_parlay_optimizer_dedupe" name="test_different_players_allowed" time="0.000" /><testcase classname="tests.test_parlay_optimizer_dedupe" name="test_same_player_across_ags_and_score_or_assist" time="0.000" /><testcase classname="tests.test_parlay_optimizer_dedupe" name="test_non_player_markets_unaffected" time="0.000" /><testcase classname="tests.test_parlay_optimizer_dedupe" name="test_ags_scores_higher_than_fgs_same_player" time="0.000" /><testcase classname="tests.test_iter99_parlay_intelligence" name="test_leg_ranker_uses_fusion_when_available" time="0.005" /><testcase classname="tests.test_iter99_parlay_intelligence" name="test_leg_ranker_falls_back_gracefully_without_fusion" time="0.000" /><testcase classname="tests.test_iter99_parlay_intelligence" name="test_leg_ranker_penalises_weak_matchup_and_thin_sample" time="0.000" /><testcase classname="tests.test_iter99_parlay_intelligence" name="test_leg_ranker_handles_invalid_input" time="0.000" /><testcase classname="tests.test_iter99_parlay_intelligence" name="test_rank_legs_returns_sorted_desc" time="0.000" /><testcase classname="tests.test_iter99_parlay_intelligence" name="test_grade_and_risk_boundaries" time="0.000" /><testcase classname="tests.test_iter99_parlay_intelligence" name="test_positive_correlation_qb_wr_same_team" time="0.000" /><testcase classname="tests.test_iter99_parlay_intelligence" name="test_same_player_blocks_pair" time="0.000" /><testcase classname="tests.test_iter99_parlay_intelligence" name="test_usage_conflict_two_rbs_same_team" time="0.000" /><testcase classname="tests.test_iter99_parlay_intelligence" name="test_same_game_dependency_two_moneylines" time="0.000" /><testcase classname="tests.test_iter99_parlay_intelligence" name="test_negative_two_rbs_different_teams_same_game_opp_script" time="0.000" /><testcase classname="tests.test_iter99_parlay_intelligence" name="test_report_with_single_leg_is_empty" time="0.000" /><testcase classname="tests.test_iter99_parlay_intelligence" name="test_combine_with_guard_returns_legacy_shape" time="0.000" /><testcase classname="tests.test_iter99_parlay_intelligence" name="test_mode_profiles_are_ordered_correctly" time="0.000" /><testcase classname="tests.test_iter99_parlay_intelligence" name="test_resolve_mode_maps_legacy_names" time="0.000" /><testcase classname="tests.test_iter99_parlay_intelligence" name="test_leg_passes_profile_hard_filters" time="0.000" /><testcase classname="tests.test_iter99_parlay_intelligence" name="test_backtester_empty_history_returns_zero_shape" time="0.001" /><testcase classname="tests.test_iter99_parlay_intelligence" name="test_backtester_aggregates_by_leg_count_and_combos" time="0.001" /><testcase classname="tests.test_iter99_parlay_intelligence" name="test_backtester_confidence_calibration_bins" time="0.001" /><testcase classname="tests.test_iter99_parlay_intelligence" name="test_summarize_backtest_returns_useful_bullets" time="0.000" /><testcase classname="tests.test_iter99_parlay_intelligence" name="test_infer_failure_reason_flags_weak_matchup" time="0.000" /><testcase classname="tests.test_iter99_parlay_intelligence" name="test_infer_failure_reason_fallback_when_no_pregame_weakness" time="0.000" /><testcase classname="tests.test_iter99_parlay_intelligence" name="test_record_completed_parlay_persists_event_and_reliability" time="0.001" /><testcase classname="tests.test_iter99_parlay_intelligence" name="test_record_completed_parlay_returns_none_when_pending" time="0.000" /><testcase classname="tests.test_iter99_parlay_intelligence" name="test_get_leg_reliability_below_sample_returns_none" time="0.000" /><testcase classname="tests.test_iter99_parlay_intelligence" name="test_no_sportsbook_odds_in_parlay_intelligence" time="0.001" /><testcase classname="tests.test_iter99_parlay_intelligence" name="test_package_public_api_is_stable" time="0.000" /><testcase classname="tests.test_parlay_resolver_time_guard" name="test_future_leg_never_inherits_stale_completed_pick_status" time="0.010" /><testcase classname="tests.test_parlay_resolver_time_guard" name="test_past_leg_still_settles_from_snapshot_within_window" time="0.041" /><testcase classname="tests.test_parlay_resolver_time_guard" name="test_stale_older_pick_beyond_window_ignored" time="0.245" /><testcase classname="tests.test_iter133_legacy_parlay_backfill" name="test_dry_run_is_default" time="0.001" /><testcase classname="tests.test_iter133_legacy_parlay_backfill" name="test_execute_flag_is_rejected" time="0.020" /><testcase classname="tests.test_iter133_legacy_parlay_backfill" name="test_dry_run_performs_zero_writes" time="0.046" /><testcase classname="tests.test_iter133_legacy_parlay_backfill" name="test_plearn_rows_always_excluded" time="0.037" /><testcase classname="tests.test_iter133_legacy_parlay_backfill" name="test_rows_without_user_id_excluded" time="0.037" /><testcase classname="tests.test_iter133_legacy_parlay_backfill" name="test_uses_pure_step2_mapper_symbol" time="0.000" /><testcase classname="tests.test_iter133_legacy_parlay_backfill" name="test_all_classifications_are_deterministic" time="0.046" /><testcase classname="tests.test_iter133_legacy_parlay_backfill" name="test_void_remains_void_in_dry_run" time="0.039" /><testcase classname="tests.test_iter133_legacy_parlay_backfill" name="test_push_maps_to_pushed_in_dry_run" time="0.039" /><testcase classname="tests.test_iter133_legacy_parlay_backfill" name="test_won_payout_null_becomes_manual_review" time="0.035" /><testcase classname="tests.test_iter133_legacy_parlay_backfill" name="test_payout_null_is_never_treated_as_zero" time="0.041" /><testcase classname="tests.test_iter133_legacy_parlay_backfill" name="test_primary_migration_source_id_match_becomes_duplicate_existing" time="0.036" /><testcase classname="tests.test_iter133_legacy_parlay_backfill" name="test_low_confidence_secondary_match_not_auto_duplicate" time="0.039" /><testcase classname="tests.test_iter133_legacy_parlay_backfill" name="test_missing_migration_index_reported" time="0.009" /><testcase classname="tests.test_iter133_legacy_parlay_backfill" name="test_conflicting_migration_index_reported" time="0.026" /><testcase classname="tests.test_iter133_legacy_parlay_backfill" name="test_prediction_snapshots_never_changed" time="0.048" /><testcase classname="tests.test_iter133_legacy_parlay_backfill" name="test_settlement_events_never_changed" time="0.046" /><testcase classname="tests.test_iter133_legacy_parlay_backfill" name="test_no_route_conversion_shipped_in_step_4" time="0.000" /><testcase classname="tests.test_iter133_legacy_parlay_backfill" name="test_full_multi_row_scenario_matches_expected_classifications" time="0.039" /><testcase classname="tests.test_iter133_legacy_parlay_backfill" name="test_report_generator_writes_json_when_requested" time="0.038" /><testcase classname="tests.test_iter134_legacy_parlay_execute" name="test_execute_without_confirm_is_refused" time="0.004" /><testcase classname="tests.test_iter134_legacy_parlay_execute" name="test_execute_wrong_confirm_token_is_refused" time="0.003" /><testcase classname="tests.test_iter134_legacy_parlay_execute" name="test_no_flags_is_refused" time="0.006" /><testcase classname="tests.test_iter134_legacy_parlay_execute" name="test_missing_migration_index_blocks_all_writes" time="0.020" /><testcase classname="tests.test_iter134_legacy_parlay_execute" name="test_conflicting_migration_index_blocks_all_writes" time="0.036" /><testcase classname="tests.test_iter134_legacy_parlay_execute" name="test_manual_review_rows_block_execution" time="0.037" /><testcase classname="tests.test_iter134_legacy_parlay_execute" name="test_unsafe_rows_block_execution" time="0.034" /><testcase classname="tests.test_iter134_legacy_parlay_execute" name="test_plearn_rows_never_inserted" time="0.053" /><testcase classname="tests.test_iter134_legacy_parlay_execute" name="test_uses_pure_step2_mapper_symbol" time="0.000" /><testcase classname="tests.test_iter134_legacy_parlay_execute" name="test_inserts_are_idempotent_by_migration_source_id" time="0.074" /><testcase classname="tests.test_iter134_legacy_parlay_execute" name="test_existing_canonical_rows_are_not_overwritten" time="0.047" /><testcase classname="tests.test_iter134_legacy_parlay_execute" name="test_migrated_row_preserves_source_details" time="0.051" /><testcase classname="tests.test_iter134_legacy_parlay_execute" name="test_missing_identity_fields_stay_null" time="0.049" /><testcase classname="tests.test_iter134_legacy_parlay_execute" name="test_void_row_stays_void_after_migration" time="0.050" /><testcase classname="tests.test_iter134_legacy_parlay_execute" name="test_push_row_maps_to_pushed_after_migration" time="0.048" /><testcase classname="tests.test_iter134_legacy_parlay_execute" name="test_parlay_history_unchanged_after_execute" time="0.054" /><testcase classname="tests.test_iter134_legacy_parlay_execute" name="test_prediction_snapshots_unchanged" time="0.063" /><testcase classname="tests.test_iter134_legacy_parlay_execute" name="test_settlement_events_unchanged" time="0.059" /><testcase classname="tests.test_iter134_legacy_parlay_execute" name="test_second_execution_inserts_zero_rows" time="0.069" /><testcase classname="tests.test_iter134_legacy_parlay_execute" name="test_post_migration_dryrun_reclassifies_as_duplicate_existing" time="0.057" /><testcase classname="tests.test_iter134_legacy_parlay_execute" name="test_no_route_conversion_shipped_in_step_5" time="0.000" /><testcase classname="tests.test_iter134_legacy_parlay_execute" name="test_full_flow_scenario" time="0.052" /><testcase classname="tests.test_iter134_legacy_parlay_execute" name="test_report_includes_inserted_ids_for_rollback" time="0.053" /></testsuite></testsuites>