<?xml version="1.0" encoding="utf-8"?><testsuites name="pytest tests"><testsuite name="pytest" errors="0" failures="0" skipped="0" tests="13" time="0.119" timestamp="2026-09-08T19:46:08.359646+00:00" hostname="agent-env-94a57b11-1651-4cbd-8cc5-d049697d5eae"><testcase classname="tests.test_nfl_prop_closure_p0" name="test_a15_lock_90_never_displays_pass" time="0.000" /><testcase classname="tests.test_nfl_prop_closure_p0" name="test_a15_lock_98_maps_to_elite_lock" time="0.000" /><testcase classname="tests.test_nfl_prop_closure_p0" name="test_a15_lock_100_maps_to_apex_lock" time="0.000" /><testcase classname="tests.test_nfl_prop_closure_p0" name="test_a15_lock_95_maps_to_strong_lock" time="0.000" /><testcase classname="tests.test_nfl_prop_closure_p0" name="test_a15_lock_88_maps_to_playable_not_pass" time="0.000" /><testcase classname="tests.test_nfl_prop_closure_p0" name="test_a15_lock_72_stays_pass_no_false_repair" time="0.000" /><testcase classname="tests.test_nfl_prop_closure_p0" name="test_a15_snapshot_path_honors_published_lock_score" time="0.000" /><testcase classname="tests.test_nfl_prop_closure_p0" name="test_a10_monotonic_ladder_passes_through" time="0.000" /><testcase classname="tests.test_nfl_prop_closure_p0" name="test_a10_non_monotonic_ladder_fails_closed" time="0.060" /><testcase classname="tests.test_nfl_prop_closure_p0" name="test_a10_different_players_independent" time="0.000" /><testcase classname="tests.test_nfl_prop_closure_p0" name="test_a10_non_nfl_untouched" time="0.000" /><testcase classname="tests.test_nfl_prop_closure_p0" name="test_a4_book_seed_true_default_for_nfl" time="0.000" /><testcase classname="tests.test_nfl_prop_closure_p0" name="test_a4_book_seed_false_untouched" time="0.000" /></testsuite></testsuites>