<?xml version="1.0" encoding="utf-8"?><testsuites name="pytest tests"><testsuite name="pytest" errors="0" failures="2" skipped="0" tests="11" time="2.611" timestamp="2026-06-20T10:14:35.557770+00:00" hostname="agent-env-93a69330-f56d-4f3b-acb6-13d1c1667ce0"><testcase classname="backend.tests.test_p0_bugs_iteration16.TestGradeConsistency" name="test_all_grades_match_lock_score" time="0.645"><failure message="AssertionError: 55 picks have lock&gt;=85 AND grade=Pass: [{'id': 'ebb63344-9b36-5816-9814-93978b0c8530', 'lock': 87.3, 'grade': 'Pass'}, {'id': 'e49c5c20-47b9-5086-bb62-9f1f38cd02d5', 'lock': 90.0, 'grade': 'Pass'}, {'id': 'b809fd28-fb46-5615-8814-7b6e089fc0ef', 'lock': 90.4, 'grade': 'Pass'}, {'id': '7b52073d-fbdb-523a-9341-7f5e807685a8', 'lock': 96.8, 'grade': 'Pass'}, {'id': 'd0173493-53cb-5b1c-a10c-c71d33a5ea12', 'lock': 94.7, 'grade': 'Pass'}]&#10;assert 55 == 0&#10; +  where 55 = len([{'grade': 'Pass', 'id': 'ebb63344-9b36-5816-9814-93978b0c8530', 'lock': 87.3}, {'grade': 'Pass', 'id': 'e49c5c20-47b9-5086-bb62-9f1f38cd02d5', 'lock': 90.0}, {'grade': 'Pass', 'id': 'b809fd28-fb46-5615-8814-7b6e089fc0ef', 'lock': 90.4}, {'grade': 'Pass', 'id': '7b52073d-fbdb-523a-9341-7f5e807685a8', 'lock': 96.8}, {'grade': 'Pass', 'id': 'd0173493-53cb-5b1c-a10c-c71d33a5ea12', 'lock': 94.7}, {'grade': 'Pass', 'id': '059c22bf-a341-5eb9-b5e1-2cbac904b37b', 'lock': 96.8}, ...])">backend/tests/test_p0_bugs_iteration16.py:81: in test_all_grades_match_lock_score
    assert len(wrong_pass) == 0, \
E   AssertionError: 55 picks have lock&gt;=85 AND grade=Pass: [{'id': 'ebb63344-9b36-5816-9814-93978b0c8530', 'lock': 87.3, 'grade': 'Pass'}, {'id': 'e49c5c20-47b9-5086-bb62-9f1f38cd02d5', 'lock': 90.0, 'grade': 'Pass'}, {'id': 'b809fd28-fb46-5615-8814-7b6e089fc0ef', 'lock': 90.4, 'grade': 'Pass'}, {'id': '7b52073d-fbdb-523a-9341-7f5e807685a8', 'lock': 96.8, 'grade': 'Pass'}, {'id': 'd0173493-53cb-5b1c-a10c-c71d33a5ea12', 'lock': 94.7, 'grade': 'Pass'}]
E   assert 55 == 0
E    +  where 55 = len([{'grade': 'Pass', 'id': 'ebb63344-9b36-5816-9814-93978b0c8530', 'lock': 87.3}, {'grade': 'Pass', 'id': 'e49c5c20-47b9-5086-bb62-9f1f38cd02d5', 'lock': 90.0}, {'grade': 'Pass', 'id': 'b809fd28-fb46-5615-8814-7b6e089fc0ef', 'lock': 90.4}, {'grade': 'Pass', 'id': '7b52073d-fbdb-523a-9341-7f5e807685a8', 'lock': 96.8}, {'grade': 'Pass', 'id': 'd0173493-53cb-5b1c-a10c-c71d33a5ea12', 'lock': 94.7}, {'grade': 'Pass', 'id': '059c22bf-a341-5eb9-b5e1-2cbac904b37b', 'lock': 96.8}, ...])</failure></testcase><testcase classname="backend.tests.test_p0_bugs_iteration16.TestSortToggle" name="test_lock_desc" time="0.106" /><testcase classname="backend.tests.test_p0_bugs_iteration16.TestSortToggle" name="test_lock_asc" time="0.105" /><testcase classname="backend.tests.test_p0_bugs_iteration16.TestSortToggle" name="test_edge_desc" time="0.104" /><testcase classname="backend.tests.test_p0_bugs_iteration16.TestSortToggle" name="test_edge_asc" time="0.104" /><testcase classname="backend.tests.test_p0_bugs_iteration16.TestSortToggle" name="test_time_asc" time="0.102" /><testcase classname="backend.tests.test_p0_bugs_iteration16.TestSortToggle" name="test_win_desc" time="0.105" /><testcase classname="backend.tests.test_p0_bugs_iteration16.TestSortToggle" name="test_dir_actually_flips" time="0.248" /><testcase classname="backend.tests.test_p0_bugs_iteration16.TestHighRiskParlay72h" name="test_high_risk_72h_returns_3_parlays" time="0.599" /><testcase classname="backend.tests.test_p0_bugs_iteration16.TestHighRiskAutoExpand" name="test_high_risk_24h_auto_expand" time="0.269" /><testcase classname="backend.tests.test_p0_bugs_iteration16.TestDbGradeAudit" name="test_db_grade_audit" time="0.077"><failure message="AssertionError: 20 DB picks with lock&gt;=85 AND grade=Pass: [{'sport': 'MLB', 'lock_score': 91.3, 'grade': 'Pass', 'id': '13e67426-8bb3-520e-a1d6-5602de36a6d4'}, {'sport': 'MLB', 'lock_score': 91.6, 'grade': 'Pass', 'id': '568c3f8e-3845-5e36-a4be-5123da13bd96'}, {'sport': 'MLB', 'lock_score': 88.1, 'grade': 'Pass', 'id': '6c22ab5f-1c1e-50c3-a99a-577ace52fe1e'}, {'sport': 'MLB', 'lock_score': 91.9, 'grade': 'Pass', 'id': 'a19812b3-27bc-5f13-bece-bb1c20cebb7d'}, {'sport': 'Soccer', 'lock_score': 89.3, 'grade': 'Pass', 'id': 'efda63f8-1417-58e0-b88d-97a387a94109'}]&#10;assert 20 == 0&#10; +  where 20 = len([{'grade': 'Pass', 'id': '13e67426-8bb3-520e-a1d6-5602de36a6d4', 'lock_score': 91.3, 'sport': 'MLB'}, {'grade': 'Pass', 'id': '568c3f8e-3845-5e36-a4be-5123da13bd96', 'lock_score': 91.6, 'sport': 'MLB'}, {'grade': 'Pass', 'id': '6c22ab5f-1c1e-50c3-a99a-577ace52fe1e', 'lock_score': 88.1, 'sport': 'MLB'}, {'grade': 'Pass', 'id': 'a19812b3-27bc-5f13-bece-bb1c20cebb7d', 'lock_score': 91.9, 'sport': 'MLB'}, {'grade': 'Pass', 'id': 'efda63f8-1417-58e0-b88d-97a387a94109', 'lock_score': 89.3, 'sport': 'Soccer'}, {'grade': 'Pass', 'id': 'ca430d92-3392-5b07-a05d-d0e79af37744', 'lock_score': 95.9, 'sport': 'Soccer'}, ...])">backend/tests/test_p0_bugs_iteration16.py:235: in test_db_grade_audit
    assert len(bad) == 0, f"{len(bad)} DB picks with lock&gt;=85 AND grade=Pass: {bad[:5]}"
E   AssertionError: 20 DB picks with lock&gt;=85 AND grade=Pass: [{'sport': 'MLB', 'lock_score': 91.3, 'grade': 'Pass', 'id': '13e67426-8bb3-520e-a1d6-5602de36a6d4'}, {'sport': 'MLB', 'lock_score': 91.6, 'grade': 'Pass', 'id': '568c3f8e-3845-5e36-a4be-5123da13bd96'}, {'sport': 'MLB', 'lock_score': 88.1, 'grade': 'Pass', 'id': '6c22ab5f-1c1e-50c3-a99a-577ace52fe1e'}, {'sport': 'MLB', 'lock_score': 91.9, 'grade': 'Pass', 'id': 'a19812b3-27bc-5f13-bece-bb1c20cebb7d'}, {'sport': 'Soccer', 'lock_score': 89.3, 'grade': 'Pass', 'id': 'efda63f8-1417-58e0-b88d-97a387a94109'}]
E   assert 20 == 0
E    +  where 20 = len([{'grade': 'Pass', 'id': '13e67426-8bb3-520e-a1d6-5602de36a6d4', 'lock_score': 91.3, 'sport': 'MLB'}, {'grade': 'Pass', 'id': '568c3f8e-3845-5e36-a4be-5123da13bd96', 'lock_score': 91.6, 'sport': 'MLB'}, {'grade': 'Pass', 'id': '6c22ab5f-1c1e-50c3-a99a-577ace52fe1e', 'lock_score': 88.1, 'sport': 'MLB'}, {'grade': 'Pass', 'id': 'a19812b3-27bc-5f13-bece-bb1c20cebb7d', 'lock_score': 91.9, 'sport': 'MLB'}, {'grade': 'Pass', 'id': 'efda63f8-1417-58e0-b88d-97a387a94109', 'lock_score': 89.3, 'sport': 'Soccer'}, {'grade': 'Pass', 'id': 'ca430d92-3392-5b07-a05d-d0e79af37744', 'lock_score': 95.9, 'sport': 'Soccer'}, ...])</failure></testcase></testsuite></testsuites>