<?xml version="1.0" encoding="utf-8"?><testsuites name="pytest tests"><testsuite name="pytest" errors="0" failures="0" skipped="0" tests="3" time="0.912" timestamp="2026-06-20T10:36:47.041257+00:00" hostname="agent-env-93a69330-f56d-4f3b-acb6-13d1c1667ce0"><testcase classname="backend.tests.test_p0_bugs_iteration18.TestWeeklyTuningGradeSync" name="test_loop_body_keeps_grade_in_sync" time="0.312" /><testcase classname="backend.tests.test_p0_bugs_iteration18.TestApplyLearningGradeMirror" name="test_grade_field_synced_to_lock_score" time="0.005" /><testcase classname="backend.tests.test_p0_bugs_iteration18.TestNaturalWeeklyTuningFire" name="test_db_clean_after_latest_weekly_tuning" time="0.530" /></testsuite></testsuites>