<?xml version="1.0" encoding="utf-8"?><testsuites name="pytest tests"><testsuite name="pytest" errors="0" failures="1" skipped="0" tests="14" time="123.906" timestamp="2026-06-20T10:28:26.535329+00:00" hostname="agent-env-93a69330-f56d-4f3b-acb6-13d1c1667ce0"><testcase classname="backend.tests.test_p0_bugs_iteration17.TestGradeConsistencyAPI" name="test_no_wrong_pass_no_legacy_no_overflow_no_mismatch" time="0.620" /><testcase classname="backend.tests.test_p0_bugs_iteration17.TestGradeConsistencyDB" name="test_db_grade_audit" time="0.072" /><testcase classname="backend.tests.test_p0_bugs_iteration17.TestGradeStabilityAcrossPipelineCycle" name="test_state_clean_after_pipeline_cycle" time="120.307"><failure message="AssertionError: after pipeline cycle: 68 lock&gt;=85 &amp; grade=Pass in DB&#10;assert 68 == 0&#10; +  where 68 = len([{'grade': 'Pass', 'id': 'ad67f423-e2c4-59fb-a1a0-86fc6efba66c', 'lock': 91.5}, {'grade': 'Pass', 'id': '13e67426-8bb3-520e-a1d6-5602de36a6d4', 'lock': 91.3}, {'grade': 'Pass', 'id': 'e37bddd5-f322-5cf7-9ee4-f9e4957ead61', 'lock': 91.2}, {'grade': 'Pass', 'id': '568c3f8e-3845-5e36-a4be-5123da13bd96', 'lock': 91.6}, {'grade': 'Pass', 'id': '6c22ab5f-1c1e-50c3-a99a-577ace52fe1e', 'lock': 88.1}, {'grade': 'Pass', 'id': 'a19812b3-27bc-5f13-bece-bb1c20cebb7d', 'lock': 91.9}, ...])">E   AssertionError: after pipeline cycle: 68 lock&gt;=85 &amp; grade=Pass in DB
    assert 68 == 0
     +  where 68 = len([{'grade': 'Pass', 'id': 'ad67f423-e2c4-59fb-a1a0-86fc6efba66c', 'lock': 91.5}, {'grade': 'Pass', 'id': '13e67426-8bb3-520e-a1d6-5602de36a6d4', 'lock': 91.3}, {'grade': 'Pass', 'id': 'e37bddd5-f322-5cf7-9ee4-f9e4957ead61', 'lock': 91.2}, {'grade': 'Pass', 'id': '568c3f8e-3845-5e36-a4be-5123da13bd96', 'lock': 91.6}, {'grade': 'Pass', 'id': '6c22ab5f-1c1e-50c3-a99a-577ace52fe1e', 'lock': 88.1}, {'grade': 'Pass', 'id': 'a19812b3-27bc-5f13-bece-bb1c20cebb7d', 'lock': 91.9}, ...])</failure></testcase><testcase classname="backend.tests.test_p0_bugs_iteration17.TestSortToggle" name="test_lock_desc" time="0.146" /><testcase classname="backend.tests.test_p0_bugs_iteration17.TestSortToggle" name="test_lock_asc" time="0.107" /><testcase classname="backend.tests.test_p0_bugs_iteration17.TestSortToggle" name="test_edge_desc" time="0.103" /><testcase classname="backend.tests.test_p0_bugs_iteration17.TestSortToggle" name="test_edge_asc" time="0.103" /><testcase classname="backend.tests.test_p0_bugs_iteration17.TestSortToggle" name="test_time_asc" time="0.103" /><testcase classname="backend.tests.test_p0_bugs_iteration17.TestSortToggle" name="test_win_desc" time="0.105" /><testcase classname="backend.tests.test_p0_bugs_iteration17.TestSortToggle" name="test_dir_flips" time="0.252" /><testcase classname="backend.tests.test_p0_bugs_iteration17.TestHighRiskParlay72h" name="test_high_risk_72h_returns_3_parlays_min5_legs" time="0.590" /><testcase classname="backend.tests.test_p0_bugs_iteration17.TestAutoExpandTightWindow" name="test_tight_window_high_risk[4]" time="0.590" /><testcase classname="backend.tests.test_p0_bugs_iteration17.TestAutoExpandTightWindow" name="test_tight_window_high_risk[6]" time="0.589" /><testcase classname="backend.tests.test_p0_bugs_iteration17.TestAutoExpandTightWindow" name="test_tight_window_high_risk[8]" time="0.153" /></testsuite></testsuites>