<?xml version="1.0" encoding="utf-8"?><testsuites name="pytest tests"><testsuite name="pytest" errors="0" failures="0" skipped="0" tests="11" time="1.996" timestamp="2026-06-20T10:24:05.235893+00:00" hostname="agent-env-93a69330-f56d-4f3b-acb6-13d1c1667ce0"><testcase classname="backend.tests.test_p0_bugs_iteration16.TestGradeConsistency" name="test_all_grades_match_lock_score" time="0.612" /><testcase classname="backend.tests.test_p0_bugs_iteration16.TestSortToggle" name="test_lock_desc" time="0.086" /><testcase classname="backend.tests.test_p0_bugs_iteration16.TestSortToggle" name="test_lock_asc" time="0.084" /><testcase classname="backend.tests.test_p0_bugs_iteration16.TestSortToggle" name="test_edge_desc" time="0.076" /><testcase classname="backend.tests.test_p0_bugs_iteration16.TestSortToggle" name="test_edge_asc" time="0.073" /><testcase classname="backend.tests.test_p0_bugs_iteration16.TestSortToggle" name="test_time_asc" time="0.086" /><testcase classname="backend.tests.test_p0_bugs_iteration16.TestSortToggle" name="test_win_desc" time="0.078" /><testcase classname="backend.tests.test_p0_bugs_iteration16.TestSortToggle" name="test_dir_actually_flips" time="0.151" /><testcase classname="backend.tests.test_p0_bugs_iteration16.TestHighRiskParlay72h" name="test_high_risk_72h_returns_3_parlays" time="0.393" /><testcase classname="backend.tests.test_p0_bugs_iteration16.TestHighRiskAutoExpand" name="test_high_risk_24h_auto_expand" time="0.214" /><testcase classname="backend.tests.test_p0_bugs_iteration16.TestDbGradeAudit" name="test_db_grade_audit" time="0.067" /></testsuite></testsuites>