<?xml version="1.0" encoding="utf-8"?><testsuites name="pytest tests"><testsuite name="pytest" errors="0" failures="0" skipped="1" tests="10" time="2.951" timestamp="2026-06-17T05:31:42.361085+00:00" hostname="agent-env-93a69330-f56d-4f3b-acb6-13d1c1667ce0"><testcase classname="backend.tests.test_parlay_v11" name="test_b1_auto_default_24h" time="0.553" /><testcase classname="backend.tests.test_parlay_v11" name="test_b2_custom_include_sports" time="0.116" /><testcase classname="backend.tests.test_parlay_v11" name="test_b3_single_mode_soccer" time="0.182" /><testcase classname="backend.tests.test_parlay_v11" name="test_b4a_diversification_3leg" time="0.139" /><testcase classname="backend.tests.test_parlay_v11" name="test_b4b_diversification_8leg" time="0.550" /><testcase classname="backend.tests.test_parlay_v11" name="test_b4c_diversification_15leg" time="0.746" /><testcase classname="backend.tests.test_parlay_v11" name="test_b5a_tiny_1h_window" time="0.141" /><testcase classname="backend.tests.test_parlay_v11" name="test_b5b_week_window_at_least_24h" time="0.249" /><testcase classname="backend.tests.test_parlay_v11" name="test_b6a_no_new_params" time="0.107" /><testcase classname="backend.tests.test_parlay_v11" name="test_b6b_legacy_exclude_sports" time="0.098"><skipped type="pytest.skip" message="no parlays: Not enough qualifying picks today within 168h to build a 3-leg parlay (need Lock&gt;=88, Edge&gt;=+3%, positive ROI).">/app/backend/tests/test_parlay_v11.py:159: no parlays: Not enough qualifying picks today within 168h to build a 3-leg parlay (need Lock&gt;=88, Edge&gt;=+3%, positive ROI).</skipped></testcase></testsuite></testsuites>