<?xml version="1.0" encoding="utf-8"?><testsuites name="pytest tests"><testsuite name="pytest" errors="0" failures="1" skipped="1" tests="8" time="1.673" timestamp="2026-06-20T05:34:43.072556+00:00" hostname="agent-env-93a69330-f56d-4f3b-acb6-13d1c1667ce0"><testcase classname="backend.tests.test_parlay_overhaul_review" name="test_1_parlay_legs_have_strong_win_probability" time="0.594" /><testcase classname="backend.tests.test_parlay_overhaul_review" name="test_2_high_risk_soccer_caps_win_or_draw" time="0.107"><skipped type="pytest.skip" message="no soccer parlay built: Not enough qualifying picks today in Soccer to build a 10-leg parlay (need Lock&gt;=88, Edge&gt;=+3%, positive ROI).">/app/backend/tests/test_parlay_overhaul_review.py:100: no soccer parlay built: Not enough qualifying picks today in Soccer to build a 10-leg parlay (need Lock&gt;=88, Edge&gt;=+3%, positive ROI).</skipped></testcase><testcase classname="backend.tests.test_parlay_overhaul_review" name="test_3_refresh_nonce_changes_parlay" time="0.245" /><testcase classname="backend.tests.test_parlay_overhaul_review" name="test_4_parlay_history_collection_populated" time="0.392"><failure message="AssertionError: parlay_history not populated: total=0&#10;assert 0 &gt;= 2">E   AssertionError: parlay_history not populated: total=0
    assert 0 &gt;= 2</failure></testcase><testcase classname="backend.tests.test_parlay_overhaul_review" name="test_5_parlay_learning_log_line_present" time="0.013" /><testcase classname="backend.tests.test_parlay_overhaul_review" name="test_6_validator_fixed_lock_below_threshold" time="0.006" /><testcase classname="backend.tests.test_parlay_overhaul_review" name="test_7a_lock_desc_top_ge_fifth" time="0.140" /><testcase classname="backend.tests.test_parlay_overhaul_review" name="test_7b_lock_asc_top_le_fifth" time="0.114" /></testsuite></testsuites>