<?xml version="1.0" encoding="utf-8"?><testsuites name="pytest tests"><testsuite name="pytest" errors="0" failures="0" skipped="1" tests="10" time="3.372" timestamp="2026-06-17T04:20:27.749919+00:00" hostname="agent-env-93a69330-f56d-4f3b-acb6-13d1c1667ce0"><testcase classname="backend.tests.test_parlay_optimizer.TestParlayCoreShape" name="test_standard_3_legs_returns_three_cards" time="0.707" /><testcase classname="backend.tests.test_parlay_optimizer.TestParlayCoreShape" name="test_legacy_parlay_field_present" time="0.080" /><testcase classname="backend.tests.test_parlay_optimizer.TestParlayLegCounts" name="test_standard_5_legs" time="0.087" /><testcase classname="backend.tests.test_parlay_optimizer.TestParlayLegCounts" name="test_high_risk_15_legs" time="0.817" /><testcase classname="backend.tests.test_parlay_optimizer.TestParlayRefreshCursor" name="test_rank_cycles_change_content" time="0.153" /><testcase classname="backend.tests.test_parlay_optimizer.TestParlayLockedIds" name="test_locked_id_appears_in_every_card" time="0.131" /><testcase classname="backend.tests.test_parlay_optimizer.TestParlaySportFilters" name="test_sport_filter_soccer" time="0.068" /><testcase classname="backend.tests.test_parlay_optimizer.TestParlaySportFilters" name="test_exclude_sports_soccer_in_mix" time="0.047"><skipped type="pytest.skip" message="no Mix parlays available today excluding Soccer">/app/backend/tests/test_parlay_optimizer.py:231: no Mix parlays available today excluding Soccer</skipped></testcase><testcase classname="backend.tests.test_parlay_optimizer.TestParlayDamageControl" name="test_survival_ordering_safe_balanced_aggressive" time="0.078" /><testcase classname="backend.tests.test_parlay_optimizer.TestParlayGradeConsistency" name="test_grades_align_with_scores_all_modes" time="0.948" /></testsuite></testsuites>