<?xml version="1.0" encoding="utf-8"?><testsuites name="pytest tests"><testsuite name="pytest" errors="0" failures="0" skipped="0" tests="13" time="0.996" timestamp="2026-06-20T11:12:40.478736+00:00" hostname="agent-env-93a69330-f56d-4f3b-acb6-13d1c1667ce0"><testcase classname="backend.tests.test_parlay_diversity_iter19.TestSameSportCapMath" name="test_target_5_caps_at_2" time="0.001" /><testcase classname="backend.tests.test_parlay_diversity_iter19.TestSameSportCapMath" name="test_target_8_caps_at_3" time="0.000" /><testcase classname="backend.tests.test_parlay_diversity_iter19.TestSameSportCapMath" name="test_target_10_caps_at_4" time="0.000" /><testcase classname="backend.tests.test_parlay_diversity_iter19.TestSameSportCapMath" name="test_target_15_caps_at_5" time="0.000" /><testcase classname="backend.tests.test_parlay_diversity_iter19.TestSameSportCapMath" name="test_target_20_caps_at_6" time="0.000" /><testcase classname="backend.tests.test_parlay_diversity_iter19.TestSameSportCapMath" name="test_lower_bound_2_3_legs" time="0.000" /><testcase classname="backend.tests.test_parlay_diversity_iter19.TestStandardParlay24h" name="test_returns_3_parlays" time="0.519" /><testcase classname="backend.tests.test_parlay_diversity_iter19.TestHighRiskParlay72h" name="test_returns_3_parlays" time="0.404" /><testcase classname="backend.tests.test_parlay_diversity_iter19.TestHighRiskParlay72h" name="test_each_parlay_has_min_5_legs" time="0.000" /><testcase classname="backend.tests.test_parlay_diversity_iter19.TestHighRiskParlay72h" name="test_sport_diversity_within_implementation_cap" time="0.000" /><testcase classname="backend.tests.test_parlay_diversity_iter19.TestHighRiskParlay72h" name="test_post_truncation_sport_ratio_observation" time="0.000" /><testcase classname="backend.tests.test_parlay_diversity_iter19.TestHighRiskParlay72h" name="test_at_least_2_distinct_sports_per_parlay" time="0.000" /><testcase classname="backend.tests.test_parlay_diversity_iter19.TestHighRiskParlay72h" name="test_sport_distribution_diagnostic" time="0.000" /></testsuite></testsuites>