<?xml version="1.0" encoding="utf-8"?><testsuites name="pytest tests"><testsuite name="pytest" errors="0" failures="1" skipped="1" tests="13" time="4.244" timestamp="2026-06-20T03:45:27.753199+00:00" hostname="agent-env-93a69330-f56d-4f3b-acb6-13d1c1667ce0"><testcase classname="backend.tests.test_perkslocks_review.TestGameOutcomeDedupeSoccer" name="test_no_event_has_more_than_one_game_outcome_pick" time="2.002" /><testcase classname="backend.tests.test_perkslocks_review.TestGameOutcomeDedupeSoccer" name="test_sweden_netherlands_has_exactly_one_game_outcome" time="0.000" /><testcase classname="backend.tests.test_perkslocks_review.TestOver15Poisson" name="test_at_least_10_over_15_picks" time="0.001"><failure message="AssertionError: expected &gt;=10 Over 1.5 picks, got 2&#10;assert 2 &gt;= 10&#10; +  where 2 = len([{'agreement_score': 80.0, 'apex_blockers': ['counter 15 &gt; 10', 'survival 85 &lt; 90', 'variance 37 &gt; 15', 'agreement 80 &lt; 85'], 'away_team': 'Bohemians', 'bet_type': 'STRAIGHT', ...}, {'agreement_score': 82.2, 'apex_blockers': ['counter 15 &gt; 10', 'survival 82 &lt; 90', 'variance 37 &gt; 15', 'agreement 82 &lt; 85'], 'away_team': 'Grêmio Novorizontino', 'bet_type': 'STRAIGHT', ...}])">backend/tests/test_perkslocks_review.py:117: in test_at_least_10_over_15_picks
    assert len(over15) &gt;= 10, f"expected &gt;=10 Over 1.5 picks, got {len(over15)}"
E   AssertionError: expected &gt;=10 Over 1.5 picks, got 2
E   assert 2 &gt;= 10
E    +  where 2 = len([{'agreement_score': 80.0, 'apex_blockers': ['counter 15 &gt; 10', 'survival 85 &lt; 90', 'variance 37 &gt; 15', 'agreement 80 &lt; 85'], 'away_team': 'Bohemians', 'bet_type': 'STRAIGHT', ...}, {'agreement_score': 82.2, 'apex_blockers': ['counter 15 &gt; 10', 'survival 82 &lt; 90', 'variance 37 &gt; 15', 'agreement 82 &lt; 85'], 'away_team': 'Grêmio Novorizontino', 'bet_type': 'STRAIGHT', ...}])</failure></testcase><testcase classname="backend.tests.test_perkslocks_review.TestOver15Poisson" name="test_sweden_netherlands_over_15_lock_score" time="0.000"><skipped type="pytest.skip" message="Sweden @ Netherlands not on slate today">/app/backend/tests/test_perkslocks_review.py:132: Sweden @ Netherlands not on slate today</skipped></testcase><testcase classname="backend.tests.test_perkslocks_review.TestMLBLiveShape" name="test_reds_yankees_has_plain_and_dated_keys" time="1.060" /><testcase classname="backend.tests.test_perkslocks_review.TestPlayerIntel" name="test_refresh_returns_counts" time="0.297" /><testcase classname="backend.tests.test_perkslocks_review.TestPlayerIntel" name="test_profile_lookup[Mbappe-Soccer-Kylian Mbapp\xe9-high-xG attacker]" time="0.105" /><testcase classname="backend.tests.test_perkslocks_review.TestPlayerIntel" name="test_profile_lookup[Mahomes-NFL-Patrick Mahomes-dual-threat QB]" time="0.093" /><testcase classname="backend.tests.test_perkslocks_review.TestPlayerIntel" name="test_profile_lookup[Sinner-Tennis-Jannik Sinner-None]" time="0.098" /><testcase classname="backend.tests.test_perkslocks_review.TestPlayerIntel" name="test_profile_lookup[LeBron James-NBA-LeBron James-two-way wing]" time="0.101" /><testcase classname="backend.tests.test_perkslocks_review.TestPlayerIntel" name="test_list_soccer" time="0.108" /><testcase classname="backend.tests.test_perkslocks_review.TestAutoEliteMLB" name="test_auto_elite_mlb_no_500" time="0.096" /><testcase classname="backend.tests.test_perkslocks_review.TestFullSlateDedupe" name="test_no_duplicate_game_outcome_picks_full_slate" time="0.178" /></testsuite></testsuites>