<?xml version="1.0" encoding="utf-8"?><testsuites name="pytest tests"><testsuite name="pytest" errors="0" failures="0" skipped="0" tests="26" time="6.111" timestamp="2026-06-26T04:25:09.395238+00:00" hostname="agent-env-93a69330-f56d-4f3b-acb6-13d1c1667ce0"><testcase classname="tests.test_perkslocks_circuit_breaker_review.TestAdminAuthGating" name="test_odds_diagnostic_requires_auth" time="0.262" /><testcase classname="tests.test_perkslocks_circuit_breaker_review.TestAdminAuthGating" name="test_odds_diagnostic_forbids_non_admin" time="0.432" /><testcase classname="tests.test_perkslocks_circuit_breaker_review.TestAdminAuthGating" name="test_circuit_reset_requires_auth" time="0.098" /><testcase classname="tests.test_perkslocks_circuit_breaker_review.TestAdminAuthGating" name="test_circuit_reset_forbids_non_admin" time="0.099" /><testcase classname="tests.test_perkslocks_circuit_breaker_review.TestAdminAuthGating" name="test_force_refresh_requires_auth" time="0.098" /><testcase classname="tests.test_perkslocks_circuit_breaker_review.TestAdminAuthGating" name="test_force_refresh_forbids_non_admin" time="0.100" /><testcase classname="tests.test_perkslocks_circuit_breaker_review.TestAdminAuthGating" name="test_heal_requires_auth" time="0.106" /><testcase classname="tests.test_perkslocks_circuit_breaker_review.TestAdminAuthGating" name="test_heal_forbids_non_admin" time="0.096" /><testcase classname="tests.test_perkslocks_circuit_breaker_review.TestOddsDiagnostic" name="test_shape_and_fields" time="0.437" /><testcase classname="tests.test_perkslocks_circuit_breaker_review.TestOddsDiagnostic" name="test_picks_today_total_matches_expectation" time="0.108" /><testcase classname="tests.test_perkslocks_circuit_breaker_review.TestCircuitReset" name="test_reset_returns_healthy_state" time="0.100" /><testcase classname="tests.test_perkslocks_circuit_breaker_review.TestForceRefresh" name="test_force_refresh_queues" time="0.180" /><testcase classname="tests.test_perkslocks_circuit_breaker_review.TestHealPicks" name="test_heal_returns_healing_queued" time="0.098" /><testcase classname="tests.test_perkslocks_circuit_breaker_review.TestVersion" name="test_data_version" time="0.099" /><testcase classname="tests.test_perkslocks_circuit_breaker_review.TestPicksTodayAutoRelax" name="test_picks_today_default_no_params" time="0.428" /><testcase classname="tests.test_perkslocks_circuit_breaker_review.TestPicksTodayAutoRelax" name="test_picks_today_default_no_auto_relax_with_healthy_slate" time="0.567" /><testcase classname="tests.test_perkslocks_circuit_breaker_review.TestPicksTodayAutoRelax" name="test_picks_today_lite" time="0.238" /><testcase classname="tests.test_perkslocks_circuit_breaker_review.TestPicksTodayAutoRelax" name="test_picks_today_min_lock_override" time="0.400" /><testcase classname="tests.test_perkslocks_circuit_breaker_review.TestPicksTodayAutoRelax" name="test_picks_today_market_override" time="0.112" /><testcase classname="tests.test_perkslocks_circuit_breaker_review.TestRegressionExistingPicks" name="test_picks_all" time="0.309" /><testcase classname="tests.test_perkslocks_circuit_breaker_review.TestRegressionExistingPicks" name="test_under_of_the_day" time="0.127" /><testcase classname="tests.test_perkslocks_circuit_breaker_review.TestRegressionExistingPicks" name="test_rollover" time="0.162" /><testcase classname="tests.test_perkslocks_circuit_breaker_review.TestRegressionExistingPicks" name="test_login_demo_user" time="0.327" /><testcase classname="tests.test_perkslocks_circuit_breaker_review.TestRegressionExistingPicks" name="test_login_admin_user" time="0.345" /><testcase classname="tests.test_perkslocks_circuit_breaker_review.TestRegressionExistingPicks" name="test_pick_detail" time="0.317" /><testcase classname="tests.test_perkslocks_circuit_breaker_review.TestCircuitHealth" name="test_circuit_not_tripped_post_picks" time="0.332" /></testsuite></testsuites>