<?xml version="1.0" encoding="utf-8"?><testsuites name="pytest tests"><testsuite name="pytest" errors="0" failures="0" skipped="0" tests="62" time="0.859" timestamp="2026-08-16T09:34:58.811470+00:00" hostname="agent-env-94a57b11-1651-4cbd-8cc5-d049697d5eae"><testcase classname="tests.test_phase2_universal_simulator_provenance" name="test_prior_only_never_counts_as_agreement" time="0.000" /><testcase classname="tests.test_phase2_universal_simulator_provenance" name="test_model_conditioned_never_counts_as_agreement" time="0.000" /><testcase classname="tests.test_phase2_universal_simulator_provenance" name="test_invalid_never_counts" time="0.000" /><testcase classname="tests.test_phase2_universal_simulator_provenance" name="test_causal_full_counts_as_agreement" time="0.000" /><testcase classname="tests.test_phase2_universal_simulator_provenance" name="test_prior_only_cannot_flag_severe_disagreement" time="0.000" /><testcase classname="tests.test_phase2_universal_simulator_provenance" name="test_model_conditioned_cannot_flag_severe_disagreement" time="0.000" /><testcase classname="tests.test_phase2_universal_simulator_provenance" name="test_causal_strong_flags_severe_disagreement_above_threshold" time="0.000" /><testcase classname="tests.test_phase2_universal_simulator_provenance" name="test_input_quality_ladder" time="0.000" /><testcase classname="tests.test_phase2_universal_simulator_provenance" name="test_soccer_scorer_calibrated_to_model_is_model_conditioned" time="0.023" /><testcase classname="tests.test_phase2_universal_simulator_provenance" name="test_soccer_scorer_with_real_priors_is_empirical_independent" time="0.016" /><testcase classname="tests.test_phase2_universal_simulator_provenance" name="test_tennis_sim_is_model_conditioned" time="0.271" /><testcase classname="tests.test_phase2_universal_simulator_provenance" name="test_nba_sim_is_model_conditioned" time="0.085" /><testcase classname="tests.test_phase2_universal_simulator_provenance" name="test_mlb_k_prob_with_real_signals_is_causal_or_empirical" time="0.063" /><testcase classname="tests.test_phase2_universal_simulator_provenance" name="test_mlb_k_prob_league_avg_only_is_prior_only" time="0.000" /><testcase classname="tests.test_phase2_universal_simulator_provenance" name="test_capability_registry_documents_nhl_cfb_ufc" time="0.000" /><testcase classname="tests.test_phase3_settlement_history_truth" name="test_push_maps_to_push_not_void" time="0.008" /><testcase classname="tests.test_phase3_settlement_history_truth" name="test_settlement_fingerprint_is_deterministic" time="0.000" /><testcase classname="tests.test_phase3_settlement_history_truth" name="test_machado_over_0p5_hits_two_hits_is_won" time="0.000" /><testcase classname="tests.test_phase3_settlement_history_truth" name="test_machado_over_line_zero_hits_is_lost" time="0.000" /><testcase classname="tests.test_phase3_settlement_history_truth" name="test_missing_actual_returns_unresolved_not_lost" time="0.000" /><testcase classname="tests.test_phase3_settlement_history_truth" name="test_missing_line_returns_unresolved" time="0.000" /><testcase classname="tests.test_phase3_settlement_history_truth" name="test_exact_line_hit_is_push" time="0.000" /><testcase classname="tests.test_phase3_settlement_history_truth" name="test_rollover_tagger_refuses_to_clear_live_frozen_tag[asyncio]" time="0.002" /><testcase classname="tests.test_phase4_analytics_calibration" name="test_hit_rate_excludes_push_and_void" time="0.000" /><testcase classname="tests.test_phase4_analytics_calibration" name="test_hit_rate_empty_returns_none_not_zero" time="0.000" /><testcase classname="tests.test_phase4_analytics_calibration" name="test_pending_and_unresolved_are_never_losses" time="0.000" /><testcase classname="tests.test_phase4_analytics_calibration" name="test_brier_zero_for_perfect_prediction" time="0.000" /><testcase classname="tests.test_phase4_analytics_calibration" name="test_brier_none_for_empty_sample" time="0.000" /><testcase classname="tests.test_phase4_analytics_calibration" name="test_brier_max_for_maximally_wrong" time="0.000" /><testcase classname="tests.test_phase4_analytics_calibration" name="test_sample_classifier_boundaries" time="0.000" /><testcase classname="tests.test_phase4_analytics_calibration" name="test_calibration_well_calibrated_sample_reports_near_zero" time="0.000" /><testcase classname="tests.test_phase4_analytics_calibration" name="test_calibration_miscalibrated_sample_reports_actual_gap" time="0.000" /><testcase classname="tests.test_phase4_analytics_calibration" name="test_roi_favorite_win_returns_less_than_one_unit" time="0.000" /><testcase classname="tests.test_phase4_analytics_calibration" name="test_roi_dog_win_returns_more_than_one_unit" time="0.000" /><testcase classname="tests.test_phase4_analytics_calibration" name="test_roi_loss_returns_minus_one_unit" time="0.000" /><testcase classname="tests.test_phase4_analytics_calibration" name="test_roi_push_and_void_return_zero" time="0.000" /><testcase classname="tests.test_phase4_analytics_calibration" name="test_rollover_baseline_excludes_unfrozen_picks" time="0.000" /><testcase classname="tests.test_phase5_corrections" name="test_first_goal_scorer_is_intentionally_unsupported" time="0.000" /><testcase classname="tests.test_phase5_corrections" name="test_first_scorer_not_in_acquisition_market_list" time="0.039" /><testcase classname="tests.test_phase5_corrections" name="test_anytime_and_score_or_assist_remain_supported" time="0.000" /><testcase classname="tests.test_phase5_corrections" name="test_provider_row_present_below_threshold_is_below_score_threshold" time="0.000" /><testcase classname="tests.test_phase5_corrections" name="test_no_provider_row_is_provider_unavailable" time="0.000" /><testcase classname="tests.test_phase5_corrections" name="test_provider_row_present_survives_all_gates_is_visible" time="0.000" /><testcase classname="tests.test_phase5_corrections" name="test_model_unavailable_takes_precedence_over_threshold" time="0.000" /><testcase classname="tests.test_phase5_corrections" name="test_terminal_state_vocabulary_is_complete" time="0.000" /><testcase classname="tests.test_phase5_corrections" name="test_nba_props_are_supported" time="0.000" /><testcase classname="tests.test_phase5_corrections" name="test_nba_game_markets_are_model_unavailable" time="0.000" /><testcase classname="tests.test_phase6_magic_apex_why_this_pick" name="test_lock_score_and_win_prob_are_distinct_fields" time="0.002" /><testcase classname="tests.test_phase6_magic_apex_why_this_pick" name="test_model_only_pick_has_edge_percent_none_not_zero" time="0.004" /><testcase classname="tests.test_phase6_magic_apex_why_this_pick" name="test_shorter_odds_alone_do_not_boost_lock_score" time="0.000" /><testcase classname="tests.test_phase6_magic_apex_why_this_pick" name="test_tier_contract_99_is_never_apex" time="0.004" /><testcase classname="tests.test_phase6_magic_apex_why_this_pick" name="test_apex_100_is_preserved_through_evidence_governor" time="0.002" /><testcase classname="tests.test_phase6_magic_apex_why_this_pick" name="test_non_apex_pick_cannot_reach_lock_score_100" time="0.002" /><testcase classname="tests.test_phase6_magic_apex_why_this_pick" name="test_apex_gate_rejects_when_base_score_below_minimum" time="0.000" /><testcase classname="tests.test_phase6_magic_apex_why_this_pick" name="test_why_this_pick_only_cites_frozen_evidence" time="0.000" /><testcase classname="tests.test_phase6_magic_apex_why_this_pick" name="test_why_this_pick_flags_edge_unavailable_when_none" time="0.000" /><testcase classname="tests.test_phase7_rollover_closure" name="test_rollover_tagger_will_not_clear_live_frozen_membership_query" time="0.003" /><testcase classname="tests.test_phase7_rollover_closure" name="test_top_three_enforces_one_leg_per_event" time="0.000" /><testcase classname="tests.test_phase7_rollover_closure" name="test_rollover_returns_fewer_than_three_when_pool_is_short" time="0.000" /><testcase classname="tests.test_phase7_rollover_closure" name="test_picks_route_stamps_selection_rank_and_selector_version" time="0.196" /><testcase classname="tests.test_phase7_rollover_closure" name="test_composite_score_uses_multiple_fields_not_just_lock_score" time="0.000" /><testcase classname="tests.test_phase7_rollover_closure" name="test_rollover_analytics_uses_on_rollover_at_field" time="0.001" /></testsuite></testsuites>