<?xml version="1.0" encoding="utf-8"?><testsuites name="pytest tests"><testsuite name="pytest" errors="0" failures="0" skipped="0" tests="21" time="0.065" timestamp="2026-08-16T09:34:53.358243+00:00" hostname="agent-env-94a57b11-1651-4cbd-8cc5-d049697d5eae"><testcase classname="tests.test_phase8_parlay2_closure" name="test_8E_parlay_to_payload_never_synthesises_missing_book_odds" time="0.001" /><testcase classname="tests.test_phase8_parlay2_closure" name="test_8E_parlay_to_payload_computes_combined_when_all_legs_priced" time="0.000" /><testcase classname="tests.test_phase8_parlay2_closure" name="test_8E_save_parlay_rejects_leg_missing_book_odds" time="0.005" /><testcase classname="tests.test_phase8_parlay2_closure" name="test_8AE_save_parlay_freezes_all_required_fields" time="0.008" /><testcase classname="tests.test_phase8_parlay2_closure" name="test_8AG_void_leg_is_not_treated_as_loss" time="0.002" /><testcase classname="tests.test_phase8_parlay2_closure" name="test_8AG_actual_loss_still_marks_parlay_lost" time="0.002" /><testcase classname="tests.test_phase8_parlay2_closure" name="test_8L_positive_correlation_qb_wr_same_team" time="0.000" /><testcase classname="tests.test_phase8_parlay2_closure" name="test_8N_conflicting_same_player_blocked" time="0.000" /><testcase classname="tests.test_phase8_parlay2_closure" name="test_8G_ladder_supersession_blocks_duplicate_wager" time="0.000" /><testcase classname="tests.test_phase8_parlay2_closure" name="test_8K_extreme_chalk_gated_by_standard_edge_floor" time="0.000" /><testcase classname="tests.test_phase8_parlay2_closure" name="test_8U_survival_haircut_applied_on_same_event_legs" time="0.000" /><testcase classname="tests.test_phase8_parlay2_closure" name="test_8Q_model_conditioned_does_not_pass_as_independent_confirmation" time="0.000" /><testcase classname="tests.test_phase8_parlay2_closure" name="test_8S_edge_unavailable_leg_still_rankable_but_not_zeroed" time="0.000" /><testcase classname="tests.test_phase8_parlay2_closure" name="test_8X_below_85_leg_rejected_by_standard_eligibility" time="0.000" /><testcase classname="tests.test_phase8_parlay2_closure" name="test_8AM_proof_A_strong_independent_2leg_parlay" time="0.002" /><testcase classname="tests.test_phase8_parlay2_closure" name="test_8AM_proof_E_conflicting_pair_never_appears_together" time="0.000" /><testcase classname="tests.test_phase8_parlay2_closure" name="test_8AM_proof_F_duplicate_ladder_never_stacked" time="0.001" /><testcase classname="tests.test_phase8_parlay2_closure" name="test_8AM_proof_G_extreme_chalk_does_not_dominate_every_parlay" time="0.001" /><testcase classname="tests.test_phase8_parlay2_closure" name="test_8AM_proof_J_apex_leg_not_forced_into_every_parlay" time="0.000" /><testcase classname="tests.test_phase8_parlay2_closure" name="test_8AK_eligibility_returns_explicit_terminal_reason" time="0.000" /><testcase classname="tests.test_phase8_parlay2_closure" name="test_optimizer_version_stamped_on_payload" time="0.000" /></testsuite></testsuites>