<?xml version="1.0" encoding="utf-8"?><testsuites name="pytest tests"><testsuite name="pytest" errors="0" failures="0" skipped="0" tests="8" time="1.236" timestamp="2026-06-22T22:20:22.497185+00:00" hostname="agent-env-93a69330-f56d-4f3b-acb6-13d1c1667ce0"><testcase classname="backend.tests.test_pitcher_h2h" name="test_version_data_version" time="0.171" /><testcase classname="backend.tests.test_pitcher_h2h" name="test_resolve_opp_team_kc_at_stl" time="0.040" /><testcase classname="backend.tests.test_pitcher_h2h" name="test_resolve_opp_team_tex_vs_sd" time="0.000" /><testcase classname="backend.tests.test_pitcher_h2h" name="test_resolve_opp_team_reverse_order" time="0.000" /><testcase classname="backend.tests.test_pitcher_h2h" name="test_pitcher_h2h_unauthorized" time="0.063" /><testcase classname="backend.tests.test_pitcher_h2h" name="test_pitcher_h2h_mlb_strikeout_pick" time="0.561" /><testcase classname="backend.tests.test_pitcher_h2h" name="test_pitcher_h2h_non_strikeout_returns_404" time="0.270" /><testcase classname="backend.tests.test_pitcher_h2h" name="test_pitcher_h2h_missing_pick_returns_404" time="0.062" /></testsuite></testsuites>