<?xml version="1.0" encoding="utf-8"?><testsuites name="pytest tests"><testsuite name="pytest" errors="0" failures="0" skipped="0" tests="24" time="16.939" timestamp="2026-06-11T05:26:05.513240+00:00" hostname="agent-env-93a69330-f56d-4f3b-acb6-13d1c1667ce0"><testcase classname="backend.tests.test_lockscore_api.TestHealth" name="test_root" time="0.326" /><testcase classname="backend.tests.test_lockscore_api.TestAuth" name="test_register_new_user_returns_token_and_user" time="0.271" /><testcase classname="backend.tests.test_lockscore_api.TestAuth" name="test_register_duplicate_email_returns_409" time="0.311" /><testcase classname="backend.tests.test_lockscore_api.TestAuth" name="test_login_success" time="0.264" /><testcase classname="backend.tests.test_lockscore_api.TestAuth" name="test_login_wrong_password_returns_401" time="0.266" /><testcase classname="backend.tests.test_lockscore_api.TestAuth" name="test_me_with_token" time="0.312" /><testcase classname="backend.tests.test_lockscore_api.TestAuth" name="test_me_without_token_returns_401" time="0.141" /><testcase classname="backend.tests.test_lockscore_api.TestPicks" name="test_today_returns_picks_with_lock_score_gte_85" time="0.054" /><testcase classname="backend.tests.test_lockscore_api.TestPicks" name="test_today_sport_filter" time="0.045" /><testcase classname="backend.tests.test_lockscore_api.TestPicks" name="test_picks_all_returns_full_board" time="0.060" /><testcase classname="backend.tests.test_lockscore_api.TestPicks" name="test_picks_bet_killer_below_85" time="0.047" /><testcase classname="backend.tests.test_lockscore_api.TestPicks" name="test_rollover_single_pick" time="0.048" /><testcase classname="backend.tests.test_lockscore_api.TestPicks" name="test_pick_detail_generates_ai_explanation" time="0.091" /><testcase classname="backend.tests.test_lockscore_api.TestPicks" name="test_pick_ai_explain_endpoint" time="0.089" /><testcase classname="backend.tests.test_lockscore_api.TestPicks" name="test_pick_ai_explain_404" time="0.047" /><testcase classname="backend.tests.test_lockscore_api.TestPicks" name="test_pick_detail_404" time="0.043" /><testcase classname="backend.tests.test_lockscore_api.TestPicks" name="test_picks_requires_auth" time="0.140" /><testcase classname="backend.tests.test_lockscore_api.TestPicks" name="test_refresh_picks" time="13.964" /><testcase classname="backend.tests.test_lockscore_api.TestParlay" name="test_parlay_legs_returns_payload_or_reason[2]" time="0.048" /><testcase classname="backend.tests.test_lockscore_api.TestParlay" name="test_parlay_legs_returns_payload_or_reason[3]" time="0.044" /><testcase classname="backend.tests.test_lockscore_api.TestParlay" name="test_parlay_legs_returns_payload_or_reason[4]" time="0.043" /><testcase classname="backend.tests.test_lockscore_api.TestParlay" name="test_parlay_legs_returns_payload_or_reason[5]" time="0.043" /><testcase classname="backend.tests.test_lockscore_api.TestParlay" name="test_parlay_leg_pick_id_resolves" time="0.092" /><testcase classname="backend.tests.test_lockscore_api.TestStats" name="test_stats_summary" time="0.048" /></testsuite></testsuites>