<?xml version="1.0" encoding="utf-8"?><testsuites name="pytest tests"><testsuite name="pytest" errors="0" failures="0" skipped="0" tests="9" time="6.167" timestamp="2026-06-20T04:09:44.107385+00:00" hostname="agent-env-93a69330-f56d-4f3b-acb6-13d1c1667ce0"><testcase classname="backend.tests.test_scorer_bundles_and_sdio.TestScorerBundles" name="test_anytime_goal_scorer_returns_synth_bundles" time="0.901" /><testcase classname="backend.tests.test_scorer_bundles_and_sdio.TestScorerBundles" name="test_non_eligible_pick_returns_eligible_false" time="0.134" /><testcase classname="backend.tests.test_scorer_bundles_and_sdio.TestScorerBundles" name="test_first_or_last_scorer_is_not_eligible" time="0.141" /><testcase classname="backend.tests.test_scorer_bundles_and_sdio.TestSportsDataIOEnrichment" name="test_juan_soto_mlb_enriched" time="0.130" /><testcase classname="backend.tests.test_scorer_bundles_and_sdio.TestSportsDataIOEnrichment" name="test_bryce_harper_mlb_team_phi" time="0.130" /><testcase classname="backend.tests.test_scorer_bundles_and_sdio.TestSportsDataIOEnrichment" name="test_mahomes_nfl_enriched" time="0.102" /><testcase classname="backend.tests.test_scorer_bundles_and_sdio.TestRefreshIdempotency" name="test_refresh_twice_does_not_decrease" time="4.314" /><testcase classname="backend.tests.test_scorer_bundles_and_sdio.TestResolverAliases" name="test_mbappe_alias" time="0.131" /><testcase classname="backend.tests.test_scorer_bundles_and_sdio.TestResolverAliases" name="test_vinicius_jr_alias" time="0.096" /></testsuite></testsuites>