<?xml version="1.0" encoding="utf-8"?><testsuites name="pytest tests"><testsuite name="pytest" errors="0" failures="0" skipped="0" tests="6" time="1.335" timestamp="2026-06-22T06:10:10.481449+00:00" hostname="agent-env-93a69330-f56d-4f3b-acb6-13d1c1667ce0"><testcase classname="tests.test_sim_phase_a.TestPickSimulationMLB" name="test_mlb_pick_returns_sim_schema" time="0.797" /><testcase classname="tests.test_sim_phase_a.TestPickSimulationNonMLB" name="test_non_mlb_returns_404" time="0.278" /><testcase classname="tests.test_sim_phase_a.TestSimBacktest" name="test_backtest_schema" time="0.149" /><testcase classname="tests.test_sim_phase_a.TestSimMath" name="test_elite_hitter_over_05_hits" time="0.010" /><testcase classname="tests.test_sim_phase_a.TestSimMath" name="test_non_mlb_returns_none" time="0.000" /><testcase classname="tests.test_sim_phase_a.TestSimMath" name="test_unroutable_market_returns_none" time="0.000" /></testsuite></testsuites>