<?xml version="1.0" encoding="utf-8"?><testsuites name="pytest tests"><testsuite name="pytest" errors="0" failures="0" skipped="0" tests="5" time="56.011" timestamp="2026-09-05T04:45:56.668811+00:00" hostname="agent-env-94a57b11-1651-4cbd-8cc5-d049697d5eae"><testcase classname="tests.test_slice3_live_perf_and_shape" name="test_health_fast" time="28.783" /><testcase classname="tests.test_slice3_live_perf_and_shape" name="test_picks_today_lite_p50_under_budget" time="21.252" /><testcase classname="tests.test_slice3_live_perf_and_shape" name="test_picks_today_lite_shape_preserved" time="4.744" /><testcase classname="tests.test_slice3_live_perf_and_shape" name="test_rollover_still_200_and_v4_sticky" time="0.194" /><testcase classname="tests.test_slice3_live_perf_and_shape" name="test_parlay_still_200" time="0.939" /></testsuite></testsuites>