<?xml version="1.0" encoding="utf-8"?><testsuites name="pytest tests"><testsuite name="pytest" errors="0" failures="0" skipped="0" tests="14" time="2.733" timestamp="2026-06-22T06:44:45.283209+00:00" hostname="agent-env-93a69330-f56d-4f3b-acb6-13d1c1667ce0"><testcase classname="backend.tests.test_soccer_scorer_sim.TestAtgsSchema" name="test_oyarzabal_schema" time="0.625" /><testcase classname="backend.tests.test_soccer_scorer_sim.TestAtgsSchema" name="test_messi_schema" time="0.104" /><testcase classname="backend.tests.test_soccer_scorer_sim.TestCalibration" name="test_oyarzabal_calibrated_to_model_wp" time="0.239" /><testcase classname="backend.tests.test_soccer_scorer_sim.TestCalibration" name="test_messi_calibrated_to_model_wp" time="0.257" /><testcase classname="backend.tests.test_soccer_scorer_sim.TestKeyInsightsParsing" name="test_kenan_yildiz_parses_xg_and_shots" time="0.100" /><testcase classname="backend.tests.test_soccer_scorer_sim.TestKeyInsightsParsing" name="test_nygren_parses_recent_goal_rate" time="0.104" /><testcase classname="backend.tests.test_soccer_scorer_sim.TestKeyInsightsParsing" name="test_uzun_parses_shots_and_recent" time="0.103" /><testcase classname="backend.tests.test_soccer_scorer_sim.TestAnomalousLowWp" name="test_low_wp_picks_signal_stronger[5f040638-935c-41e0-b6e3-91d78ce049ad]" time="0.207" /><testcase classname="backend.tests.test_soccer_scorer_sim.TestAnomalousLowWp" name="test_low_wp_picks_signal_stronger[30dd5324-4456-4c27-bb02-2923a014f82f]" time="0.200" /><testcase classname="backend.tests.test_soccer_scorer_sim.TestAnomalousLowWp" name="test_low_wp_picks_signal_stronger[dbdf61da-c257-4cb8-9ce6-cec7e6041e83]" time="0.212" /><testcase classname="backend.tests.test_soccer_scorer_sim.TestNonScorerSoccerRouting" name="test_total_goals_uses_team_poisson" time="0.117" /><testcase classname="backend.tests.test_soccer_scorer_sim.TestRegressionOtherSports" name="test_mlb_sim_works" time="0.108" /><testcase classname="backend.tests.test_soccer_scorer_sim.TestRegressionOtherSports" name="test_nba_sim_works" time="0.102" /><testcase classname="backend.tests.test_soccer_scorer_sim.TestRegressionOtherSports" name="test_tennis_sim_works" time="0.170" /></testsuite></testsuites>